{"PayloadData1":"Parent process: C:\\Windows\\System32\\wininit.exe","PayloadData2":"PID: 0x1B8","PayloadData3":"Mandatory label: SECURITY_MANDATORY_SYSTEM_RID","UserName":"-\\-","ExecutableInfo":"C:\\Windows\\System32\\services.exe ","MapDescription":"Process tracking","ChunkNumber":6,"Computer":"MSEDGEWIN10","Payload":"{\"EventData\":{\"Data\":[{\"@Name\":\"SubjectUserSid\",\"#text\":\"S-1-5-18\"},{\"@Name\":\"SubjectUserName\",\"#text\":\"-\"},{\"@Name\":\"SubjectDomainName\",\"#text\":\"-\"},{\"@Name\":\"SubjectLogonId\",\"#text\":\"0x3E7\"},{\"@Name\":\"NewProcessId\",\"#text\":\"0x240\"},{\"@Name\":\"NewProcessName\",\"#text\":\"C:\\\\Windows\\\\System32\\\\services.exe\"},{\"@Name\":\"TokenElevationType\",\"#text\":\"%%1936\"},{\"@Name\":\"ProcessId\",\"#text\":\"0x1B8\"},{\"@Name\":\"CommandLine\"},{\"@Name\":\"TargetUserSid\",\"#text\":\"S-1-0-0\"},{\"@Name\":\"TargetUserName\",\"#text\":\"-\"},{\"@Name\":\"TargetDomainName\",\"#text\":\"-\"},{\"@Name\":\"TargetLogonId\",\"#text\":\"0x0\"},{\"@Name\":\"ParentProcessName\",\"#text\":\"C:\\\\Windows\\\\System32\\\\wininit.exe\"},{\"@Name\":\"MandatoryLabel\",\"#text\":\"S-1-16-16384\"}]}}","Channel":"Security","Provider":"Microsoft-Windows-Security-Auditing","EventId":4688,"EventRecordId":"543","ProcessId":4,"ThreadId":32,"Level":"LogAlways","Keywords":"Audit success","SourceFile":"C:\\Users\\yiuwa\\Desktop\\ict2202 assignment 1\\sample\\C\\Windows\\System32\\winevt\\logs\\Security.evtx","ExtraDataOffset":0,"HiddenRecord":false,"TimeCreated":"2019-03-19T13:01:13.8669133+00:00","RecordNumber":543}
{"PayloadData1":"Parent process: C:\\Windows\\System32\\wininit.exe","PayloadData2":"PID: 0x1B8","PayloadData3":"Mandatory label: SECURITY_MANDATORY_SYSTEM_RID","UserName":"-\\-","ExecutableInfo":"C:\\Windows\\System32\\lsass.exe ","MapDescription":"Process tracking","ChunkNumber":6,"Computer":"MSEDGEWIN10","Payload":"{\"EventData\":{\"Data\":[{\"@Name\":\"SubjectUserSid\",\"#text\":\"S-1-5-18\"},{\"@Name\":\"SubjectUserName\",\"#text\":\"-\"},{\"@Name\":\"SubjectDomainName\",\"#text\":\"-\"},{\"@Name\":\"SubjectLogonId\",\"#text\":\"0x3E7\"},{\"@Name\":\"NewProcessId\",\"#text\":\"0x254\"},{\"@Name\":\"NewProcessName\",\"#text\":\"C:\\\\Windows\\\\System32\\\\lsass.exe\"},{\"@Name\":\"TokenElevationType\",\"#text\":\"%%1936\"},{\"@Name\":\"ProcessId\",\"#text\":\"0x1B8\"},{\"@Name\":\"CommandLine\"},{\"@Name\":\"TargetUserSid\",\"#text\":\"S-1-0-0\"},{\"@Name\":\"TargetUserName\",\"#text\":\"-\"},{\"@Name\":\"TargetDomainName\",\"#text\":\"-\"},{\"@Name\":\"TargetLogonId\",\"#text\":\"0x0\"},{\"@Name\":\"ParentProcessName\",\"#text\":\"C:\\\\Windows\\\\System32\\\\wininit.exe\"},{\"@Name\":\"MandatoryLabel\",\"#text\":\"S-1-16-16384\"}]}}","Channel":"Security","Provider":"Microsoft-Windows-Security-Auditing","EventId":4688,"EventRecordId":"544","ProcessId":4,"ThreadId":32,"Level":"LogAlways","Keywords":"Audit success","SourceFile":"C:\\Users\\yiuwa\\Desktop\\ict2202 assignment 1\\sample\\C\\Windows\\System32\\winevt\\logs\\Security.evtx","ExtraDataOffset":0,"HiddenRecord":false,"TimeCreated":"2019-03-19T13:01:13.8986969+00:00","RecordNumber":544}
{"PayloadData1":"Parent process: ","PayloadData2":"PID: 0x4","PayloadData3":"Mandatory label: SECURITY_MANDATORY_SYSTEM_RID","UserName":"-\\-","ExecutableInfo":"Registry ","MapDescription":"Process tracking","ChunkNumber":12,"Computer":"MSEDGEWIN10","Payload":"{\"EventData\":{\"Data\":[{\"@Name\":\"SubjectUserSid\",\"#text\":\"S-1-5-18\"},{\"@Name\":\"SubjectUserName\",\"#text\":\"-\"},{\"@Name\":\"SubjectDomainName\",\"#text\":\"-\"},{\"@Name\":\"SubjectLogonId\",\"#text\":\"0x3E7\"},{\"@Name\":\"NewProcessId\",\"#text\":\"0x58\"},{\"@Name\":\"NewProcessName\",\"#text\":\"Registry\"},{\"@Name\":\"TokenElevationType\",\"#text\":\"%%1936\"},{\"@Name\":\"ProcessId\",\"#text\":\"0x4\"},{\"@Name\":\"CommandLine\"},{\"@Name\":\"TargetUserSid\",\"#text\":\"S-1-0-0\"},{\"@Name\":\"TargetUserName\",\"#text\":\"-\"},{\"@Name\":\"TargetDomainName\",\"#text\":\"-\"},{\"@Name\":\"TargetLogonId\",\"#text\":\"0x0\"},{\"@Name\":\"ParentProcessName\"},{\"@Name\":\"MandatoryLabel\",\"#text\":\"S-1-16-16384\"}]}}","Channel":"Security","Provider":"Microsoft-Windows-Security-Auditing","EventId":4688,"EventRecordId":"996","ProcessId":4,"ThreadId":32,"Level":"LogAlways","Keywords":"Audit success","SourceFile":"C:\\Users\\yiuwa\\Desktop\\ict2202 assignment 1\\sample\\C\\Windows\\System32\\winevt\\logs\\Security.evtx","ExtraDataOffset":0,"HiddenRecord":false,"TimeCreated":"2019-03-19T13:06:56.0009189+00:00","RecordNumber":996}
{"PayloadData1":"Parent process: ","PayloadData2":"PID: 0x4","PayloadData3":"Mandatory label: SECURITY_MANDATORY_SYSTEM_RID","UserName":"-\\-","ExecutableInfo":"C:\\Windows\\System32\\smss.exe ","MapDescription":"Process tracking","ChunkNumber":12,"Computer":"MSEDGEWIN10","Payload":"{\"EventData\":{\"Data\":[{\"@Name\":\"SubjectUserSid\",\"#text\":\"S-1-5-18\"},{\"@Name\":\"SubjectUserName\",\"#text\":\"-\"},{\"@Name\":\"SubjectDomainName\",\"#text\":\"-\"},{\"@Name\":\"SubjectLogonId\",\"#text\":\"0x3E7\"},{\"@Name\":\"NewProcessId\",\"#text\":\"0x10C\"},{\"@Name\":\"NewProcessName\",\"#text\":\"C:\\\\Windows\\\\System32\\\\smss.exe\"},{\"@Name\":\"TokenElevationType\",\"#text\":\"%%1936\"},{\"@Name\":\"ProcessId\",\"#text\":\"0x4\"},{\"@Name\":\"CommandLine\"},{\"@Name\":\"TargetUserSid\",\"#text\":\"S-1-0-0\"},{\"@Name\":\"TargetUserName\",\"#text\":\"-\"},{\"@Name\":\"TargetDomainName\",\"#text\":\"-\"},{\"@Name\":\"TargetLogonId\",\"#text\":\"0x0\"},{\"@Name\":\"ParentProcessName\"},{\"@Name\":\"MandatoryLabel\",\"#text\":\"S-1-16-16384\"}]}}","Channel":"Security","Provider":"Microsoft-Windows-Security-Auditing","EventId":4688,"EventRecordId":"999","ProcessId":4,"ThreadId":32,"Level":"LogAlways","Keywords":"Audit success","SourceFile":"C:\\Users\\yiuwa\\Desktop\\ict2202 assignment 1\\sample\\C\\Windows\\System32\\winevt\\logs\\Security.evtx","ExtraDataOffset":0,"HiddenRecord":false,"TimeCreated":"2019-03-19T13:06:56.0034844+00:00","RecordNumber":999}
{"PayloadData1":"Parent process: C:\\Windows\\System32\\smss.exe","PayloadData2":"PID: 0x10C","PayloadData3":"Mandatory label: SECURITY_MANDATORY_SYSTEM_RID","UserName":"-\\-","ExecutableInfo":"C:\\Windows\\System32\\autochk.exe ","MapDescription":"Process tracking","ChunkNumber":12,"Computer":"MSEDGEWIN10","Payload":"{\"EventData\":{\"Data\":[{\"@Name\":\"SubjectUserSid\",\"#text\":\"S-1-5-18\"},{\"@Name\":\"SubjectUserName\",\"#text\":\"-\"},{\"@Name\":\"SubjectDomainName\",\"#text\":\"-\"},{\"@Name\":\"SubjectLogonId\",\"#text\":\"0x3E7\"},{\"@Name\":\"NewProcessId\",\"#text\":\"0x120\"},{\"@Name\":\"NewProcessName\",\"#text\":\"C:\\\\Windows\\\\System32\\\\autochk.exe\"},{\"@Name\":\"TokenElevationType\",\"#text\":\"%%1936\"},{\"@Name\":\"ProcessId\",\"#text\":\"0x10C\"},{\"@Name\":\"CommandLine\"},{\"@Name\":\"TargetUserSid\",\"#text\":\"S-1-0-0\"},{\"@Name\":\"TargetUserName\",\"#text\":\"-\"},{\"@Name\":\"TargetDomainName\",\"#text\":\"-\"},{\"@Name\":\"TargetLogonId\",\"#text\":\"0x0\"},{\"@Name\":\"ParentProcessName\",\"#text\":\"C:\\\\Windows\\\\System32\\\\smss.exe\"},{\"@Name\":\"MandatoryLabel\",\"#text\":\"S-1-16-16384\"}]}}","Channel":"Security","Provider":"Microsoft-Windows-Security-Auditing","EventId":4688,"EventRecordId":"1000","ProcessId":4,"ThreadId":244,"Level":"LogAlways","Keywords":"Audit success","SourceFile":"C:\\Users\\yiuwa\\Desktop\\ict2202 assignment 1\\sample\\C\\Windows\\System32\\winevt\\logs\\Security.evtx","ExtraDataOffset":0,"HiddenRecord":false,"TimeCreated":"2019-03-19T13:06:56.1996070+00:00","RecordNumber":1000}
{"PayloadData1":"Parent process: C:\\Windows\\System32\\smss.exe","PayloadData2":"PID: 0x10C","PayloadData3":"Mandatory label: SECURITY_MANDATORY_SYSTEM_RID","UserName":"-\\-","ExecutableInfo":"C:\\Windows\\System32\\smss.exe ","MapDescription":"Process tracking","ChunkNumber":12,"Computer":"MSEDGEWIN10","Payload":"{\"EventData\":{\"Data\":[{\"@Name\":\"SubjectUserSid\",\"#text\":\"S-1-5-18\"},{\"@Name\":\"SubjectUserName\",\"#text\":\"-\"},{\"@Name\":\"SubjectDomainName\",\"#text\":\"-\"},{\"@Name\":\"SubjectLogonId\",\"#text\":\"0x3E7\"},{\"@Name\":\"NewProcessId\",\"#text\":\"0x15C\"},{\"@Name\":\"NewProcessName\",\"#text\":\"C:\\\\Windows\\\\System32\\\\smss.exe\"},{\"@Name\":\"TokenElevationType\",\"#text\":\"%%1936\"},{\"@Name\":\"ProcessId\",\"#text\":\"0x10C\"},{\"@Name\":\"CommandLine\"},{\"@Name\":\"TargetUserSid\",\"#text\":\"S-1-0-0\"},{\"@Name\":\"TargetUserName\",\"#text\":\"-\"},{\"@Name\":\"TargetDomainName\",\"#text\":\"-\"},{\"@Name\":\"TargetLogonId\",\"#text\":\"0x0\"},{\"@Name\":\"ParentProcessName\",\"#text\":\"C:\\\\Windows\\\\System32\\\\smss.exe\"},{\"@Name\":\"MandatoryLabel\",\"#text\":\"S-1-16-16384\"}]}}","Channel":"Security","Provider":"Microsoft-Windows-Security-Auditing","EventId":4688,"EventRecordId":"1001","ProcessId":4,"ThreadId":96,"Level":"LogAlways","Keywords":"Audit success","SourceFile":"C:\\Users\\yiuwa\\Desktop\\ict2202 assignment 1\\sample\\C\\Windows\\System32\\winevt\\logs\\Security.evtx","ExtraDataOffset":0,"HiddenRecord":false,"TimeCreated":"2019-03-19T13:06:56.6895844+00:00","RecordNumber":1001}
{"PayloadData1":"Parent process: C:\\Windows\\System32\\smss.exe","PayloadData2":"PID: 0x15C","PayloadData3":"Mandatory label: SECURITY_MANDATORY_SYSTEM_RID","UserName":"-\\-","ExecutableInfo":"C:\\Windows\\System32\\csrss.exe ","MapDescription":"Process tracking","ChunkNumber":12,"Computer":"MSEDGEWIN10","Payload":"{\"EventData\":{\"Data\":[{\"@Name\":\"SubjectUserSid\",\"#text\":\"S-1-5-18\"},{\"@Name\":\"SubjectUserName\",\"#text\":\"-\"},{\"@Name\":\"SubjectDomainName\",\"#text\":\"-\"},{\"@Name\":\"SubjectLogonId\",\"#text\":\"0x3E7\"},{\"@Name\":\"NewProcessId\",\"#text\":\"0x164\"},{\"@Name\":\"NewProcessName\",\"#text\":\"C:\\\\Windows\\\\System32\\\\csrss.exe\"},{\"@Name\":\"TokenElevationType\",\"#text\":\"%%1936\"},{\"@Name\":\"ProcessId\",\"#text\":\"0x15C\"},{\"@Name\":\"CommandLine\"},{\"@Name\":\"TargetUserSid\",\"#text\":\"S-1-0-0\"},{\"@Name\":\"TargetUserName\",\"#text\":\"-\"},{\"@Name\":\"TargetDomainName\",\"#text\":\"-\"},{\"@Name\":\"TargetLogonId\",\"#text\":\"0x0\"},{\"@Name\":\"ParentProcessName\",\"#text\":\"C:\\\\Windows\\\\System32\\\\smss.exe\"},{\"@Name\":\"MandatoryLabel\",\"#text\":\"S-1-16-16384\"}]}}","Channel":"Security","Provider":"Microsoft-Windows-Security-Auditing","EventId":4688,"EventRecordId":"1002","ProcessId":4,"ThreadId":224,"Level":"LogAlways","Keywords":"Audit success","SourceFile":"C:\\Users\\yiuwa\\Desktop\\ict2202 assignment 1\\sample\\C\\Windows\\System32\\winevt\\logs\\Security.evtx","ExtraDataOffset":0,"HiddenRecord":false,"TimeCreated":"2019-03-19T13:06:56.7418269+00:00","RecordNumber":1002}
{"PayloadData1":"Parent process: C:\\Windows\\System32\\smss.exe","PayloadData2":"PID: 0x10C","PayloadData3":"Mandatory label: SECURITY_MANDATORY_SYSTEM_RID","UserName":"-\\-","ExecutableInfo":"C:\\Windows\\System32\\smss.exe ","MapDescription":"Process tracking","ChunkNumber":12,"Computer":"MSEDGEWIN10","Payload":"{\"EventData\":{\"Data\":[{\"@Name\":\"SubjectUserSid\",\"#text\":\"S-1-5-18\"},{\"@Name\":\"SubjectUserName\",\"#text\":\"-\"},{\"@Name\":\"SubjectDomainName\",\"#text\":\"-\"},{\"@Name\":\"SubjectLogonId\",\"#text\":\"0x3E7\"},{\"@Name\":\"NewProcessId\",\"#text\":\"0x1A4\"},{\"@Name\":\"NewProcessName\",\"#text\":\"C:\\\\Windows\\\\System32\\\\smss.exe\"},{\"@Name\":\"TokenElevationType\",\"#text\":\"%%1936\"},{\"@Name\":\"ProcessId\",\"#text\":\"0x10C\"},{\"@Name\":\"CommandLine\"},{\"@Name\":\"TargetUserSid\",\"#text\":\"S-1-0-0\"},{\"@Name\":\"TargetUserName\",\"#text\":\"-\"},{\"@Name\":\"TargetDomainName\",\"#text\":\"-\"},{\"@Name\":\"TargetLogonId\",\"#text\":\"0x0\"},{\"@Name\":\"ParentProcessName\",\"#text\":\"C:\\\\Windows\\\\System32\\\\smss.exe\"},{\"@Name\":\"MandatoryLabel\",\"#text\":\"S-1-16-16384\"}]}}","Channel":"Security","Provider":"Microsoft-Windows-Security-Auditing","EventId":4688,"EventRecordId":"1003","ProcessId":4,"ThreadId":160,"Level":"LogAlways","Keywords":"Audit success","SourceFile":"C:\\Users\\yiuwa\\Desktop\\ict2202 assignment 1\\sample\\C\\Windows\\System32\\winevt\\logs\\Security.evtx","ExtraDataOffset":0,"HiddenRecord":false,"TimeCreated":"2019-03-19T13:06:56.8127683+00:00","RecordNumber":1003}
{"PayloadData1":"Parent process: C:\\Windows\\System32\\smss.exe","PayloadData2":"PID: 0x15C","PayloadData3":"Mandatory label: SECURITY_MANDATORY_SYSTEM_RID","UserName":"-\\-","ExecutableInfo":"C:\\Windows\\System32\\wininit.exe ","MapDescription":"Process tracking","ChunkNumber":12,"Computer":"MSEDGEWIN10","Payload":"{\"EventData\":{\"Data\":[{\"@Name\":\"SubjectUserSid\",\"#text\":\"S-1-5-18\"},{\"@Name\":\"SubjectUserName\",\"#text\":\"-\"},{\"@Name\":\"SubjectDomainName\",\"#text\":\"-\"},{\"@Name\":\"SubjectLogonId\",\"#text\":\"0x3E7\"},{\"@Name\":\"NewProcessId\",\"#text\":\"0x1AC\"},{\"@Name\":\"NewProcessName\",\"#text\":\"C:\\\\Windows\\\\System32\\\\wininit.exe\"},{\"@Name\":\"TokenElevationType\",\"#text\":\"%%1936\"},{\"@Name\":\"ProcessId\",\"#text\":\"0x15C\"},{\"@Name\":\"CommandLine\"},{\"@Name\":\"TargetUserSid\",\"#text\":\"S-1-0-0\"},{\"@Name\":\"TargetUserName\",\"#text\":\"-\"},{\"@Name\":\"TargetDomainName\",\"#text\":\"-\"},{\"@Name\":\"TargetLogonId\",\"#text\":\"0x0\"},{\"@Name\":\"ParentProcessName\",\"#text\":\"C:\\\\Windows\\\\System32\\\\smss.exe\"},{\"@Name\":\"MandatoryLabel\",\"#text\":\"S-1-16-16384\"}]}}","Channel":"Security","Provider":"Microsoft-Windows-Security-Auditing","EventId":4688,"EventRecordId":"1004","ProcessId":4,"ThreadId":160,"Level":"LogAlways","Keywords":"Audit success","SourceFile":"C:\\Users\\yiuwa\\Desktop\\ict2202 assignment 1\\sample\\C\\Windows\\System32\\winevt\\logs\\Security.evtx","ExtraDataOffset":0,"HiddenRecord":false,"TimeCreated":"2019-03-19T13:06:56.8143839+00:00","RecordNumber":1004}
{"PayloadData1":"Parent process: C:\\Windows\\System32\\smss.exe","PayloadData2":"PID: 0x1A4","PayloadData3":"Mandatory label: SECURITY_MANDATORY_SYSTEM_RID","UserName":"-\\-","ExecutableInfo":"C:\\Windows\\System32\\csrss.exe ","MapDescription":"Process tracking","ChunkNumber":12,"Computer":"MSEDGEWIN10","Payload":"{\"EventData\":{\"Data\":[{\"@Name\":\"SubjectUserSid\",\"#text\":\"S-1-5-18\"},{\"@Name\":\"SubjectUserName\",\"#text\":\"-\"},{\"@Name\":\"SubjectDomainName\",\"#text\":\"-\"},{\"@Name\":\"SubjectLogonId\",\"#text\":\"0x3E7\"},{\"@Name\":\"NewProcessId\",\"#text\":\"0x1BC\"},{\"@Name\":\"NewProcessName\",\"#text\":\"C:\\\\Windows\\\\System32\\\\csrss.exe\"},{\"@Name\":\"TokenElevationType\",\"#text\":\"%%1936\"},{\"@Name\":\"ProcessId\",\"#text\":\"0x1A4\"},{\"@Name\":\"CommandLine\"},{\"@Name\":\"TargetUserSid\",\"#text\":\"S-1-0-0\"},{\"@Name\":\"TargetUserName\",\"#text\":\"-\"},{\"@Name\":\"TargetDomainName\",\"#text\":\"-\"},{\"@Name\":\"TargetLogonId\",\"#text\":\"0x0\"},{\"@Name\":\"ParentProcessName\",\"#text\":\"C:\\\\Windows\\\\System32\\\\smss.exe\"},{\"@Name\":\"MandatoryLabel\",\"#text\":\"S-1-16-16384\"}]}}","Channel":"Security","Provider":"Microsoft-Windows-Security-Auditing","EventId":4688,"EventRecordId":"1005","ProcessId":4,"ThreadId":160,"Level":"LogAlways","Keywords":"Audit success","SourceFile":"C:\\Users\\yiuwa\\Desktop\\ict2202 assignment 1\\sample\\C\\Windows\\System32\\winevt\\logs\\Security.evtx","ExtraDataOffset":0,"HiddenRecord":false,"TimeCreated":"2019-03-19T13:06:56.8226246+00:00","RecordNumber":1005}
{"PayloadData1":"Parent process: C:\\Windows\\System32\\smss.exe","PayloadData2":"PID: 0x1A4","PayloadData3":"Mandatory label: SECURITY_MANDATORY_SYSTEM_RID","UserName":"-\\-","ExecutableInfo":"C:\\Windows\\System32\\winlogon.exe ","MapDescription":"Process tracking","ChunkNumber":12,"Computer":"MSEDGEWIN10","Payload":"{\"EventData\":{\"Data\":[{\"@Name\":\"SubjectUserSid\",\"#text\":\"S-1-5-18\"},{\"@Name\":\"SubjectUserName\",\"#text\":\"-\"},{\"@Name\":\"SubjectDomainName\",\"#text\":\"-\"},{\"@Name\":\"SubjectLogonId\",\"#text\":\"0x3E7\"},{\"@Name\":\"NewProcessId\",\"#text\":\"0x1F0\"},{\"@Name\":\"NewProcessName\",\"#text\":\"C:\\\\Windows\\\\System32\\\\winlogon.exe\"},{\"@Name\":\"TokenElevationType\",\"#text\":\"%%1936\"},{\"@Name\":\"ProcessId\",\"#text\":\"0x1A4\"},{\"@Name\":\"CommandLine\"},{\"@Name\":\"TargetUserSid\",\"#text\":\"S-1-0-0\"},{\"@Name\":\"TargetUserName\",\"#text\":\"-\"},{\"@Name\":\"TargetDomainName\",\"#text\":\"-\"},{\"@Name\":\"TargetLogonId\",\"#text\":\"0x0\"},{\"@Name\":\"ParentProcessName\",\"#text\":\"C:\\\\Windows\\\\System32\\\\smss.exe\"},{\"@Name\":\"MandatoryLabel\",\"#text\":\"S-1-16-16384\"}]}}","Channel":"Security","Provider":"Microsoft-Windows-Security-Auditing","EventId":4688,"EventRecordId":"1006","ProcessId":4,"ThreadId":160,"Level":"LogAlways","Keywords":"Audit success","SourceFile":"C:\\Users\\yiuwa\\Desktop\\ict2202 assignment 1\\sample\\C\\Windows\\System32\\winevt\\logs\\Security.evtx","ExtraDataOffset":0,"HiddenRecord":false,"TimeCreated":"2019-03-19T13:06:56.8489706+00:00","RecordNumber":1006}
{"PayloadData1":"Parent process: C:\\Windows\\System32\\wininit.exe","PayloadData2":"PID: 0x1AC","PayloadData3":"Mandatory label: SECURITY_MANDATORY_SYSTEM_RID","UserName":"-\\-","ExecutableInfo":"C:\\Windows\\System32\\services.exe ","MapDescription":"Process tracking","ChunkNumber":12,"Computer":"MSEDGEWIN10","Payload":"{\"EventData\":{\"Data\":[{\"@Name\":\"SubjectUserSid\",\"#text\":\"S-1-5-18\"},{\"@Name\":\"SubjectUserName\",\"#text\":\"-\"},{\"@Name\":\"SubjectDomainName\",\"#text\":\"-\"},{\"@Name\":\"SubjectLogonId\",\"#text\":\"0x3E7\"},{\"@Name\":\"NewProcessId\",\"#text\":\"0x234\"},{\"@Name\":\"NewProcessName\",\"#text\":\"C:\\\\Windows\\\\System32\\\\services.exe\"},{\"@Name\":\"TokenElevationType\",\"#text\":\"%%1936\"},{\"@Name\":\"ProcessId\",\"#text\":\"0x1AC\"},{\"@Name\":\"CommandLine\"},{\"@Name\":\"TargetUserSid\",\"#text\":\"S-1-0-0\"},{\"@Name\":\"TargetUserName\",\"#text\":\"-\"},{\"@Name\":\"TargetDomainName\",\"#text\":\"-\"},{\"@Name\":\"TargetLogonId\",\"#text\":\"0x0\"},{\"@Name\":\"ParentProcessName\",\"#text\":\"C:\\\\Windows\\\\System32\\\\wininit.exe\"},{\"@Name\":\"MandatoryLabel\",\"#text\":\"S-1-16-16384\"}]}}","Channel":"Security","Provider":"Microsoft-Windows-Security-Auditing","EventId":4688,"EventRecordId":"1007","ProcessId":4,"ThreadId":160,"Level":"LogAlways","Keywords":"Audit success","SourceFile":"C:\\Users\\yiuwa\\Desktop\\ict2202 assignment 1\\sample\\C\\Windows\\System32\\winevt\\logs\\Security.evtx","ExtraDataOffset":0,"HiddenRecord":false,"TimeCreated":"2019-03-19T13:06:56.8942373+00:00","RecordNumber":1007}
{"PayloadData1":"Parent process: C:\\Windows\\System32\\wininit.exe","PayloadData2":"PID: 0x1AC","PayloadData3":"Mandatory label: SECURITY_MANDATORY_SYSTEM_RID","UserName":"-\\-","ExecutableInfo":"C:\\Windows\\System32\\lsass.exe ","MapDescription":"Process tracking","ChunkNumber":12,"Computer":"MSEDGEWIN10","Payload":"{\"EventData\":{\"Data\":[{\"@Name\":\"SubjectUserSid\",\"#text\":\"S-1-5-18\"},{\"@Name\":\"SubjectUserName\",\"#text\":\"-\"},{\"@Name\":\"SubjectDomainName\",\"#text\":\"-\"},{\"@Name\":\"SubjectLogonId\",\"#text\":\"0x3E7\"},{\"@Name\":\"NewProcessId\",\"#text\":\"0x240\"},{\"@Name\":\"NewProcessName\",\"#text\":\"C:\\\\Windows\\\\System32\\\\lsass.exe\"},{\"@Name\":\"TokenElevationType\",\"#text\":\"%%1936\"},{\"@Name\":\"ProcessId\",\"#text\":\"0x1AC\"},{\"@Name\":\"CommandLine\"},{\"@Name\":\"TargetUserSid\",\"#text\":\"S-1-0-0\"},{\"@Name\":\"TargetUserName\",\"#text\":\"-\"},{\"@Name\":\"TargetDomainName\",\"#text\":\"-\"},{\"@Name\":\"TargetLogonId\",\"#text\":\"0x0\"},{\"@Name\":\"ParentProcessName\",\"#text\":\"C:\\\\Windows\\\\System32\\\\wininit.exe\"},{\"@Name\":\"MandatoryLabel\",\"#text\":\"S-1-16-16384\"}]}}","Channel":"Security","Provider":"Microsoft-Windows-Security-Auditing","EventId":4688,"EventRecordId":"1008","ProcessId":4,"ThreadId":160,"Level":"LogAlways","Keywords":"Audit success","SourceFile":"C:\\Users\\yiuwa\\Desktop\\ict2202 assignment 1\\sample\\C\\Windows\\System32\\winevt\\logs\\Security.evtx","ExtraDataOffset":0,"HiddenRecord":false,"TimeCreated":"2019-03-19T13:06:56.9115771+00:00","RecordNumber":1008}
{"PayloadData1":"Parent process: ","PayloadData2":"PID: 0x4","PayloadData3":"Mandatory label: SECURITY_MANDATORY_SYSTEM_RID","UserName":"-\\-","ExecutableInfo":"Registry ","MapDescription":"Process tracking","ChunkNumber":14,"Computer":"MSEDGEWIN10","Payload":"{\"EventData\":{\"Data\":[{\"@Name\":\"SubjectUserSid\",\"#text\":\"S-1-5-18\"},{\"@Name\":\"SubjectUserName\",\"#text\":\"-\"},{\"@Name\":\"SubjectDomainName\",\"#text\":\"-\"},{\"@Name\":\"SubjectLogonId\",\"#text\":\"0x3E7\"},{\"@Name\":\"NewProcessId\",\"#text\":\"0x58\"},{\"@Name\":\"NewProcessName\",\"#text\":\"Registry\"},{\"@Name\":\"TokenElevationType\",\"#text\":\"%%1936\"},{\"@Name\":\"ProcessId\",\"#text\":\"0x4\"},{\"@Name\":\"CommandLine\"},{\"@Name\":\"TargetUserSid\",\"#text\":\"S-1-0-0\"},{\"@Name\":\"TargetUserName\",\"#text\":\"-\"},{\"@Name\":\"TargetDomainName\",\"#text\":\"-\"},{\"@Name\":\"TargetLogonId\",\"#text\":\"0x0\"},{\"@Name\":\"ParentProcessName\"},{\"@Name\":\"MandatoryLabel\",\"#text\":\"S-1-16-16384\"}]}}","Channel":"Security","Provider":"Microsoft-Windows-Security-Auditing","EventId":4688,"EventRecordId":"1161","ProcessId":4,"ThreadId":32,"Level":"LogAlways","Keywords":"Audit success","SourceFile":"C:\\Users\\yiuwa\\Desktop\\ict2202 assignment 1\\sample\\C\\Windows\\System32\\winevt\\logs\\Security.evtx","ExtraDataOffset":0,"HiddenRecord":false,"TimeCreated":"2019-03-19T13:09:30.1069807+00:00","RecordNumber":1161}
{"PayloadData1":"Parent process: ","PayloadData2":"PID: 0x4","PayloadData3":"Mandatory label: SECURITY_MANDATORY_SYSTEM_RID","UserName":"-\\-","ExecutableInfo":"C:\\Windows\\System32\\smss.exe ","MapDescription":"Process tracking","ChunkNumber":14,"Computer":"MSEDGEWIN10","Payload":"{\"EventData\":{\"Data\":[{\"@Name\":\"SubjectUserSid\",\"#text\":\"S-1-5-18\"},{\"@Name\":\"SubjectUserName\",\"#text\":\"-\"},{\"@Name\":\"SubjectDomainName\",\"#text\":\"-\"},{\"@Name\":\"SubjectLogonId\",\"#text\":\"0x3E7\"},{\"@Name\":\"NewProcessId\",\"#text\":\"0x10C\"},{\"@Name\":\"NewProcessName\",\"#text\":\"C:\\\\Windows\\\\System32\\\\smss.exe\"},{\"@Name\":\"TokenElevationType\",\"#text\":\"%%1936\"},{\"@Name\":\"ProcessId\",\"#text\":\"0x4\"},{\"@Name\":\"CommandLine\"},{\"@Name\":\"TargetUserSid\",\"#text\":\"S-1-0-0\"},{\"@Name\":\"TargetUserName\",\"#text\":\"-\"},{\"@Name\":\"TargetDomainName\",\"#text\":\"-\"},{\"@Name\":\"TargetLogonId\",\"#text\":\"0x0\"},{\"@Name\":\"ParentProcessName\"},{\"@Name\":\"MandatoryLabel\",\"#text\":\"S-1-16-16384\"}]}}","Channel":"Security","Provider":"Microsoft-Windows-Security-Auditing","EventId":4688,"EventRecordId":"1164","ProcessId":4,"ThreadId":224,"Level":"LogAlways","Keywords":"Audit success","SourceFile":"C:\\Users\\yiuwa\\Desktop\\ict2202 assignment 1\\sample\\C\\Windows\\System32\\winevt\\logs\\Security.evtx","ExtraDataOffset":0,"HiddenRecord":false,"TimeCreated":"2019-03-19T13:09:30.1105204+00:00","RecordNumber":1164}
{"PayloadData1":"Parent process: C:\\Windows\\System32\\smss.exe","PayloadData2":"PID: 0x10C","PayloadData3":"Mandatory label: SECURITY_MANDATORY_SYSTEM_RID","UserName":"-\\-","ExecutableInfo":"C:\\Windows\\System32\\autochk.exe ","MapDescription":"Process tracking","ChunkNumber":14,"Computer":"MSEDGEWIN10","Payload":"{\"EventData\":{\"Data\":[{\"@Name\":\"SubjectUserSid\",\"#text\":\"S-1-5-18\"},{\"@Name\":\"SubjectUserName\",\"#text\":\"-\"},{\"@Name\":\"SubjectDomainName\",\"#text\":\"-\"},{\"@Name\":\"SubjectLogonId\",\"#text\":\"0x3E7\"},{\"@Name\":\"NewProcessId\",\"#text\":\"0x124\"},{\"@Name\":\"NewProcessName\",\"#text\":\"C:\\\\Windows\\\\System32\\\\autochk.exe\"},{\"@Name\":\"TokenElevationType\",\"#text\":\"%%1936\"},{\"@Name\":\"ProcessId\",\"#text\":\"0x10C\"},{\"@Name\":\"CommandLine\"},{\"@Name\":\"TargetUserSid\",\"#text\":\"S-1-0-0\"},{\"@Name\":\"TargetUserName\",\"#text\":\"-\"},{\"@Name\":\"TargetDomainName\",\"#text\":\"-\"},{\"@Name\":\"TargetLogonId\",\"#text\":\"0x0\"},{\"@Name\":\"ParentProcessName\",\"#text\":\"C:\\\\Windows\\\\System32\\\\smss.exe\"},{\"@Name\":\"MandatoryLabel\",\"#text\":\"S-1-16-16384\"}]}}","Channel":"Security","Provider":"Microsoft-Windows-Security-Auditing","EventId":4688,"EventRecordId":"1165","ProcessId":4,"ThreadId":160,"Level":"LogAlways","Keywords":"Audit success","SourceFile":"C:\\Users\\yiuwa\\Desktop\\ict2202 assignment 1\\sample\\C\\Windows\\System32\\winevt\\logs\\Security.evtx","ExtraDataOffset":0,"HiddenRecord":false,"TimeCreated":"2019-03-19T13:09:30.3197130+00:00","RecordNumber":1165}
{"PayloadData1":"Parent process: C:\\Windows\\System32\\smss.exe","PayloadData2":"PID: 0x10C","PayloadData3":"Mandatory label: SECURITY_MANDATORY_SYSTEM_RID","UserName":"-\\-","ExecutableInfo":"C:\\Windows\\System32\\smss.exe ","MapDescription":"Process tracking","ChunkNumber":14,"Computer":"MSEDGEWIN10","Payload":"{\"EventData\":{\"Data\":[{\"@Name\":\"SubjectUserSid\",\"#text\":\"S-1-5-18\"},{\"@Name\":\"SubjectUserName\",\"#text\":\"-\"},{\"@Name\":\"SubjectDomainName\",\"#text\":\"-\"},{\"@Name\":\"SubjectLogonId\",\"#text\":\"0x3E7\"},{\"@Name\":\"NewProcessId\",\"#text\":\"0x15C\"},{\"@Name\":\"NewProcessName\",\"#text\":\"C:\\\\Windows\\\\System32\\\\smss.exe\"},{\"@Name\":\"TokenElevationType\",\"#text\":\"%%1936\"},{\"@Name\":\"ProcessId\",\"#text\":\"0x10C\"},{\"@Name\":\"CommandLine\"},{\"@Name\":\"TargetUserSid\",\"#text\":\"S-1-0-0\"},{\"@Name\":\"TargetUserName\",\"#text\":\"-\"},{\"@Name\":\"TargetDomainName\",\"#text\":\"-\"},{\"@Name\":\"TargetLogonId\",\"#text\":\"0x0\"},{\"@Name\":\"ParentProcessName\",\"#text\":\"C:\\\\Windows\\\\System32\\\\smss.exe\"},{\"@Name\":\"MandatoryLabel\",\"#text\":\"S-1-16-16384\"}]}}","Channel":"Security","Provider":"Microsoft-Windows-Security-Auditing","EventId":4688,"EventRecordId":"1166","ProcessId":4,"ThreadId":96,"Level":"LogAlways","Keywords":"Audit success","SourceFile":"C:\\Users\\yiuwa\\Desktop\\ict2202 assignment 1\\sample\\C\\Windows\\System32\\winevt\\logs\\Security.evtx","ExtraDataOffset":0,"HiddenRecord":false,"TimeCreated":"2019-03-19T13:09:30.8108949+00:00","RecordNumber":1166}
{"PayloadData1":"Parent process: C:\\Windows\\System32\\smss.exe","PayloadData2":"PID: 0x15C","PayloadData3":"Mandatory label: SECURITY_MANDATORY_SYSTEM_RID","UserName":"-\\-","ExecutableInfo":"C:\\Windows\\System32\\csrss.exe ","MapDescription":"Process tracking","ChunkNumber":14,"Computer":"MSEDGEWIN10","Payload":"{\"EventData\":{\"Data\":[{\"@Name\":\"SubjectUserSid\",\"#text\":\"S-1-5-18\"},{\"@Name\":\"SubjectUserName\",\"#text\":\"-\"},{\"@Name\":\"SubjectDomainName\",\"#text\":\"-\"},{\"@Name\":\"SubjectLogonId\",\"#text\":\"0x3E7\"},{\"@Name\":\"NewProcessId\",\"#text\":\"0x164\"},{\"@Name\":\"NewProcessName\",\"#text\":\"C:\\\\Windows\\\\System32\\\\csrss.exe\"},{\"@Name\":\"TokenElevationType\",\"#text\":\"%%1936\"},{\"@Name\":\"ProcessId\",\"#text\":\"0x15C\"},{\"@Name\":\"CommandLine\"},{\"@Name\":\"TargetUserSid\",\"#text\":\"S-1-0-0\"},{\"@Name\":\"TargetUserName\",\"#text\":\"-\"},{\"@Name\":\"TargetDomainName\",\"#text\":\"-\"},{\"@Name\":\"TargetLogonId\",\"#text\":\"0x0\"},{\"@Name\":\"ParentProcessName\",\"#text\":\"C:\\\\Windows\\\\System32\\\\smss.exe\"},{\"@Name\":\"MandatoryLabel\",\"#text\":\"S-1-16-16384\"}]}}","Channel":"Security","Provider":"Microsoft-Windows-Security-Auditing","EventId":4688,"EventRecordId":"1167","ProcessId":4,"ThreadId":224,"Level":"LogAlways","Keywords":"Audit success","SourceFile":"C:\\Users\\yiuwa\\Desktop\\ict2202 assignment 1\\sample\\C\\Windows\\System32\\winevt\\logs\\Security.evtx","ExtraDataOffset":0,"HiddenRecord":false,"TimeCreated":"2019-03-19T13:09:30.8682759+00:00","RecordNumber":1167}
{"PayloadData1":"Parent process: C:\\Windows\\System32\\smss.exe","PayloadData2":"PID: 0x10C","PayloadData3":"Mandatory label: SECURITY_MANDATORY_SYSTEM_RID","UserName":"-\\-","ExecutableInfo":"C:\\Windows\\System32\\smss.exe ","MapDescription":"Process tracking","ChunkNumber":14,"Computer":"MSEDGEWIN10","Payload":"{\"EventData\":{\"Data\":[{\"@Name\":\"SubjectUserSid\",\"#text\":\"S-1-5-18\"},{\"@Name\":\"SubjectUserName\",\"#text\":\"-\"},{\"@Name\":\"SubjectDomainName\",\"#text\":\"-\"},{\"@Name\":\"SubjectLogonId\",\"#text\":\"0x3E7\"},{\"@Name\":\"NewProcessId\",\"#text\":\"0x1A4\"},{\"@Name\":\"NewProcessName\",\"#text\":\"C:\\\\Windows\\\\System32\\\\smss.exe\"},{\"@Name\":\"TokenElevationType\",\"#text\":\"%%1936\"},{\"@Name\":\"ProcessId\",\"#text\":\"0x10C\"},{\"@Name\":\"CommandLine\"},{\"@Name\":\"TargetUserSid\",\"#text\":\"S-1-0-0\"},{\"@Name\":\"TargetUserName\",\"#text\":\"-\"},{\"@Name\":\"TargetDomainName\",\"#text\":\"-\"},{\"@Name\":\"TargetLogonId\",\"#text\":\"0x0\"},{\"@Name\":\"ParentProcessName\",\"#text\":\"C:\\\\Windows\\\\System32\\\\smss.exe\"},{\"@Name\":\"MandatoryLabel\",\"#text\":\"S-1-16-16384\"}]}}","Channel":"Security","Provider":"Microsoft-Windows-Security-Auditing","EventId":4688,"EventRecordId":"1168","ProcessId":4,"ThreadId":224,"Level":"LogAlways","Keywords":"Audit success","SourceFile":"C:\\Users\\yiuwa\\Desktop\\ict2202 assignment 1\\sample\\C\\Windows\\System32\\winevt\\logs\\Security.evtx","ExtraDataOffset":0,"HiddenRecord":false,"TimeCreated":"2019-03-19T13:09:30.9389696+00:00","RecordNumber":1168}
{"PayloadData1":"Parent process: C:\\Windows\\System32\\smss.exe","PayloadData2":"PID: 0x15C","PayloadData3":"Mandatory label: SECURITY_MANDATORY_SYSTEM_RID","UserName":"-\\-","ExecutableInfo":"C:\\Windows\\System32\\wininit.exe ","MapDescription":"Process tracking","ChunkNumber":14,"Computer":"MSEDGEWIN10","Payload":"{\"EventData\":{\"Data\":[{\"@Name\":\"SubjectUserSid\",\"#text\":\"S-1-5-18\"},{\"@Name\":\"SubjectUserName\",\"#text\":\"-\"},{\"@Name\":\"SubjectDomainName\",\"#text\":\"-\"},{\"@Name\":\"SubjectLogonId\",\"#text\":\"0x3E7\"},{\"@Name\":\"NewProcessId\",\"#text\":\"0x1AC\"},{\"@Name\":\"NewProcessName\",\"#text\":\"C:\\\\Windows\\\\System32\\\\wininit.exe\"},{\"@Name\":\"TokenElevationType\",\"#text\":\"%%1936\"},{\"@Name\":\"ProcessId\",\"#text\":\"0x15C\"},{\"@Name\":\"CommandLine\"},{\"@Name\":\"TargetUserSid\",\"#text\":\"S-1-0-0\"},{\"@Name\":\"TargetUserName\",\"#text\":\"-\"},{\"@Name\":\"TargetDomainName\",\"#text\":\"-\"},{\"@Name\":\"TargetLogonId\",\"#text\":\"0x0\"},{\"@Name\":\"ParentProcessName\",\"#text\":\"C:\\\\Windows\\\\System32\\\\smss.exe\"},{\"@Name\":\"MandatoryLabel\",\"#text\":\"S-1-16-16384\"}]}}","Channel":"Security","Provider":"Microsoft-Windows-Security-Auditing","EventId":4688,"EventRecordId":"1169","ProcessId":4,"ThreadId":224,"Level":"LogAlways","Keywords":"Audit success","SourceFile":"C:\\Users\\yiuwa\\Desktop\\ict2202 assignment 1\\sample\\C\\Windows\\System32\\winevt\\logs\\Security.evtx","ExtraDataOffset":0,"HiddenRecord":false,"TimeCreated":"2019-03-19T13:09:30.9404339+00:00","RecordNumber":1169}
{"PayloadData1":"Parent process: C:\\Windows\\System32\\smss.exe","PayloadData2":"PID: 0x1A4","PayloadData3":"Mandatory label: SECURITY_MANDATORY_SYSTEM_RID","UserName":"-\\-","ExecutableInfo":"C:\\Windows\\System32\\csrss.exe ","MapDescription":"Process tracking","ChunkNumber":14,"Computer":"MSEDGEWIN10","Payload":"{\"EventData\":{\"Data\":[{\"@Name\":\"SubjectUserSid\",\"#text\":\"S-1-5-18\"},{\"@Name\":\"SubjectUserName\",\"#text\":\"-\"},{\"@Name\":\"SubjectDomainName\",\"#text\":\"-\"},{\"@Name\":\"SubjectLogonId\",\"#text\":\"0x3E7\"},{\"@Name\":\"NewProcessId\",\"#text\":\"0x1B4\"},{\"@Name\":\"NewProcessName\",\"#text\":\"C:\\\\Windows\\\\System32\\\\csrss.exe\"},{\"@Name\":\"TokenElevationType\",\"#text\":\"%%1936\"},{\"@Name\":\"ProcessId\",\"#text\":\"0x1A4\"},{\"@Name\":\"CommandLine\"},{\"@Name\":\"TargetUserSid\",\"#text\":\"S-1-0-0\"},{\"@Name\":\"TargetUserName\",\"#text\":\"-\"},{\"@Name\":\"TargetDomainName\",\"#text\":\"-\"},{\"@Name\":\"TargetLogonId\",\"#text\":\"0x0\"},{\"@Name\":\"ParentProcessName\",\"#text\":\"C:\\\\Windows\\\\System32\\\\smss.exe\"},{\"@Name\":\"MandatoryLabel\",\"#text\":\"S-1-16-16384\"}]}}","Channel":"Security","Provider":"Microsoft-Windows-Security-Auditing","EventId":4688,"EventRecordId":"1170","ProcessId":4,"ThreadId":224,"Level":"LogAlways","Keywords":"Audit success","SourceFile":"C:\\Users\\yiuwa\\Desktop\\ict2202 assignment 1\\sample\\C\\Windows\\System32\\winevt\\logs\\Security.evtx","ExtraDataOffset":0,"HiddenRecord":false,"TimeCreated":"2019-03-19T13:09:30.9486594+00:00","RecordNumber":1170}
{"PayloadData1":"Parent process: C:\\Windows\\System32\\smss.exe","PayloadData2":"PID: 0x1A4","PayloadData3":"Mandatory label: SECURITY_MANDATORY_SYSTEM_RID","UserName":"-\\-","ExecutableInfo":"C:\\Windows\\System32\\winlogon.exe ","MapDescription":"Process tracking","ChunkNumber":14,"Computer":"MSEDGEWIN10","Payload":"{\"EventData\":{\"Data\":[{\"@Name\":\"SubjectUserSid\",\"#text\":\"S-1-5-18\"},{\"@Name\":\"SubjectUserName\",\"#text\":\"-\"},{\"@Name\":\"SubjectDomainName\",\"#text\":\"-\"},{\"@Name\":\"SubjectLogonId\",\"#text\":\"0x3E7\"},{\"@Name\":\"NewProcessId\",\"#text\":\"0x200\"},{\"@Name\":\"NewProcessName\",\"#text\":\"C:\\\\Windows\\\\System32\\\\winlogon.exe\"},{\"@Name\":\"TokenElevationType\",\"#text\":\"%%1936\"},{\"@Name\":\"ProcessId\",\"#text\":\"0x1A4\"},{\"@Name\":\"CommandLine\"},{\"@Name\":\"TargetUserSid\",\"#text\":\"S-1-0-0\"},{\"@Name\":\"TargetUserName\",\"#text\":\"-\"},{\"@Name\":\"TargetDomainName\",\"#text\":\"-\"},{\"@Name\":\"TargetLogonId\",\"#text\":\"0x0\"},{\"@Name\":\"ParentProcessName\",\"#text\":\"C:\\\\Windows\\\\System32\\\\smss.exe\"},{\"@Name\":\"MandatoryLabel\",\"#text\":\"S-1-16-16384\"}]}}","Channel":"Security","Provider":"Microsoft-Windows-Security-Auditing","EventId":4688,"EventRecordId":"1171","ProcessId":4,"ThreadId":224,"Level":"LogAlways","Keywords":"Audit success","SourceFile":"C:\\Users\\yiuwa\\Desktop\\ict2202 assignment 1\\sample\\C\\Windows\\System32\\winevt\\logs\\Security.evtx","ExtraDataOffset":0,"HiddenRecord":false,"TimeCreated":"2019-03-19T13:09:30.9773575+00:00","RecordNumber":1171}
{"PayloadData1":"Parent process: C:\\Windows\\System32\\wininit.exe","PayloadData2":"PID: 0x1AC","PayloadData3":"Mandatory label: SECURITY_MANDATORY_SYSTEM_RID","UserName":"-\\-","ExecutableInfo":"C:\\Windows\\System32\\services.exe ","MapDescription":"Process tracking","ChunkNumber":14,"Computer":"MSEDGEWIN10","Payload":"{\"EventData\":{\"Data\":[{\"@Name\":\"SubjectUserSid\",\"#text\":\"S-1-5-18\"},{\"@Name\":\"SubjectUserName\",\"#text\":\"-\"},{\"@Name\":\"SubjectDomainName\",\"#text\":\"-\"},{\"@Name\":\"SubjectLogonId\",\"#text\":\"0x3E7\"},{\"@Name\":\"NewProcessId\",\"#text\":\"0x234\"},{\"@Name\":\"NewProcessName\",\"#text\":\"C:\\\\Windows\\\\System32\\\\services.exe\"},{\"@Name\":\"TokenElevationType\",\"#text\":\"%%1936\"},{\"@Name\":\"ProcessId\",\"#text\":\"0x1AC\"},{\"@Name\":\"CommandLine\"},{\"@Name\":\"TargetUserSid\",\"#text\":\"S-1-0-0\"},{\"@Name\":\"TargetUserName\",\"#text\":\"-\"},{\"@Name\":\"TargetDomainName\",\"#text\":\"-\"},{\"@Name\":\"TargetLogonId\",\"#text\":\"0x0\"},{\"@Name\":\"ParentProcessName\",\"#text\":\"C:\\\\Windows\\\\System32\\\\wininit.exe\"},{\"@Name\":\"MandatoryLabel\",\"#text\":\"S-1-16-16384\"}]}}","Channel":"Security","Provider":"Microsoft-Windows-Security-Auditing","EventId":4688,"EventRecordId":"1172","ProcessId":4,"ThreadId":224,"Level":"LogAlways","Keywords":"Audit success","SourceFile":"C:\\Users\\yiuwa\\Desktop\\ict2202 assignment 1\\sample\\C\\Windows\\System32\\winevt\\logs\\Security.evtx","ExtraDataOffset":0,"HiddenRecord":false,"TimeCreated":"2019-03-19T13:09:31.0359361+00:00","RecordNumber":1172}
{"PayloadData1":"Parent process: C:\\Windows\\System32\\wininit.exe","PayloadData2":"PID: 0x1AC","PayloadData3":"Mandatory label: SECURITY_MANDATORY_SYSTEM_RID","UserName":"-\\-","ExecutableInfo":"C:\\Windows\\System32\\lsass.exe ","MapDescription":"Process tracking","ChunkNumber":14,"Computer":"MSEDGEWIN10","Payload":"{\"EventData\":{\"Data\":[{\"@Name\":\"SubjectUserSid\",\"#text\":\"S-1-5-18\"},{\"@Name\":\"SubjectUserName\",\"#text\":\"-\"},{\"@Name\":\"SubjectDomainName\",\"#text\":\"-\"},{\"@Name\":\"SubjectLogonId\",\"#text\":\"0x3E7\"},{\"@Name\":\"NewProcessId\",\"#text\":\"0x240\"},{\"@Name\":\"NewProcessName\",\"#text\":\"C:\\\\Windows\\\\System32\\\\lsass.exe\"},{\"@Name\":\"TokenElevationType\",\"#text\":\"%%1936\"},{\"@Name\":\"ProcessId\",\"#text\":\"0x1AC\"},{\"@Name\":\"CommandLine\"},{\"@Name\":\"TargetUserSid\",\"#text\":\"S-1-0-0\"},{\"@Name\":\"TargetUserName\",\"#text\":\"-\"},{\"@Name\":\"TargetDomainName\",\"#text\":\"-\"},{\"@Name\":\"TargetLogonId\",\"#text\":\"0x0\"},{\"@Name\":\"ParentProcessName\",\"#text\":\"C:\\\\Windows\\\\System32\\\\wininit.exe\"},{\"@Name\":\"MandatoryLabel\",\"#text\":\"S-1-16-16384\"}]}}","Channel":"Security","Provider":"Microsoft-Windows-Security-Auditing","EventId":4688,"EventRecordId":"1173","ProcessId":4,"ThreadId":108,"Level":"LogAlways","Keywords":"Audit success","SourceFile":"C:\\Users\\yiuwa\\Desktop\\ict2202 assignment 1\\sample\\C\\Windows\\System32\\winevt\\logs\\Security.evtx","ExtraDataOffset":0,"HiddenRecord":false,"TimeCreated":"2019-03-19T13:09:31.0556508+00:00","RecordNumber":1173}
{"PayloadData1":"Parent process: ","PayloadData2":"PID: 0x4","PayloadData3":"Mandatory label: SECURITY_MANDATORY_SYSTEM_RID","UserName":"-\\-","ExecutableInfo":"Registry ","MapDescription":"Process tracking","ChunkNumber":16,"Computer":"MSEDGEWIN10","Payload":"{\"EventData\":{\"Data\":[{\"@Name\":\"SubjectUserSid\",\"#text\":\"S-1-5-18\"},{\"@Name\":\"SubjectUserName\",\"#text\":\"-\"},{\"@Name\":\"SubjectDomainName\",\"#text\":\"-\"},{\"@Name\":\"SubjectLogonId\",\"#text\":\"0x3E7\"},{\"@Name\":\"NewProcessId\",\"#text\":\"0x58\"},{\"@Name\":\"NewProcessName\",\"#text\":\"Registry\"},{\"@Name\":\"TokenElevationType\",\"#text\":\"%%1936\"},{\"@Name\":\"ProcessId\",\"#text\":\"0x4\"},{\"@Name\":\"CommandLine\"},{\"@Name\":\"TargetUserSid\",\"#text\":\"S-1-0-0\"},{\"@Name\":\"TargetUserName\",\"#text\":\"-\"},{\"@Name\":\"TargetDomainName\",\"#text\":\"-\"},{\"@Name\":\"TargetLogonId\",\"#text\":\"0x0\"},{\"@Name\":\"ParentProcessName\"},{\"@Name\":\"MandatoryLabel\",\"#text\":\"S-1-16-16384\"}]}}","Channel":"Security","Provider":"Microsoft-Windows-Security-Auditing","EventId":4688,"EventRecordId":"1270","ProcessId":4,"ThreadId":32,"Level":"LogAlways","Keywords":"Audit success","SourceFile":"C:\\Users\\yiuwa\\Desktop\\ict2202 assignment 1\\sample\\C\\Windows\\System32\\winevt\\logs\\Security.evtx","ExtraDataOffset":0,"HiddenRecord":false,"TimeCreated":"2019-03-19T13:10:22.0648678+00:00","RecordNumber":1270}
{"PayloadData1":"Parent process: ","PayloadData2":"PID: 0x4","PayloadData3":"Mandatory label: SECURITY_MANDATORY_SYSTEM_RID","UserName":"-\\-","ExecutableInfo":"C:\\Windows\\System32\\smss.exe ","MapDescription":"Process tracking","ChunkNumber":16,"Computer":"MSEDGEWIN10","Payload":"{\"EventData\":{\"Data\":[{\"@Name\":\"SubjectUserSid\",\"#text\":\"S-1-5-18\"},{\"@Name\":\"SubjectUserName\",\"#text\":\"-\"},{\"@Name\":\"SubjectDomainName\",\"#text\":\"-\"},{\"@Name\":\"SubjectLogonId\",\"#text\":\"0x3E7\"},{\"@Name\":\"NewProcessId\",\"#text\":\"0x10C\"},{\"@Name\":\"NewProcessName\",\"#text\":\"C:\\\\Windows\\\\System32\\\\smss.exe\"},{\"@Name\":\"TokenElevationType\",\"#text\":\"%%1936\"},{\"@Name\":\"ProcessId\",\"#text\":\"0x4\"},{\"@Name\":\"CommandLine\"},{\"@Name\":\"TargetUserSid\",\"#text\":\"S-1-0-0\"},{\"@Name\":\"TargetUserName\",\"#text\":\"-\"},{\"@Name\":\"TargetDomainName\",\"#text\":\"-\"},{\"@Name\":\"TargetLogonId\",\"#text\":\"0x0\"},{\"@Name\":\"ParentProcessName\"},{\"@Name\":\"MandatoryLabel\",\"#text\":\"S-1-16-16384\"}]}}","Channel":"Security","Provider":"Microsoft-Windows-Security-Auditing","EventId":4688,"EventRecordId":"1273","ProcessId":4,"ThreadId":32,"Level":"LogAlways","Keywords":"Audit success","SourceFile":"C:\\Users\\yiuwa\\Desktop\\ict2202 assignment 1\\sample\\C\\Windows\\System32\\winevt\\logs\\Security.evtx","ExtraDataOffset":0,"HiddenRecord":false,"TimeCreated":"2019-03-19T13:10:22.0675480+00:00","RecordNumber":1273}
{"PayloadData1":"Parent process: C:\\Windows\\System32\\smss.exe","PayloadData2":"PID: 0x10C","PayloadData3":"Mandatory label: SECURITY_MANDATORY_SYSTEM_RID","UserName":"-\\-","ExecutableInfo":"C:\\Windows\\System32\\autochk.exe ","MapDescription":"Process tracking","ChunkNumber":16,"Computer":"MSEDGEWIN10","Payload":"{\"EventData\":{\"Data\":[{\"@Name\":\"SubjectUserSid\",\"#text\":\"S-1-5-18\"},{\"@Name\":\"SubjectUserName\",\"#text\":\"-\"},{\"@Name\":\"SubjectDomainName\",\"#text\":\"-\"},{\"@Name\":\"SubjectLogonId\",\"#text\":\"0x3E7\"},{\"@Name\":\"NewProcessId\",\"#text\":\"0x124\"},{\"@Name\":\"NewProcessName\",\"#text\":\"C:\\\\Windows\\\\System32\\\\autochk.exe\"},{\"@Name\":\"TokenElevationType\",\"#text\":\"%%1936\"},{\"@Name\":\"ProcessId\",\"#text\":\"0x10C\"},{\"@Name\":\"CommandLine\"},{\"@Name\":\"TargetUserSid\",\"#text\":\"S-1-0-0\"},{\"@Name\":\"TargetUserName\",\"#text\":\"-\"},{\"@Name\":\"TargetDomainName\",\"#text\":\"-\"},{\"@Name\":\"TargetLogonId\",\"#text\":\"0x0\"},{\"@Name\":\"ParentProcessName\",\"#text\":\"C:\\\\Windows\\\\System32\\\\smss.exe\"},{\"@Name\":\"MandatoryLabel\",\"#text\":\"S-1-16-16384\"}]}}","Channel":"Security","Provider":"Microsoft-Windows-Security-Auditing","EventId":4688,"EventRecordId":"1274","ProcessId":4,"ThreadId":108,"Level":"LogAlways","Keywords":"Audit success","SourceFile":"C:\\Users\\yiuwa\\Desktop\\ict2202 assignment 1\\sample\\C\\Windows\\System32\\winevt\\logs\\Security.evtx","ExtraDataOffset":0,"HiddenRecord":false,"TimeCreated":"2019-03-19T13:10:22.2874259+00:00","RecordNumber":1274}
{"PayloadData1":"Parent process: C:\\Windows\\System32\\smss.exe","PayloadData2":"PID: 0x10C","PayloadData3":"Mandatory label: SECURITY_MANDATORY_SYSTEM_RID","UserName":"-\\-","ExecutableInfo":"C:\\Windows\\System32\\smss.exe ","MapDescription":"Process tracking","ChunkNumber":16,"Computer":"MSEDGEWIN10","Payload":"{\"EventData\":{\"Data\":[{\"@Name\":\"SubjectUserSid\",\"#text\":\"S-1-5-18\"},{\"@Name\":\"SubjectUserName\",\"#text\":\"-\"},{\"@Name\":\"SubjectDomainName\",\"#text\":\"-\"},{\"@Name\":\"SubjectLogonId\",\"#text\":\"0x3E7\"},{\"@Name\":\"NewProcessId\",\"#text\":\"0x15C\"},{\"@Name\":\"NewProcessName\",\"#text\":\"C:\\\\Windows\\\\System32\\\\smss.exe\"},{\"@Name\":\"TokenElevationType\",\"#text\":\"%%1936\"},{\"@Name\":\"ProcessId\",\"#text\":\"0x10C\"},{\"@Name\":\"CommandLine\"},{\"@Name\":\"TargetUserSid\",\"#text\":\"S-1-0-0\"},{\"@Name\":\"TargetUserName\",\"#text\":\"-\"},{\"@Name\":\"TargetDomainName\",\"#text\":\"-\"},{\"@Name\":\"TargetLogonId\",\"#text\":\"0x0\"},{\"@Name\":\"ParentProcessName\",\"#text\":\"C:\\\\Windows\\\\System32\\\\smss.exe\"},{\"@Name\":\"MandatoryLabel\",\"#text\":\"S-1-16-16384\"}]}}","Channel":"Security","Provider":"Microsoft-Windows-Security-Auditing","EventId":4688,"EventRecordId":"1275","ProcessId":4,"ThreadId":248,"Level":"LogAlways","Keywords":"Audit success","SourceFile":"C:\\Users\\yiuwa\\Desktop\\ict2202 assignment 1\\sample\\C\\Windows\\System32\\winevt\\logs\\Security.evtx","ExtraDataOffset":0,"HiddenRecord":false,"TimeCreated":"2019-03-19T13:10:22.7839324+00:00","RecordNumber":1275}
{"PayloadData1":"Parent process: C:\\Windows\\System32\\smss.exe","PayloadData2":"PID: 0x15C","PayloadData3":"Mandatory label: SECURITY_MANDATORY_SYSTEM_RID","UserName":"-\\-","ExecutableInfo":"C:\\Windows\\System32\\csrss.exe ","MapDescription":"Process tracking","ChunkNumber":16,"Computer":"MSEDGEWIN10","Payload":"{\"EventData\":{\"Data\":[{\"@Name\":\"SubjectUserSid\",\"#text\":\"S-1-5-18\"},{\"@Name\":\"SubjectUserName\",\"#text\":\"-\"},{\"@Name\":\"SubjectDomainName\",\"#text\":\"-\"},{\"@Name\":\"SubjectLogonId\",\"#text\":\"0x3E7\"},{\"@Name\":\"NewProcessId\",\"#text\":\"0x164\"},{\"@Name\":\"NewProcessName\",\"#text\":\"C:\\\\Windows\\\\System32\\\\csrss.exe\"},{\"@Name\":\"TokenElevationType\",\"#text\":\"%%1936\"},{\"@Name\":\"ProcessId\",\"#text\":\"0x15C\"},{\"@Name\":\"CommandLine\"},{\"@Name\":\"TargetUserSid\",\"#text\":\"S-1-0-0\"},{\"@Name\":\"TargetUserName\",\"#text\":\"-\"},{\"@Name\":\"TargetDomainName\",\"#text\":\"-\"},{\"@Name\":\"TargetLogonId\",\"#text\":\"0x0\"},{\"@Name\":\"ParentProcessName\",\"#text\":\"C:\\\\Windows\\\\System32\\\\smss.exe\"},{\"@Name\":\"MandatoryLabel\",\"#text\":\"S-1-16-16384\"}]}}","Channel":"Security","Provider":"Microsoft-Windows-Security-Auditing","EventId":4688,"EventRecordId":"1276","ProcessId":4,"ThreadId":248,"Level":"LogAlways","Keywords":"Audit success","SourceFile":"C:\\Users\\yiuwa\\Desktop\\ict2202 assignment 1\\sample\\C\\Windows\\System32\\winevt\\logs\\Security.evtx","ExtraDataOffset":0,"HiddenRecord":false,"TimeCreated":"2019-03-19T13:10:22.8355978+00:00","RecordNumber":1276}
{"PayloadData1":"Parent process: C:\\Windows\\System32\\smss.exe","PayloadData2":"PID: 0x10C","PayloadData3":"Mandatory label: SECURITY_MANDATORY_SYSTEM_RID","UserName":"-\\-","ExecutableInfo":"C:\\Windows\\System32\\smss.exe ","MapDescription":"Process tracking","ChunkNumber":16,"Computer":"MSEDGEWIN10","Payload":"{\"EventData\":{\"Data\":[{\"@Name\":\"SubjectUserSid\",\"#text\":\"S-1-5-18\"},{\"@Name\":\"SubjectUserName\",\"#text\":\"-\"},{\"@Name\":\"SubjectDomainName\",\"#text\":\"-\"},{\"@Name\":\"SubjectLogonId\",\"#text\":\"0x3E7\"},{\"@Name\":\"NewProcessId\",\"#text\":\"0x1A4\"},{\"@Name\":\"NewProcessName\",\"#text\":\"C:\\\\Windows\\\\System32\\\\smss.exe\"},{\"@Name\":\"TokenElevationType\",\"#text\":\"%%1936\"},{\"@Name\":\"ProcessId\",\"#text\":\"0x10C\"},{\"@Name\":\"CommandLine\"},{\"@Name\":\"TargetUserSid\",\"#text\":\"S-1-0-0\"},{\"@Name\":\"TargetUserName\",\"#text\":\"-\"},{\"@Name\":\"TargetDomainName\",\"#text\":\"-\"},{\"@Name\":\"TargetLogonId\",\"#text\":\"0x0\"},{\"@Name\":\"ParentProcessName\",\"#text\":\"C:\\\\Windows\\\\System32\\\\smss.exe\"},{\"@Name\":\"MandatoryLabel\",\"#text\":\"S-1-16-16384\"}]}}","Channel":"Security","Provider":"Microsoft-Windows-Security-Auditing","EventId":4688,"EventRecordId":"1277","ProcessId":4,"ThreadId":248,"Level":"LogAlways","Keywords":"Audit success","SourceFile":"C:\\Users\\yiuwa\\Desktop\\ict2202 assignment 1\\sample\\C\\Windows\\System32\\winevt\\logs\\Security.evtx","ExtraDataOffset":0,"HiddenRecord":false,"TimeCreated":"2019-03-19T13:10:22.9062583+00:00","RecordNumber":1277}
{"PayloadData1":"Parent process: C:\\Windows\\System32\\smss.exe","PayloadData2":"PID: 0x15C","PayloadData3":"Mandatory label: SECURITY_MANDATORY_SYSTEM_RID","UserName":"-\\-","ExecutableInfo":"C:\\Windows\\System32\\wininit.exe ","MapDescription":"Process tracking","ChunkNumber":16,"Computer":"MSEDGEWIN10","Payload":"{\"EventData\":{\"Data\":[{\"@Name\":\"SubjectUserSid\",\"#text\":\"S-1-5-18\"},{\"@Name\":\"SubjectUserName\",\"#text\":\"-\"},{\"@Name\":\"SubjectDomainName\",\"#text\":\"-\"},{\"@Name\":\"SubjectLogonId\",\"#text\":\"0x3E7\"},{\"@Name\":\"NewProcessId\",\"#text\":\"0x1AC\"},{\"@Name\":\"NewProcessName\",\"#text\":\"C:\\\\Windows\\\\System32\\\\wininit.exe\"},{\"@Name\":\"TokenElevationType\",\"#text\":\"%%1936\"},{\"@Name\":\"ProcessId\",\"#text\":\"0x15C\"},{\"@Name\":\"CommandLine\"},{\"@Name\":\"TargetUserSid\",\"#text\":\"S-1-0-0\"},{\"@Name\":\"TargetUserName\",\"#text\":\"-\"},{\"@Name\":\"TargetDomainName\",\"#text\":\"-\"},{\"@Name\":\"TargetLogonId\",\"#text\":\"0x0\"},{\"@Name\":\"ParentProcessName\",\"#text\":\"C:\\\\Windows\\\\System32\\\\smss.exe\"},{\"@Name\":\"MandatoryLabel\",\"#text\":\"S-1-16-16384\"}]}}","Channel":"Security","Provider":"Microsoft-Windows-Security-Auditing","EventId":4688,"EventRecordId":"1278","ProcessId":4,"ThreadId":248,"Level":"LogAlways","Keywords":"Audit success","SourceFile":"C:\\Users\\yiuwa\\Desktop\\ict2202 assignment 1\\sample\\C\\Windows\\System32\\winevt\\logs\\Security.evtx","ExtraDataOffset":0,"HiddenRecord":false,"TimeCreated":"2019-03-19T13:10:22.9079389+00:00","RecordNumber":1278}
{"PayloadData1":"Parent process: C:\\Windows\\System32\\smss.exe","PayloadData2":"PID: 0x1A4","PayloadData3":"Mandatory label: SECURITY_MANDATORY_SYSTEM_RID","UserName":"-\\-","ExecutableInfo":"C:\\Windows\\System32\\csrss.exe ","MapDescription":"Process tracking","ChunkNumber":16,"Computer":"MSEDGEWIN10","Payload":"{\"EventData\":{\"Data\":[{\"@Name\":\"SubjectUserSid\",\"#text\":\"S-1-5-18\"},{\"@Name\":\"SubjectUserName\",\"#text\":\"-\"},{\"@Name\":\"SubjectDomainName\",\"#text\":\"-\"},{\"@Name\":\"SubjectLogonId\",\"#text\":\"0x3E7\"},{\"@Name\":\"NewProcessId\",\"#text\":\"0x1B4\"},{\"@Name\":\"NewProcessName\",\"#text\":\"C:\\\\Windows\\\\System32\\\\csrss.exe\"},{\"@Name\":\"TokenElevationType\",\"#text\":\"%%1936\"},{\"@Name\":\"ProcessId\",\"#text\":\"0x1A4\"},{\"@Name\":\"CommandLine\"},{\"@Name\":\"TargetUserSid\",\"#text\":\"S-1-0-0\"},{\"@Name\":\"TargetUserName\",\"#text\":\"-\"},{\"@Name\":\"TargetDomainName\",\"#text\":\"-\"},{\"@Name\":\"TargetLogonId\",\"#text\":\"0x0\"},{\"@Name\":\"ParentProcessName\",\"#text\":\"C:\\\\Windows\\\\System32\\\\smss.exe\"},{\"@Name\":\"MandatoryLabel\",\"#text\":\"S-1-16-16384\"}]}}","Channel":"Security","Provider":"Microsoft-Windows-Security-Auditing","EventId":4688,"EventRecordId":"1279","ProcessId":4,"ThreadId":248,"Level":"LogAlways","Keywords":"Audit success","SourceFile":"C:\\Users\\yiuwa\\Desktop\\ict2202 assignment 1\\sample\\C\\Windows\\System32\\winevt\\logs\\Security.evtx","ExtraDataOffset":0,"HiddenRecord":false,"TimeCreated":"2019-03-19T13:10:22.9163597+00:00","RecordNumber":1279}
