{"PayloadData1":"Parent process: C:\\Windows\\System32\\svchost.exe","PayloadData2":"PID: 0x32C","PayloadData3":"Mandatory label: SECURITY_MANDATORY_SYSTEM_RID","UserName":"WORKGROUP\\MSEDGEWIN10$","ExecutableInfo":"C:\\Windows\\System32\\dllhost.exe ","MapDescription":"Process tracking","ChunkNumber":86,"Computer":"MSEDGEWIN10","Payload":"{\"EventData\":{\"Data\":[{\"@Name\":\"SubjectUserSid\",\"#text\":\"S-1-5-18\"},{\"@Name\":\"SubjectUserName\",\"#text\":\"MSEDGEWIN10$\"},{\"@Name\":\"SubjectDomainName\",\"#text\":\"WORKGROUP\"},{\"@Name\":\"SubjectLogonId\",\"#text\":\"0x3E7\"},{\"@Name\":\"NewProcessId\",\"#text\":\"0x1BAC\"},{\"@Name\":\"NewProcessName\",\"#text\":\"C:\\\\Windows\\\\System32\\\\dllhost.exe\"},{\"@Name\":\"TokenElevationType\",\"#text\":\"%%1936\"},{\"@Name\":\"ProcessId\",\"#text\":\"0x32C\"},{\"@Name\":\"CommandLine\"},{\"@Name\":\"TargetUserSid\",\"#text\":\"S-1-0-0\"},{\"@Name\":\"TargetUserName\",\"#text\":\"-\"},{\"@Name\":\"TargetDomainName\",\"#text\":\"-\"},{\"@Name\":\"TargetLogonId\",\"#text\":\"0x0\"},{\"@Name\":\"ParentProcessName\",\"#text\":\"C:\\\\Windows\\\\System32\\\\svchost.exe\"},{\"@Name\":\"MandatoryLabel\",\"#text\":\"S-1-16-16384\"}]}}","Channel":"Security","Provider":"Microsoft-Windows-Security-Auditing","EventId":4688,"EventRecordId":"6795","ProcessId":4,"ThreadId":3672,"Level":"LogAlways","Keywords":"Audit success","SourceFile":"C:\\Users\\yiuwa\\Desktop\\ict2202 assignment 1\\sample\\C\\Windows\\System32\\winevt\\logs\\Security.evtx","ExtraDataOffset":0,"HiddenRecord":false,"TimeCreated":"2021-09-28T11:27:56.9929364+00:00","RecordNumber":6795}
{"PayloadData1":"Parent process: C:\\Windows\\explorer.exe","PayloadData2":"PID: 0x338","PayloadData3":"Mandatory label: SECURITY_MANDATORY_HIGH_RID","UserName":"WORKGROUP\\MSEDGEWIN10$","ExecutableInfo":"C:\\Windows\\System32\\eventvwr.exe ","MapDescription":"Process tracking","ChunkNumber":86,"Computer":"MSEDGEWIN10","Payload":"{\"EventData\":{\"Data\":[{\"@Name\":\"SubjectUserSid\",\"#text\":\"S-1-5-18\"},{\"@Name\":\"SubjectUserName\",\"#text\":\"MSEDGEWIN10$\"},{\"@Name\":\"SubjectDomainName\",\"#text\":\"WORKGROUP\"},{\"@Name\":\"SubjectLogonId\",\"#text\":\"0x3E7\"},{\"@Name\":\"NewProcessId\",\"#text\":\"0x8E8\"},{\"@Name\":\"NewProcessName\",\"#text\":\"C:\\\\Windows\\\\System32\\\\eventvwr.exe\"},{\"@Name\":\"TokenElevationType\",\"#text\":\"%%1937\"},{\"@Name\":\"ProcessId\",\"#text\":\"0x338\"},{\"@Name\":\"CommandLine\"},{\"@Name\":\"TargetUserSid\",\"#text\":\"S-1-5-21-321011808-3761883066-353627080-1000\"},{\"@Name\":\"TargetUserName\",\"#text\":\"IEUser\"},{\"@Name\":\"TargetDomainName\",\"#text\":\"MSEDGEWIN10\"},{\"@Name\":\"TargetLogonId\",\"#text\":\"0x5829F\"},{\"@Name\":\"ParentProcessName\",\"#text\":\"C:\\\\Windows\\\\explorer.exe\"},{\"@Name\":\"MandatoryLabel\",\"#text\":\"S-1-16-12288\"}]}}","Channel":"Security","Provider":"Microsoft-Windows-Security-Auditing","EventId":4688,"EventRecordId":"6796","ProcessId":4,"ThreadId":3672,"Level":"LogAlways","Keywords":"Audit success","SourceFile":"C:\\Users\\yiuwa\\Desktop\\ict2202 assignment 1\\sample\\C\\Windows\\System32\\winevt\\logs\\Security.evtx","ExtraDataOffset":0,"HiddenRecord":false,"TimeCreated":"2021-09-28T11:27:57.0156579+00:00","RecordNumber":6796}
{"PayloadData1":"Parent process: C:\\Windows\\System32\\eventvwr.exe","PayloadData2":"PID: 0x8E8","PayloadData3":"Mandatory label: SECURITY_MANDATORY_HIGH_RID","UserName":"MSEDGEWIN10\\IEUser","ExecutableInfo":"C:\\Windows\\System32\\mmc.exe ","MapDescription":"Process tracking","ChunkNumber":86,"Computer":"MSEDGEWIN10","Payload":"{\"EventData\":{\"Data\":[{\"@Name\":\"SubjectUserSid\",\"#text\":\"S-1-5-21-321011808-3761883066-353627080-1000\"},{\"@Name\":\"SubjectUserName\",\"#text\":\"IEUser\"},{\"@Name\":\"SubjectDomainName\",\"#text\":\"MSEDGEWIN10\"},{\"@Name\":\"SubjectLogonId\",\"#text\":\"0x5829F\"},{\"@Name\":\"NewProcessId\",\"#text\":\"0x1338\"},{\"@Name\":\"NewProcessName\",\"#text\":\"C:\\\\Windows\\\\System32\\\\mmc.exe\"},{\"@Name\":\"TokenElevationType\",\"#text\":\"%%1937\"},{\"@Name\":\"ProcessId\",\"#text\":\"0x8E8\"},{\"@Name\":\"CommandLine\"},{\"@Name\":\"TargetUserSid\",\"#text\":\"S-1-0-0\"},{\"@Name\":\"TargetUserName\",\"#text\":\"-\"},{\"@Name\":\"TargetDomainName\",\"#text\":\"-\"},{\"@Name\":\"TargetLogonId\",\"#text\":\"0x0\"},{\"@Name\":\"ParentProcessName\",\"#text\":\"C:\\\\Windows\\\\System32\\\\eventvwr.exe\"},{\"@Name\":\"MandatoryLabel\",\"#text\":\"S-1-16-12288\"}]}}","Channel":"Security","Provider":"Microsoft-Windows-Security-Auditing","EventId":4688,"EventRecordId":"6797","ProcessId":4,"ThreadId":3672,"Level":"LogAlways","Keywords":"Audit success","SourceFile":"C:\\Users\\yiuwa\\Desktop\\ict2202 assignment 1\\sample\\C\\Windows\\System32\\winevt\\logs\\Security.evtx","ExtraDataOffset":0,"HiddenRecord":false,"TimeCreated":"2021-09-28T11:27:57.0370519+00:00","RecordNumber":6797}
{"PayloadData1":"Parent process: C:\\Windows\\System32\\SearchIndexer.exe","PayloadData2":"PID: 0x7A8","PayloadData3":"Mandatory label: SECURITY_MANDATORY_SYSTEM_RID","UserName":"WORKGROUP\\MSEDGEWIN10$","ExecutableInfo":"C:\\Windows\\System32\\SearchProtocolHost.exe ","MapDescription":"Process tracking","ChunkNumber":86,"Computer":"MSEDGEWIN10","Payload":"{\"EventData\":{\"Data\":[{\"@Name\":\"SubjectUserSid\",\"#text\":\"S-1-5-18\"},{\"@Name\":\"SubjectUserName\",\"#text\":\"MSEDGEWIN10$\"},{\"@Name\":\"SubjectDomainName\",\"#text\":\"WORKGROUP\"},{\"@Name\":\"SubjectLogonId\",\"#text\":\"0x3E7\"},{\"@Name\":\"NewProcessId\",\"#text\":\"0x1130\"},{\"@Name\":\"NewProcessName\",\"#text\":\"C:\\\\Windows\\\\System32\\\\SearchProtocolHost.exe\"},{\"@Name\":\"TokenElevationType\",\"#text\":\"%%1936\"},{\"@Name\":\"ProcessId\",\"#text\":\"0x7A8\"},{\"@Name\":\"CommandLine\"},{\"@Name\":\"TargetUserSid\",\"#text\":\"S-1-0-0\"},{\"@Name\":\"TargetUserName\",\"#text\":\"-\"},{\"@Name\":\"TargetDomainName\",\"#text\":\"-\"},{\"@Name\":\"TargetLogonId\",\"#text\":\"0x0\"},{\"@Name\":\"ParentProcessName\",\"#text\":\"C:\\\\Windows\\\\System32\\\\SearchIndexer.exe\"},{\"@Name\":\"MandatoryLabel\",\"#text\":\"S-1-16-16384\"}]}}","Channel":"Security","Provider":"Microsoft-Windows-Security-Auditing","EventId":4688,"EventRecordId":"6798","ProcessId":4,"ThreadId":3672,"Level":"LogAlways","Keywords":"Audit success","SourceFile":"C:\\Users\\yiuwa\\Desktop\\ict2202 assignment 1\\sample\\C\\Windows\\System32\\winevt\\logs\\Security.evtx","ExtraDataOffset":0,"HiddenRecord":false,"TimeCreated":"2021-09-28T11:27:59.9027172+00:00","RecordNumber":6798}
{"PayloadData1":"Parent process: C:\\Windows\\System32\\SearchIndexer.exe","PayloadData2":"PID: 0x7A8","PayloadData3":"Mandatory label: SECURITY_MANDATORY_MEDIUM_RID","UserName":"WORKGROUP\\MSEDGEWIN10$","ExecutableInfo":"C:\\Windows\\System32\\SearchFilterHost.exe ","MapDescription":"Process tracking","ChunkNumber":86,"Computer":"MSEDGEWIN10","Payload":"{\"EventData\":{\"Data\":[{\"@Name\":\"SubjectUserSid\",\"#text\":\"S-1-5-18\"},{\"@Name\":\"SubjectUserName\",\"#text\":\"MSEDGEWIN10$\"},{\"@Name\":\"SubjectDomainName\",\"#text\":\"WORKGROUP\"},{\"@Name\":\"SubjectLogonId\",\"#text\":\"0x3E7\"},{\"@Name\":\"NewProcessId\",\"#text\":\"0x160\"},{\"@Name\":\"NewProcessName\",\"#text\":\"C:\\\\Windows\\\\System32\\\\SearchFilterHost.exe\"},{\"@Name\":\"TokenElevationType\",\"#text\":\"%%1936\"},{\"@Name\":\"ProcessId\",\"#text\":\"0x7A8\"},{\"@Name\":\"CommandLine\"},{\"@Name\":\"TargetUserSid\",\"#text\":\"S-1-0-0\"},{\"@Name\":\"TargetUserName\",\"#text\":\"-\"},{\"@Name\":\"TargetDomainName\",\"#text\":\"-\"},{\"@Name\":\"TargetLogonId\",\"#text\":\"0x0\"},{\"@Name\":\"ParentProcessName\",\"#text\":\"C:\\\\Windows\\\\System32\\\\SearchIndexer.exe\"},{\"@Name\":\"MandatoryLabel\",\"#text\":\"S-1-16-8192\"}]}}","Channel":"Security","Provider":"Microsoft-Windows-Security-Auditing","EventId":4688,"EventRecordId":"6799","ProcessId":4,"ThreadId":3672,"Level":"LogAlways","Keywords":"Audit success","SourceFile":"C:\\Users\\yiuwa\\Desktop\\ict2202 assignment 1\\sample\\C\\Windows\\System32\\winevt\\logs\\Security.evtx","ExtraDataOffset":0,"HiddenRecord":false,"TimeCreated":"2021-09-28T11:27:59.9292257+00:00","RecordNumber":6799}
