{"PayloadData1":"Parent process: C:\\Windows\\System32\\services.exe","PayloadData2":"PID: 0x264","PayloadData3":"Mandatory label: SECURITY_MANDATORY_SYSTEM_RID","UserName":"WORKGROUP\\MSEDGEWIN10$","ExecutableInfo":"C:\\Windows\\System32\\svchost.exe ","MapDescription":"Process tracking","ChunkNumber":86,"Computer":"MSEDGEWIN10","Payload":"{\"EventData\":{\"Data\":[{\"@Name\":\"SubjectUserSid\",\"#text\":\"S-1-5-18\"},{\"@Name\":\"SubjectUserName\",\"#text\":\"MSEDGEWIN10$\"},{\"@Name\":\"SubjectDomainName\",\"#text\":\"WORKGROUP\"},{\"@Name\":\"SubjectLogonId\",\"#text\":\"0x3E7\"},{\"@Name\":\"NewProcessId\",\"#text\":\"0x1188\"},{\"@Name\":\"NewProcessName\",\"#text\":\"C:\\\\Windows\\\\System32\\\\svchost.exe\"},{\"@Name\":\"TokenElevationType\",\"#text\":\"%%1936\"},{\"@Name\":\"ProcessId\",\"#text\":\"0x264\"},{\"@Name\":\"CommandLine\"},{\"@Name\":\"TargetUserSid\",\"#text\":\"S-1-0-0\"},{\"@Name\":\"TargetUserName\",\"#text\":\"MSEDGEWIN10$\"},{\"@Name\":\"TargetDomainName\",\"#text\":\"WORKGROUP\"},{\"@Name\":\"TargetLogonId\",\"#text\":\"0x3E4\"},{\"@Name\":\"ParentProcessName\",\"#text\":\"C:\\\\Windows\\\\System32\\\\services.exe\"},{\"@Name\":\"MandatoryLabel\",\"#text\":\"S-1-16-16384\"}]}}","Channel":"Security","Provider":"Microsoft-Windows-Security-Auditing","EventId":4688,"EventRecordId":"6765","ProcessId":4,"ThreadId":2704,"Level":"LogAlways","Keywords":"Audit success","SourceFile":"C:\\Users\\yiuwa\\Desktop\\ict2202 assignment 1\\sample\\C\\Windows\\System32\\winevt\\logs\\Security.evtx","ExtraDataOffset":0,"HiddenRecord":false,"TimeCreated":"2021-09-28T11:21:38.3136468+00:00","RecordNumber":6765}
{"PayloadData1":"Parent process: C:\\Windows\\System32\\services.exe","PayloadData2":"PID: 0x264","PayloadData3":"Mandatory label: SECURITY_MANDATORY_SYSTEM_RID","UserName":"WORKGROUP\\MSEDGEWIN10$","ExecutableInfo":"C:\\Windows\\System32\\svchost.exe ","MapDescription":"Process tracking","ChunkNumber":86,"Computer":"MSEDGEWIN10","Payload":"{\"EventData\":{\"Data\":[{\"@Name\":\"SubjectUserSid\",\"#text\":\"S-1-5-18\"},{\"@Name\":\"SubjectUserName\",\"#text\":\"MSEDGEWIN10$\"},{\"@Name\":\"SubjectDomainName\",\"#text\":\"WORKGROUP\"},{\"@Name\":\"SubjectLogonId\",\"#text\":\"0x3E7\"},{\"@Name\":\"NewProcessId\",\"#text\":\"0x1660\"},{\"@Name\":\"NewProcessName\",\"#text\":\"C:\\\\Windows\\\\System32\\\\svchost.exe\"},{\"@Name\":\"TokenElevationType\",\"#text\":\"%%1936\"},{\"@Name\":\"ProcessId\",\"#text\":\"0x264\"},{\"@Name\":\"CommandLine\"},{\"@Name\":\"TargetUserSid\",\"#text\":\"S-1-0-0\"},{\"@Name\":\"TargetUserName\",\"#text\":\"-\"},{\"@Name\":\"TargetDomainName\",\"#text\":\"-\"},{\"@Name\":\"TargetLogonId\",\"#text\":\"0x0\"},{\"@Name\":\"ParentProcessName\",\"#text\":\"C:\\\\Windows\\\\System32\\\\services.exe\"},{\"@Name\":\"MandatoryLabel\",\"#text\":\"S-1-16-16384\"}]}}","Channel":"Security","Provider":"Microsoft-Windows-Security-Auditing","EventId":4688,"EventRecordId":"6766","ProcessId":4,"ThreadId":2704,"Level":"LogAlways","Keywords":"Audit success","SourceFile":"C:\\Users\\yiuwa\\Desktop\\ict2202 assignment 1\\sample\\C\\Windows\\System32\\winevt\\logs\\Security.evtx","ExtraDataOffset":0,"HiddenRecord":false,"TimeCreated":"2021-09-28T11:21:38.3177363+00:00","RecordNumber":6766}
{"PayloadData1":"Parent process: C:\\Windows\\System32\\svchost.exe","PayloadData2":"PID: 0x4EC","PayloadData3":"Mandatory label: SECURITY_MANDATORY_SYSTEM_RID","UserName":"WORKGROUP\\MSEDGEWIN10$","ExecutableInfo":"C:\\Windows\\System32\\taskhostw.exe ","MapDescription":"Process tracking","ChunkNumber":86,"Computer":"MSEDGEWIN10","Payload":"{\"EventData\":{\"Data\":[{\"@Name\":\"SubjectUserSid\",\"#text\":\"S-1-5-18\"},{\"@Name\":\"SubjectUserName\",\"#text\":\"MSEDGEWIN10$\"},{\"@Name\":\"SubjectDomainName\",\"#text\":\"WORKGROUP\"},{\"@Name\":\"SubjectLogonId\",\"#text\":\"0x3E7\"},{\"@Name\":\"NewProcessId\",\"#text\":\"0x1A4C\"},{\"@Name\":\"NewProcessName\",\"#text\":\"C:\\\\Windows\\\\System32\\\\taskhostw.exe\"},{\"@Name\":\"TokenElevationType\",\"#text\":\"%%1936\"},{\"@Name\":\"ProcessId\",\"#text\":\"0x4EC\"},{\"@Name\":\"CommandLine\"},{\"@Name\":\"TargetUserSid\",\"#text\":\"S-1-0-0\"},{\"@Name\":\"TargetUserName\",\"#text\":\"-\"},{\"@Name\":\"TargetDomainName\",\"#text\":\"-\"},{\"@Name\":\"TargetLogonId\",\"#text\":\"0x0\"},{\"@Name\":\"ParentProcessName\",\"#text\":\"C:\\\\Windows\\\\System32\\\\svchost.exe\"},{\"@Name\":\"MandatoryLabel\",\"#text\":\"S-1-16-16384\"}]}}","Channel":"Security","Provider":"Microsoft-Windows-Security-Auditing","EventId":4688,"EventRecordId":"6767","ProcessId":4,"ThreadId":3672,"Level":"LogAlways","Keywords":"Audit success","SourceFile":"C:\\Users\\yiuwa\\Desktop\\ict2202 assignment 1\\sample\\C\\Windows\\System32\\winevt\\logs\\Security.evtx","ExtraDataOffset":0,"HiddenRecord":false,"TimeCreated":"2021-09-28T11:21:38.5659029+00:00","RecordNumber":6767}
{"PayloadData1":"Parent process: C:\\Windows\\System32\\svchost.exe","PayloadData2":"PID: 0x32C","PayloadData3":"Mandatory label: SECURITY_MANDATORY_MEDIUM_RID","UserName":"WORKGROUP\\MSEDGEWIN10$","ExecutableInfo":"C:\\Windows\\System32\\dllhost.exe ","MapDescription":"Process tracking","ChunkNumber":86,"Computer":"MSEDGEWIN10","Payload":"{\"EventData\":{\"Data\":[{\"@Name\":\"SubjectUserSid\",\"#text\":\"S-1-5-18\"},{\"@Name\":\"SubjectUserName\",\"#text\":\"MSEDGEWIN10$\"},{\"@Name\":\"SubjectDomainName\",\"#text\":\"WORKGROUP\"},{\"@Name\":\"SubjectLogonId\",\"#text\":\"0x3E7\"},{\"@Name\":\"NewProcessId\",\"#text\":\"0x1954\"},{\"@Name\":\"NewProcessName\",\"#text\":\"C:\\\\Windows\\\\System32\\\\dllhost.exe\"},{\"@Name\":\"TokenElevationType\",\"#text\":\"%%1938\"},{\"@Name\":\"ProcessId\",\"#text\":\"0x32C\"},{\"@Name\":\"CommandLine\"},{\"@Name\":\"TargetUserSid\",\"#text\":\"S-1-5-21-321011808-3761883066-353627080-1000\"},{\"@Name\":\"TargetUserName\",\"#text\":\"IEUser\"},{\"@Name\":\"TargetDomainName\",\"#text\":\"MSEDGEWIN10\"},{\"@Name\":\"TargetLogonId\",\"#text\":\"0x582C9\"},{\"@Name\":\"ParentProcessName\",\"#text\":\"C:\\\\Windows\\\\System32\\\\svchost.exe\"},{\"@Name\":\"MandatoryLabel\",\"#text\":\"S-1-16-8192\"}]}}","Channel":"Security","Provider":"Microsoft-Windows-Security-Auditing","EventId":4688,"EventRecordId":"6768","ProcessId":4,"ThreadId":2704,"Level":"LogAlways","Keywords":"Audit success","SourceFile":"C:\\Users\\yiuwa\\Desktop\\ict2202 assignment 1\\sample\\C\\Windows\\System32\\winevt\\logs\\Security.evtx","ExtraDataOffset":0,"HiddenRecord":false,"TimeCreated":"2021-09-28T11:21:44.1124911+00:00","RecordNumber":6768}
{"PayloadData1":"Parent process: C:\\Windows\\System32\\svchost.exe","PayloadData2":"PID: 0x944","PayloadData3":"Mandatory label: SECURITY_MANDATORY_SYSTEM_RID","UserName":"WORKGROUP\\MSEDGEWIN10$","ExecutableInfo":"C:\\Windows\\System32\\consent.exe ","MapDescription":"Process tracking","ChunkNumber":86,"Computer":"MSEDGEWIN10","Payload":"{\"EventData\":{\"Data\":[{\"@Name\":\"SubjectUserSid\",\"#text\":\"S-1-5-18\"},{\"@Name\":\"SubjectUserName\",\"#text\":\"MSEDGEWIN10$\"},{\"@Name\":\"SubjectDomainName\",\"#text\":\"WORKGROUP\"},{\"@Name\":\"SubjectLogonId\",\"#text\":\"0x3E7\"},{\"@Name\":\"NewProcessId\",\"#text\":\"0x179C\"},{\"@Name\":\"NewProcessName\",\"#text\":\"C:\\\\Windows\\\\System32\\\\consent.exe\"},{\"@Name\":\"TokenElevationType\",\"#text\":\"%%1936\"},{\"@Name\":\"ProcessId\",\"#text\":\"0x944\"},{\"@Name\":\"CommandLine\"},{\"@Name\":\"TargetUserSid\",\"#text\":\"S-1-0-0\"},{\"@Name\":\"TargetUserName\",\"#text\":\"-\"},{\"@Name\":\"TargetDomainName\",\"#text\":\"-\"},{\"@Name\":\"TargetLogonId\",\"#text\":\"0x0\"},{\"@Name\":\"ParentProcessName\",\"#text\":\"C:\\\\Windows\\\\System32\\\\svchost.exe\"},{\"@Name\":\"MandatoryLabel\",\"#text\":\"S-1-16-16384\"}]}}","Channel":"Security","Provider":"Microsoft-Windows-Security-Auditing","EventId":4688,"EventRecordId":"6769","ProcessId":4,"ThreadId":2704,"Level":"LogAlways","Keywords":"Audit success","SourceFile":"C:\\Users\\yiuwa\\Desktop\\ict2202 assignment 1\\sample\\C\\Windows\\System32\\winevt\\logs\\Security.evtx","ExtraDataOffset":0,"HiddenRecord":false,"TimeCreated":"2021-09-28T11:21:47.2527520+00:00","RecordNumber":6769}
{"PayloadData1":"Parent process: C:\\Windows\\System32\\svchost.exe","PayloadData2":"PID: 0x32C","PayloadData3":"Mandatory label: SECURITY_MANDATORY_SYSTEM_RID","UserName":"WORKGROUP\\MSEDGEWIN10$","ExecutableInfo":"C:\\Windows\\System32\\dllhost.exe ","MapDescription":"Process tracking","ChunkNumber":86,"Computer":"MSEDGEWIN10","Payload":"{\"EventData\":{\"Data\":[{\"@Name\":\"SubjectUserSid\",\"#text\":\"S-1-5-18\"},{\"@Name\":\"SubjectUserName\",\"#text\":\"MSEDGEWIN10$\"},{\"@Name\":\"SubjectDomainName\",\"#text\":\"WORKGROUP\"},{\"@Name\":\"SubjectLogonId\",\"#text\":\"0x3E7\"},{\"@Name\":\"NewProcessId\",\"#text\":\"0x1984\"},{\"@Name\":\"NewProcessName\",\"#text\":\"C:\\\\Windows\\\\System32\\\\dllhost.exe\"},{\"@Name\":\"TokenElevationType\",\"#text\":\"%%1936\"},{\"@Name\":\"ProcessId\",\"#text\":\"0x32C\"},{\"@Name\":\"CommandLine\"},{\"@Name\":\"TargetUserSid\",\"#text\":\"S-1-0-0\"},{\"@Name\":\"TargetUserName\",\"#text\":\"-\"},{\"@Name\":\"TargetDomainName\",\"#text\":\"-\"},{\"@Name\":\"TargetLogonId\",\"#text\":\"0x0\"},{\"@Name\":\"ParentProcessName\",\"#text\":\"C:\\\\Windows\\\\System32\\\\svchost.exe\"},{\"@Name\":\"MandatoryLabel\",\"#text\":\"S-1-16-16384\"}]}}","Channel":"Security","Provider":"Microsoft-Windows-Security-Auditing","EventId":4688,"EventRecordId":"6770","ProcessId":4,"ThreadId":2704,"Level":"LogAlways","Keywords":"Audit success","SourceFile":"C:\\Users\\yiuwa\\Desktop\\ict2202 assignment 1\\sample\\C\\Windows\\System32\\winevt\\logs\\Security.evtx","ExtraDataOffset":0,"HiddenRecord":false,"TimeCreated":"2021-09-28T11:21:47.3715619+00:00","RecordNumber":6770}
{"PayloadData1":"Parent process: C:\\Windows\\System32\\svchost.exe","PayloadData2":"PID: 0x32C","PayloadData3":"Mandatory label: SECURITY_MANDATORY_SYSTEM_RID","UserName":"WORKGROUP\\MSEDGEWIN10$","ExecutableInfo":"C:\\Windows\\System32\\dllhost.exe ","MapDescription":"Process tracking","ChunkNumber":86,"Computer":"MSEDGEWIN10","Payload":"{\"EventData\":{\"Data\":[{\"@Name\":\"SubjectUserSid\",\"#text\":\"S-1-5-18\"},{\"@Name\":\"SubjectUserName\",\"#text\":\"MSEDGEWIN10$\"},{\"@Name\":\"SubjectDomainName\",\"#text\":\"WORKGROUP\"},{\"@Name\":\"SubjectLogonId\",\"#text\":\"0x3E7\"},{\"@Name\":\"NewProcessId\",\"#text\":\"0x19A4\"},{\"@Name\":\"NewProcessName\",\"#text\":\"C:\\\\Windows\\\\System32\\\\dllhost.exe\"},{\"@Name\":\"TokenElevationType\",\"#text\":\"%%1936\"},{\"@Name\":\"ProcessId\",\"#text\":\"0x32C\"},{\"@Name\":\"CommandLine\"},{\"@Name\":\"TargetUserSid\",\"#text\":\"S-1-0-0\"},{\"@Name\":\"TargetUserName\",\"#text\":\"-\"},{\"@Name\":\"TargetDomainName\",\"#text\":\"-\"},{\"@Name\":\"TargetLogonId\",\"#text\":\"0x0\"},{\"@Name\":\"ParentProcessName\",\"#text\":\"C:\\\\Windows\\\\System32\\\\svchost.exe\"},{\"@Name\":\"MandatoryLabel\",\"#text\":\"S-1-16-16384\"}]}}","Channel":"Security","Provider":"Microsoft-Windows-Security-Auditing","EventId":4688,"EventRecordId":"6771","ProcessId":4,"ThreadId":2704,"Level":"LogAlways","Keywords":"Audit success","SourceFile":"C:\\Users\\yiuwa\\Desktop\\ict2202 assignment 1\\sample\\C\\Windows\\System32\\winevt\\logs\\Security.evtx","ExtraDataOffset":0,"HiddenRecord":false,"TimeCreated":"2021-09-28T11:21:47.4098135+00:00","RecordNumber":6771}
{"PayloadData1":"Parent process: C:\\Windows\\explorer.exe","PayloadData2":"PID: 0x338","PayloadData3":"Mandatory label: SECURITY_MANDATORY_HIGH_RID","UserName":"WORKGROUP\\MSEDGEWIN10$","ExecutableInfo":"C:\\Windows\\System32\\cmd.exe ","MapDescription":"Process tracking","ChunkNumber":86,"Computer":"MSEDGEWIN10","Payload":"{\"EventData\":{\"Data\":[{\"@Name\":\"SubjectUserSid\",\"#text\":\"S-1-5-18\"},{\"@Name\":\"SubjectUserName\",\"#text\":\"MSEDGEWIN10$\"},{\"@Name\":\"SubjectDomainName\",\"#text\":\"WORKGROUP\"},{\"@Name\":\"SubjectLogonId\",\"#text\":\"0x3E7\"},{\"@Name\":\"NewProcessId\",\"#text\":\"0x139C\"},{\"@Name\":\"NewProcessName\",\"#text\":\"C:\\\\Windows\\\\System32\\\\cmd.exe\"},{\"@Name\":\"TokenElevationType\",\"#text\":\"%%1937\"},{\"@Name\":\"ProcessId\",\"#text\":\"0x338\"},{\"@Name\":\"CommandLine\"},{\"@Name\":\"TargetUserSid\",\"#text\":\"S-1-5-21-321011808-3761883066-353627080-1000\"},{\"@Name\":\"TargetUserName\",\"#text\":\"IEUser\"},{\"@Name\":\"TargetDomainName\",\"#text\":\"MSEDGEWIN10\"},{\"@Name\":\"TargetLogonId\",\"#text\":\"0x5829F\"},{\"@Name\":\"ParentProcessName\",\"#text\":\"C:\\\\Windows\\\\explorer.exe\"},{\"@Name\":\"MandatoryLabel\",\"#text\":\"S-1-16-12288\"}]}}","Channel":"Security","Provider":"Microsoft-Windows-Security-Auditing","EventId":4688,"EventRecordId":"6772","ProcessId":4,"ThreadId":2704,"Level":"LogAlways","Keywords":"Audit success","SourceFile":"C:\\Users\\yiuwa\\Desktop\\ict2202 assignment 1\\sample\\C\\Windows\\System32\\winevt\\logs\\Security.evtx","ExtraDataOffset":0,"HiddenRecord":false,"TimeCreated":"2021-09-28T11:21:47.4343967+00:00","RecordNumber":6772}
{"PayloadData1":"Parent process: C:\\Windows\\System32\\cmd.exe","PayloadData2":"PID: 0x139C","PayloadData3":"Mandatory label: SECURITY_MANDATORY_HIGH_RID","UserName":"MSEDGEWIN10\\IEUser","ExecutableInfo":"C:\\Windows\\System32\\conhost.exe ","MapDescription":"Process tracking","ChunkNumber":86,"Computer":"MSEDGEWIN10","Payload":"{\"EventData\":{\"Data\":[{\"@Name\":\"SubjectUserSid\",\"#text\":\"S-1-5-21-321011808-3761883066-353627080-1000\"},{\"@Name\":\"SubjectUserName\",\"#text\":\"IEUser\"},{\"@Name\":\"SubjectDomainName\",\"#text\":\"MSEDGEWIN10\"},{\"@Name\":\"SubjectLogonId\",\"#text\":\"0x5829F\"},{\"@Name\":\"NewProcessId\",\"#text\":\"0x1A5C\"},{\"@Name\":\"NewProcessName\",\"#text\":\"C:\\\\Windows\\\\System32\\\\conhost.exe\"},{\"@Name\":\"TokenElevationType\",\"#text\":\"%%1937\"},{\"@Name\":\"ProcessId\",\"#text\":\"0x139C\"},{\"@Name\":\"CommandLine\"},{\"@Name\":\"TargetUserSid\",\"#text\":\"S-1-0-0\"},{\"@Name\":\"TargetUserName\",\"#text\":\"-\"},{\"@Name\":\"TargetDomainName\",\"#text\":\"-\"},{\"@Name\":\"TargetLogonId\",\"#text\":\"0x0\"},{\"@Name\":\"ParentProcessName\",\"#text\":\"C:\\\\Windows\\\\System32\\\\cmd.exe\"},{\"@Name\":\"MandatoryLabel\",\"#text\":\"S-1-16-12288\"}]}}","Channel":"Security","Provider":"Microsoft-Windows-Security-Auditing","EventId":4688,"EventRecordId":"6773","ProcessId":4,"ThreadId":2704,"Level":"LogAlways","Keywords":"Audit success","SourceFile":"C:\\Users\\yiuwa\\Desktop\\ict2202 assignment 1\\sample\\C\\Windows\\System32\\winevt\\logs\\Security.evtx","ExtraDataOffset":0,"HiddenRecord":false,"TimeCreated":"2021-09-28T11:21:47.4400208+00:00","RecordNumber":6773}
{"PayloadData1":"Parent process: C:\\Windows\\System32\\svchost.exe","PayloadData2":"PID: 0x4EC","PayloadData3":"Mandatory label: SECURITY_MANDATORY_SYSTEM_RID","UserName":"WORKGROUP\\MSEDGEWIN10$","ExecutableInfo":"C:\\Windows\\System32\\raserver.exe ","MapDescription":"Process tracking","ChunkNumber":86,"Computer":"MSEDGEWIN10","Payload":"{\"EventData\":{\"Data\":[{\"@Name\":\"SubjectUserSid\",\"#text\":\"S-1-5-18\"},{\"@Name\":\"SubjectUserName\",\"#text\":\"MSEDGEWIN10$\"},{\"@Name\":\"SubjectDomainName\",\"#text\":\"WORKGROUP\"},{\"@Name\":\"SubjectLogonId\",\"#text\":\"0x3E7\"},{\"@Name\":\"NewProcessId\",\"#text\":\"0x7D8\"},{\"@Name\":\"NewProcessName\",\"#text\":\"C:\\\\Windows\\\\System32\\\\raserver.exe\"},{\"@Name\":\"TokenElevationType\",\"#text\":\"%%1936\"},{\"@Name\":\"ProcessId\",\"#text\":\"0x4EC\"},{\"@Name\":\"CommandLine\"},{\"@Name\":\"TargetUserSid\",\"#text\":\"S-1-0-0\"},{\"@Name\":\"TargetUserName\",\"#text\":\"-\"},{\"@Name\":\"TargetDomainName\",\"#text\":\"-\"},{\"@Name\":\"TargetLogonId\",\"#text\":\"0x0\"},{\"@Name\":\"ParentProcessName\",\"#text\":\"C:\\\\Windows\\\\System32\\\\svchost.exe\"},{\"@Name\":\"MandatoryLabel\",\"#text\":\"S-1-16-16384\"}]}}","Channel":"Security","Provider":"Microsoft-Windows-Security-Auditing","EventId":4688,"EventRecordId":"6774","ProcessId":4,"ThreadId":3672,"Level":"LogAlways","Keywords":"Audit success","SourceFile":"C:\\Users\\yiuwa\\Desktop\\ict2202 assignment 1\\sample\\C\\Windows\\System32\\winevt\\logs\\Security.evtx","ExtraDataOffset":0,"HiddenRecord":false,"TimeCreated":"2021-09-28T11:21:54.5744979+00:00","RecordNumber":6774}
{"PayloadData1":"Parent process: C:\\Windows\\System32\\services.exe","PayloadData2":"PID: 0x264","PayloadData3":"Mandatory label: SECURITY_MANDATORY_SYSTEM_RID","UserName":"WORKGROUP\\MSEDGEWIN10$","ExecutableInfo":"C:\\Windows\\System32\\svchost.exe ","MapDescription":"Process tracking","ChunkNumber":86,"Computer":"MSEDGEWIN10","Payload":"{\"EventData\":{\"Data\":[{\"@Name\":\"SubjectUserSid\",\"#text\":\"S-1-5-18\"},{\"@Name\":\"SubjectUserName\",\"#text\":\"MSEDGEWIN10$\"},{\"@Name\":\"SubjectDomainName\",\"#text\":\"WORKGROUP\"},{\"@Name\":\"SubjectLogonId\",\"#text\":\"0x3E7\"},{\"@Name\":\"NewProcessId\",\"#text\":\"0x82C\"},{\"@Name\":\"NewProcessName\",\"#text\":\"C:\\\\Windows\\\\System32\\\\svchost.exe\"},{\"@Name\":\"TokenElevationType\",\"#text\":\"%%1936\"},{\"@Name\":\"ProcessId\",\"#text\":\"0x264\"},{\"@Name\":\"CommandLine\"},{\"@Name\":\"TargetUserSid\",\"#text\":\"S-1-0-0\"},{\"@Name\":\"TargetUserName\",\"#text\":\"-\"},{\"@Name\":\"TargetDomainName\",\"#text\":\"-\"},{\"@Name\":\"TargetLogonId\",\"#text\":\"0x0\"},{\"@Name\":\"ParentProcessName\",\"#text\":\"C:\\\\Windows\\\\System32\\\\services.exe\"},{\"@Name\":\"MandatoryLabel\",\"#text\":\"S-1-16-16384\"}]}}","Channel":"Security","Provider":"Microsoft-Windows-Security-Auditing","EventId":4688,"EventRecordId":"6775","ProcessId":4,"ThreadId":2704,"Level":"LogAlways","Keywords":"Audit success","SourceFile":"C:\\Users\\yiuwa\\Desktop\\ict2202 assignment 1\\sample\\C\\Windows\\System32\\winevt\\logs\\Security.evtx","ExtraDataOffset":0,"HiddenRecord":false,"TimeCreated":"2021-09-28T11:22:08.6752558+00:00","RecordNumber":6775}
{"PayloadData1":"Parent process: C:\\Windows\\System32\\services.exe","PayloadData2":"PID: 0x264","PayloadData3":"Mandatory label: SECURITY_MANDATORY_SYSTEM_RID","UserName":"WORKGROUP\\MSEDGEWIN10$","ExecutableInfo":"C:\\Windows\\System32\\svchost.exe ","MapDescription":"Process tracking","ChunkNumber":86,"Computer":"MSEDGEWIN10","Payload":"{\"EventData\":{\"Data\":[{\"@Name\":\"SubjectUserSid\",\"#text\":\"S-1-5-18\"},{\"@Name\":\"SubjectUserName\",\"#text\":\"MSEDGEWIN10$\"},{\"@Name\":\"SubjectDomainName\",\"#text\":\"WORKGROUP\"},{\"@Name\":\"SubjectLogonId\",\"#text\":\"0x3E7\"},{\"@Name\":\"NewProcessId\",\"#text\":\"0x1870\"},{\"@Name\":\"NewProcessName\",\"#text\":\"C:\\\\Windows\\\\System32\\\\svchost.exe\"},{\"@Name\":\"TokenElevationType\",\"#text\":\"%%1936\"},{\"@Name\":\"ProcessId\",\"#text\":\"0x264\"},{\"@Name\":\"CommandLine\"},{\"@Name\":\"TargetUserSid\",\"#text\":\"S-1-0-0\"},{\"@Name\":\"TargetUserName\",\"#text\":\"-\"},{\"@Name\":\"TargetDomainName\",\"#text\":\"-\"},{\"@Name\":\"TargetLogonId\",\"#text\":\"0x0\"},{\"@Name\":\"ParentProcessName\",\"#text\":\"C:\\\\Windows\\\\System32\\\\services.exe\"},{\"@Name\":\"MandatoryLabel\",\"#text\":\"S-1-16-16384\"}]}}","Channel":"Security","Provider":"Microsoft-Windows-Security-Auditing","EventId":4688,"EventRecordId":"6776","ProcessId":4,"ThreadId":2704,"Level":"LogAlways","Keywords":"Audit success","SourceFile":"C:\\Users\\yiuwa\\Desktop\\ict2202 assignment 1\\sample\\C\\Windows\\System32\\winevt\\logs\\Security.evtx","ExtraDataOffset":0,"HiddenRecord":false,"TimeCreated":"2021-09-28T11:22:08.9661417+00:00","RecordNumber":6776}
{"PayloadData1":"Parent process: C:\\Windows\\System32\\cmd.exe","PayloadData2":"PID: 0x139C","PayloadData3":"Mandatory label: SECURITY_MANDATORY_HIGH_RID","UserName":"MSEDGEWIN10\\IEUser","ExecutableInfo":"C:\\ProgramData\\chocolatey\\lib\\pmalabs.flare\\tools\\Practical Malware Analysis Labs\\BinaryCollection\\Chapter_1L\\bigmalware.exe ","MapDescription":"Process tracking","ChunkNumber":86,"Computer":"MSEDGEWIN10","Payload":"{\"EventData\":{\"Data\":[{\"@Name\":\"SubjectUserSid\",\"#text\":\"S-1-5-21-321011808-3761883066-353627080-1000\"},{\"@Name\":\"SubjectUserName\",\"#text\":\"IEUser\"},{\"@Name\":\"SubjectDomainName\",\"#text\":\"MSEDGEWIN10\"},{\"@Name\":\"SubjectLogonId\",\"#text\":\"0x5829F\"},{\"@Name\":\"NewProcessId\",\"#text\":\"0x1B78\"},{\"@Name\":\"NewProcessName\",\"#text\":\"C:\\\\ProgramData\\\\chocolatey\\\\lib\\\\pmalabs.flare\\\\tools\\\\Practical Malware Analysis Labs\\\\BinaryCollection\\\\Chapter_1L\\\\bigmalware.exe\"},{\"@Name\":\"TokenElevationType\",\"#text\":\"%%1937\"},{\"@Name\":\"ProcessId\",\"#text\":\"0x139C\"},{\"@Name\":\"CommandLine\"},{\"@Name\":\"TargetUserSid\",\"#text\":\"S-1-0-0\"},{\"@Name\":\"TargetUserName\",\"#text\":\"-\"},{\"@Name\":\"TargetDomainName\",\"#text\":\"-\"},{\"@Name\":\"TargetLogonId\",\"#text\":\"0x0\"},{\"@Name\":\"ParentProcessName\",\"#text\":\"C:\\\\Windows\\\\System32\\\\cmd.exe\"},{\"@Name\":\"MandatoryLabel\",\"#text\":\"S-1-16-12288\"}]}}","Channel":"Security","Provider":"Microsoft-Windows-Security-Auditing","EventId":4688,"EventRecordId":"6777","ProcessId":4,"ThreadId":2704,"Level":"LogAlways","Keywords":"Audit success","SourceFile":"C:\\Users\\yiuwa\\Desktop\\ict2202 assignment 1\\sample\\C\\Windows\\System32\\winevt\\logs\\Security.evtx","ExtraDataOffset":0,"HiddenRecord":false,"TimeCreated":"2021-09-28T11:22:36.6725350+00:00","RecordNumber":6777}
{"PayloadData1":"Parent process: C:\\Windows\\explorer.exe","PayloadData2":"PID: 0x338","PayloadData3":"Mandatory label: SECURITY_MANDATORY_MEDIUM_RID","UserName":"MSEDGEWIN10\\IEUser","ExecutableInfo":"C:\\Windows\\System32\\mmc.exe ","MapDescription":"Process tracking","ChunkNumber":86,"Computer":"MSEDGEWIN10","Payload":"{\"EventData\":{\"Data\":[{\"@Name\":\"SubjectUserSid\",\"#text\":\"S-1-5-21-321011808-3761883066-353627080-1000\"},{\"@Name\":\"SubjectUserName\",\"#text\":\"IEUser\"},{\"@Name\":\"SubjectDomainName\",\"#text\":\"MSEDGEWIN10\"},{\"@Name\":\"SubjectLogonId\",\"#text\":\"0x582C9\"},{\"@Name\":\"NewProcessId\",\"#text\":\"0xDD4\"},{\"@Name\":\"NewProcessName\",\"#text\":\"C:\\\\Windows\\\\System32\\\\mmc.exe\"},{\"@Name\":\"TokenElevationType\",\"#text\":\"%%1938\"},{\"@Name\":\"ProcessId\",\"#text\":\"0x338\"},{\"@Name\":\"CommandLine\"},{\"@Name\":\"TargetUserSid\",\"#text\":\"S-1-0-0\"},{\"@Name\":\"TargetUserName\",\"#text\":\"-\"},{\"@Name\":\"TargetDomainName\",\"#text\":\"-\"},{\"@Name\":\"TargetLogonId\",\"#text\":\"0x0\"},{\"@Name\":\"ParentProcessName\",\"#text\":\"C:\\\\Windows\\\\explorer.exe\"},{\"@Name\":\"MandatoryLabel\",\"#text\":\"S-1-16-8192\"}]}}","Channel":"Security","Provider":"Microsoft-Windows-Security-Auditing","EventId":4688,"EventRecordId":"6778","ProcessId":4,"ThreadId":2704,"Level":"LogAlways","Keywords":"Audit success","SourceFile":"C:\\Users\\yiuwa\\Desktop\\ict2202 assignment 1\\sample\\C\\Windows\\System32\\winevt\\logs\\Security.evtx","ExtraDataOffset":0,"HiddenRecord":false,"TimeCreated":"2021-09-28T11:22:41.2300322+00:00","RecordNumber":6778}
{"PayloadData1":"Parent process: C:\\Windows\\System32\\svchost.exe","PayloadData2":"PID: 0x944","PayloadData3":"Mandatory label: SECURITY_MANDATORY_SYSTEM_RID","UserName":"WORKGROUP\\MSEDGEWIN10$","ExecutableInfo":"C:\\Windows\\System32\\consent.exe ","MapDescription":"Process tracking","ChunkNumber":86,"Computer":"MSEDGEWIN10","Payload":"{\"EventData\":{\"Data\":[{\"@Name\":\"SubjectUserSid\",\"#text\":\"S-1-5-18\"},{\"@Name\":\"SubjectUserName\",\"#text\":\"MSEDGEWIN10$\"},{\"@Name\":\"SubjectDomainName\",\"#text\":\"WORKGROUP\"},{\"@Name\":\"SubjectLogonId\",\"#text\":\"0x3E7\"},{\"@Name\":\"NewProcessId\",\"#text\":\"0x440\"},{\"@Name\":\"NewProcessName\",\"#text\":\"C:\\\\Windows\\\\System32\\\\consent.exe\"},{\"@Name\":\"TokenElevationType\",\"#text\":\"%%1936\"},{\"@Name\":\"ProcessId\",\"#text\":\"0x944\"},{\"@Name\":\"CommandLine\"},{\"@Name\":\"TargetUserSid\",\"#text\":\"S-1-0-0\"},{\"@Name\":\"TargetUserName\",\"#text\":\"-\"},{\"@Name\":\"TargetDomainName\",\"#text\":\"-\"},{\"@Name\":\"TargetLogonId\",\"#text\":\"0x0\"},{\"@Name\":\"ParentProcessName\",\"#text\":\"C:\\\\Windows\\\\System32\\\\svchost.exe\"},{\"@Name\":\"MandatoryLabel\",\"#text\":\"S-1-16-16384\"}]}}","Channel":"Security","Provider":"Microsoft-Windows-Security-Auditing","EventId":4688,"EventRecordId":"6779","ProcessId":4,"ThreadId":6212,"Level":"LogAlways","Keywords":"Audit success","SourceFile":"C:\\Users\\yiuwa\\Desktop\\ict2202 assignment 1\\sample\\C\\Windows\\System32\\winevt\\logs\\Security.evtx","ExtraDataOffset":0,"HiddenRecord":false,"TimeCreated":"2021-09-28T11:22:41.3570652+00:00","RecordNumber":6779}
{"PayloadData1":"Parent process: C:\\Windows\\System32\\svchost.exe","PayloadData2":"PID: 0x32C","PayloadData3":"Mandatory label: SECURITY_MANDATORY_SYSTEM_RID","UserName":"WORKGROUP\\MSEDGEWIN10$","ExecutableInfo":"C:\\Windows\\System32\\dllhost.exe ","MapDescription":"Process tracking","ChunkNumber":86,"Computer":"MSEDGEWIN10","Payload":"{\"EventData\":{\"Data\":[{\"@Name\":\"SubjectUserSid\",\"#text\":\"S-1-5-18\"},{\"@Name\":\"SubjectUserName\",\"#text\":\"MSEDGEWIN10$\"},{\"@Name\":\"SubjectDomainName\",\"#text\":\"WORKGROUP\"},{\"@Name\":\"SubjectLogonId\",\"#text\":\"0x3E7\"},{\"@Name\":\"NewProcessId\",\"#text\":\"0x1720\"},{\"@Name\":\"NewProcessName\",\"#text\":\"C:\\\\Windows\\\\System32\\\\dllhost.exe\"},{\"@Name\":\"TokenElevationType\",\"#text\":\"%%1936\"},{\"@Name\":\"ProcessId\",\"#text\":\"0x32C\"},{\"@Name\":\"CommandLine\"},{\"@Name\":\"TargetUserSid\",\"#text\":\"S-1-0-0\"},{\"@Name\":\"TargetUserName\",\"#text\":\"-\"},{\"@Name\":\"TargetDomainName\",\"#text\":\"-\"},{\"@Name\":\"TargetLogonId\",\"#text\":\"0x0\"},{\"@Name\":\"ParentProcessName\",\"#text\":\"C:\\\\Windows\\\\System32\\\\svchost.exe\"},{\"@Name\":\"MandatoryLabel\",\"#text\":\"S-1-16-16384\"}]}}","Channel":"Security","Provider":"Microsoft-Windows-Security-Auditing","EventId":4688,"EventRecordId":"6780","ProcessId":4,"ThreadId":6772,"Level":"LogAlways","Keywords":"Audit success","SourceFile":"C:\\Users\\yiuwa\\Desktop\\ict2202 assignment 1\\sample\\C\\Windows\\System32\\winevt\\logs\\Security.evtx","ExtraDataOffset":0,"HiddenRecord":false,"TimeCreated":"2021-09-28T11:22:41.4475606+00:00","RecordNumber":6780}
{"PayloadData1":"Parent process: C:\\Windows\\System32\\svchost.exe","PayloadData2":"PID: 0x32C","PayloadData3":"Mandatory label: SECURITY_MANDATORY_SYSTEM_RID","UserName":"WORKGROUP\\MSEDGEWIN10$","ExecutableInfo":"C:\\Windows\\System32\\dllhost.exe ","MapDescription":"Process tracking","ChunkNumber":86,"Computer":"MSEDGEWIN10","Payload":"{\"EventData\":{\"Data\":[{\"@Name\":\"SubjectUserSid\",\"#text\":\"S-1-5-18\"},{\"@Name\":\"SubjectUserName\",\"#text\":\"MSEDGEWIN10$\"},{\"@Name\":\"SubjectDomainName\",\"#text\":\"WORKGROUP\"},{\"@Name\":\"SubjectLogonId\",\"#text\":\"0x3E7\"},{\"@Name\":\"NewProcessId\",\"#text\":\"0x1498\"},{\"@Name\":\"NewProcessName\",\"#text\":\"C:\\\\Windows\\\\System32\\\\dllhost.exe\"},{\"@Name\":\"TokenElevationType\",\"#text\":\"%%1936\"},{\"@Name\":\"ProcessId\",\"#text\":\"0x32C\"},{\"@Name\":\"CommandLine\"},{\"@Name\":\"TargetUserSid\",\"#text\":\"S-1-0-0\"},{\"@Name\":\"TargetUserName\",\"#text\":\"-\"},{\"@Name\":\"TargetDomainName\",\"#text\":\"-\"},{\"@Name\":\"TargetLogonId\",\"#text\":\"0x0\"},{\"@Name\":\"ParentProcessName\",\"#text\":\"C:\\\\Windows\\\\System32\\\\svchost.exe\"},{\"@Name\":\"MandatoryLabel\",\"#text\":\"S-1-16-16384\"}]}}","Channel":"Security","Provider":"Microsoft-Windows-Security-Auditing","EventId":4688,"EventRecordId":"6781","ProcessId":4,"ThreadId":6772,"Level":"LogAlways","Keywords":"Audit success","SourceFile":"C:\\Users\\yiuwa\\Desktop\\ict2202 assignment 1\\sample\\C\\Windows\\System32\\winevt\\logs\\Security.evtx","ExtraDataOffset":0,"HiddenRecord":false,"TimeCreated":"2021-09-28T11:22:41.4855754+00:00","RecordNumber":6781}
{"PayloadData1":"Parent process: C:\\Windows\\explorer.exe","PayloadData2":"PID: 0x338","PayloadData3":"Mandatory label: SECURITY_MANDATORY_HIGH_RID","UserName":"WORKGROUP\\MSEDGEWIN10$","ExecutableInfo":"C:\\Windows\\System32\\mmc.exe ","MapDescription":"Process tracking","ChunkNumber":86,"Computer":"MSEDGEWIN10","Payload":"{\"EventData\":{\"Data\":[{\"@Name\":\"SubjectUserSid\",\"#text\":\"S-1-5-18\"},{\"@Name\":\"SubjectUserName\",\"#text\":\"MSEDGEWIN10$\"},{\"@Name\":\"SubjectDomainName\",\"#text\":\"WORKGROUP\"},{\"@Name\":\"SubjectLogonId\",\"#text\":\"0x3E7\"},{\"@Name\":\"NewProcessId\",\"#text\":\"0xB80\"},{\"@Name\":\"NewProcessName\",\"#text\":\"C:\\\\Windows\\\\System32\\\\mmc.exe\"},{\"@Name\":\"TokenElevationType\",\"#text\":\"%%1937\"},{\"@Name\":\"ProcessId\",\"#text\":\"0x338\"},{\"@Name\":\"CommandLine\"},{\"@Name\":\"TargetUserSid\",\"#text\":\"S-1-5-21-321011808-3761883066-353627080-1000\"},{\"@Name\":\"TargetUserName\",\"#text\":\"IEUser\"},{\"@Name\":\"TargetDomainName\",\"#text\":\"MSEDGEWIN10\"},{\"@Name\":\"TargetLogonId\",\"#text\":\"0x5829F\"},{\"@Name\":\"ParentProcessName\",\"#text\":\"C:\\\\Windows\\\\explorer.exe\"},{\"@Name\":\"MandatoryLabel\",\"#text\":\"S-1-16-12288\"}]}}","Channel":"Security","Provider":"Microsoft-Windows-Security-Auditing","EventId":4688,"EventRecordId":"6782","ProcessId":4,"ThreadId":6772,"Level":"LogAlways","Keywords":"Audit success","SourceFile":"C:\\Users\\yiuwa\\Desktop\\ict2202 assignment 1\\sample\\C\\Windows\\System32\\winevt\\logs\\Security.evtx","ExtraDataOffset":0,"HiddenRecord":false,"TimeCreated":"2021-09-28T11:22:41.5085779+00:00","RecordNumber":6782}
{"PayloadData1":"Parent process: C:\\Program Files\\VMware\\VMware Tools\\vmtoolsd.exe","PayloadData2":"PID: 0xB00","PayloadData3":"Mandatory label: SECURITY_MANDATORY_SYSTEM_RID","UserName":"WORKGROUP\\MSEDGEWIN10$","ExecutableInfo":"C:\\Program Files\\VMware\\VMware Tools\\VMwareResolutionSet.exe ","MapDescription":"Process tracking","ChunkNumber":86,"Computer":"MSEDGEWIN10","Payload":"{\"EventData\":{\"Data\":[{\"@Name\":\"SubjectUserSid\",\"#text\":\"S-1-5-18\"},{\"@Name\":\"SubjectUserName\",\"#text\":\"MSEDGEWIN10$\"},{\"@Name\":\"SubjectDomainName\",\"#text\":\"WORKGROUP\"},{\"@Name\":\"SubjectLogonId\",\"#text\":\"0x3E7\"},{\"@Name\":\"NewProcessId\",\"#text\":\"0x1914\"},{\"@Name\":\"NewProcessName\",\"#text\":\"C:\\\\Program Files\\\\VMware\\\\VMware Tools\\\\VMwareResolutionSet.exe\"},{\"@Name\":\"TokenElevationType\",\"#text\":\"%%1936\"},{\"@Name\":\"ProcessId\",\"#text\":\"0xB00\"},{\"@Name\":\"CommandLine\"},{\"@Name\":\"TargetUserSid\",\"#text\":\"S-1-0-0\"},{\"@Name\":\"TargetUserName\",\"#text\":\"-\"},{\"@Name\":\"TargetDomainName\",\"#text\":\"-\"},{\"@Name\":\"TargetLogonId\",\"#text\":\"0x0\"},{\"@Name\":\"ParentProcessName\",\"#text\":\"C:\\\\Program Files\\\\VMware\\\\VMware Tools\\\\vmtoolsd.exe\"},{\"@Name\":\"MandatoryLabel\",\"#text\":\"S-1-16-16384\"}]}}","Channel":"Security","Provider":"Microsoft-Windows-Security-Auditing","EventId":4688,"EventRecordId":"6783","ProcessId":4,"ThreadId":2704,"Level":"LogAlways","Keywords":"Audit success","SourceFile":"C:\\Users\\yiuwa\\Desktop\\ict2202 assignment 1\\sample\\C\\Windows\\System32\\winevt\\logs\\Security.evtx","ExtraDataOffset":0,"HiddenRecord":false,"TimeCreated":"2021-09-28T11:23:00.3566134+00:00","RecordNumber":6783}
{"PayloadData1":"Parent process: C:\\Windows\\System32\\svchost.exe","PayloadData2":"PID: 0x944","PayloadData3":"Mandatory label: SECURITY_MANDATORY_SYSTEM_RID","UserName":"WORKGROUP\\MSEDGEWIN10$","ExecutableInfo":"C:\\Windows\\System32\\consent.exe ","MapDescription":"Process tracking","ChunkNumber":86,"Computer":"MSEDGEWIN10","Payload":"{\"EventData\":{\"Data\":[{\"@Name\":\"SubjectUserSid\",\"#text\":\"S-1-5-18\"},{\"@Name\":\"SubjectUserName\",\"#text\":\"MSEDGEWIN10$\"},{\"@Name\":\"SubjectDomainName\",\"#text\":\"WORKGROUP\"},{\"@Name\":\"SubjectLogonId\",\"#text\":\"0x3E7\"},{\"@Name\":\"NewProcessId\",\"#text\":\"0xFC\"},{\"@Name\":\"NewProcessName\",\"#text\":\"C:\\\\Windows\\\\System32\\\\consent.exe\"},{\"@Name\":\"TokenElevationType\",\"#text\":\"%%1936\"},{\"@Name\":\"ProcessId\",\"#text\":\"0x944\"},{\"@Name\":\"CommandLine\"},{\"@Name\":\"TargetUserSid\",\"#text\":\"S-1-0-0\"},{\"@Name\":\"TargetUserName\",\"#text\":\"-\"},{\"@Name\":\"TargetDomainName\",\"#text\":\"-\"},{\"@Name\":\"TargetLogonId\",\"#text\":\"0x0\"},{\"@Name\":\"ParentProcessName\",\"#text\":\"C:\\\\Windows\\\\System32\\\\svchost.exe\"},{\"@Name\":\"MandatoryLabel\",\"#text\":\"S-1-16-16384\"}]}}","Channel":"Security","Provider":"Microsoft-Windows-Security-Auditing","EventId":4688,"EventRecordId":"6784","ProcessId":4,"ThreadId":4668,"Level":"LogAlways","Keywords":"Audit success","SourceFile":"C:\\Users\\yiuwa\\Desktop\\ict2202 assignment 1\\sample\\C\\Windows\\System32\\winevt\\logs\\Security.evtx","ExtraDataOffset":0,"HiddenRecord":false,"TimeCreated":"2021-09-28T11:23:56.1360313+00:00","RecordNumber":6784}
{"PayloadData1":"Parent process: C:\\Windows\\explorer.exe","PayloadData2":"PID: 0x338","PayloadData3":"Mandatory label: SECURITY_MANDATORY_MEDIUM_RID","UserName":"MSEDGEWIN10\\IEUser","ExecutableInfo":"C:\\ProgramData\\chocolatey\\lib\\pmalabs.flare\\tools\\Practical Malware Analysis Labs\\BinaryCollection\\Chapter_1L\\naughty.exe ","MapDescription":"Process tracking","ChunkNumber":86,"Computer":"MSEDGEWIN10","Payload":"{\"EventData\":{\"Data\":[{\"@Name\":\"SubjectUserSid\",\"#text\":\"S-1-5-21-321011808-3761883066-353627080-1000\"},{\"@Name\":\"SubjectUserName\",\"#text\":\"IEUser\"},{\"@Name\":\"SubjectDomainName\",\"#text\":\"MSEDGEWIN10\"},{\"@Name\":\"SubjectLogonId\",\"#text\":\"0x582C9\"},{\"@Name\":\"NewProcessId\",\"#text\":\"0x1A9C\"},{\"@Name\":\"NewProcessName\",\"#text\":\"C:\\\\ProgramData\\\\chocolatey\\\\lib\\\\pmalabs.flare\\\\tools\\\\Practical Malware Analysis Labs\\\\BinaryCollection\\\\Chapter_1L\\\\naughty.exe\"},{\"@Name\":\"TokenElevationType\",\"#text\":\"%%1938\"},{\"@Name\":\"ProcessId\",\"#text\":\"0x338\"},{\"@Name\":\"CommandLine\"},{\"@Name\":\"TargetUserSid\",\"#text\":\"S-1-0-0\"},{\"@Name\":\"TargetUserName\",\"#text\":\"-\"},{\"@Name\":\"TargetDomainName\",\"#text\":\"-\"},{\"@Name\":\"TargetLogonId\",\"#text\":\"0x0\"},{\"@Name\":\"ParentProcessName\",\"#text\":\"C:\\\\Windows\\\\explorer.exe\"},{\"@Name\":\"MandatoryLabel\",\"#text\":\"S-1-16-8192\"}]}}","Channel":"Security","Provider":"Microsoft-Windows-Security-Auditing","EventId":4688,"EventRecordId":"6785","ProcessId":4,"ThreadId":4668,"Level":"LogAlways","Keywords":"Audit success","SourceFile":"C:\\Users\\yiuwa\\Desktop\\ict2202 assignment 1\\sample\\C\\Windows\\System32\\winevt\\logs\\Security.evtx","ExtraDataOffset":0,"HiddenRecord":false,"TimeCreated":"2021-09-28T11:23:58.7016702+00:00","RecordNumber":6785}
{"PayloadData1":"Parent process: C:\\ProgramData\\chocolatey\\lib\\pmalabs.flare\\tools\\Practical Malware Analysis Labs\\BinaryCollection\\Chapter_1L\\naughty.exe","PayloadData2":"PID: 0x1A9C","PayloadData3":"Mandatory label: SECURITY_MANDATORY_MEDIUM_RID","UserName":"MSEDGEWIN10\\IEUser","ExecutableInfo":"C:\\Windows\\System32\\conhost.exe ","MapDescription":"Process tracking","ChunkNumber":86,"Computer":"MSEDGEWIN10","Payload":"{\"EventData\":{\"Data\":[{\"@Name\":\"SubjectUserSid\",\"#text\":\"S-1-5-21-321011808-3761883066-353627080-1000\"},{\"@Name\":\"SubjectUserName\",\"#text\":\"IEUser\"},{\"@Name\":\"SubjectDomainName\",\"#text\":\"MSEDGEWIN10\"},{\"@Name\":\"SubjectLogonId\",\"#text\":\"0x582C9\"},{\"@Name\":\"NewProcessId\",\"#text\":\"0x1A90\"},{\"@Name\":\"NewProcessName\",\"#text\":\"C:\\\\Windows\\\\System32\\\\conhost.exe\"},{\"@Name\":\"TokenElevationType\",\"#text\":\"%%1938\"},{\"@Name\":\"ProcessId\",\"#text\":\"0x1A9C\"},{\"@Name\":\"CommandLine\"},{\"@Name\":\"TargetUserSid\",\"#text\":\"S-1-0-0\"},{\"@Name\":\"TargetUserName\",\"#text\":\"-\"},{\"@Name\":\"TargetDomainName\",\"#text\":\"-\"},{\"@Name\":\"TargetLogonId\",\"#text\":\"0x0\"},{\"@Name\":\"ParentProcessName\",\"#text\":\"C:\\\\ProgramData\\\\chocolatey\\\\lib\\\\pmalabs.flare\\\\tools\\\\Practical Malware Analysis Labs\\\\BinaryCollection\\\\Chapter_1L\\\\naughty.exe\"},{\"@Name\":\"MandatoryLabel\",\"#text\":\"S-1-16-8192\"}]}}","Channel":"Security","Provider":"Microsoft-Windows-Security-Auditing","EventId":4688,"EventRecordId":"6786","ProcessId":4,"ThreadId":4668,"Level":"LogAlways","Keywords":"Audit success","SourceFile":"C:\\Users\\yiuwa\\Desktop\\ict2202 assignment 1\\sample\\C\\Windows\\System32\\winevt\\logs\\Security.evtx","ExtraDataOffset":0,"HiddenRecord":false,"TimeCreated":"2021-09-28T11:23:58.7164466+00:00","RecordNumber":6786}
{"PayloadData1":"Parent process: C:\\Windows\\System32\\svchost.exe","PayloadData2":"PID: 0x32C","PayloadData3":"Mandatory label: SECURITY_MANDATORY_MEDIUM_RID","UserName":"WORKGROUP\\MSEDGEWIN10$","ExecutableInfo":"C:\\Windows\\System32\\dllhost.exe ","MapDescription":"Process tracking","ChunkNumber":86,"Computer":"MSEDGEWIN10","Payload":"{\"EventData\":{\"Data\":[{\"@Name\":\"SubjectUserSid\",\"#text\":\"S-1-5-18\"},{\"@Name\":\"SubjectUserName\",\"#text\":\"MSEDGEWIN10$\"},{\"@Name\":\"SubjectDomainName\",\"#text\":\"WORKGROUP\"},{\"@Name\":\"SubjectLogonId\",\"#text\":\"0x3E7\"},{\"@Name\":\"NewProcessId\",\"#text\":\"0x165C\"},{\"@Name\":\"NewProcessName\",\"#text\":\"C:\\\\Windows\\\\System32\\\\dllhost.exe\"},{\"@Name\":\"TokenElevationType\",\"#text\":\"%%1938\"},{\"@Name\":\"ProcessId\",\"#text\":\"0x32C\"},{\"@Name\":\"CommandLine\"},{\"@Name\":\"TargetUserSid\",\"#text\":\"S-1-5-21-321011808-3761883066-353627080-1000\"},{\"@Name\":\"TargetUserName\",\"#text\":\"IEUser\"},{\"@Name\":\"TargetDomainName\",\"#text\":\"MSEDGEWIN10\"},{\"@Name\":\"TargetLogonId\",\"#text\":\"0x582C9\"},{\"@Name\":\"ParentProcessName\",\"#text\":\"C:\\\\Windows\\\\System32\\\\svchost.exe\"},{\"@Name\":\"MandatoryLabel\",\"#text\":\"S-1-16-8192\"}]}}","Channel":"Security","Provider":"Microsoft-Windows-Security-Auditing","EventId":4688,"EventRecordId":"6787","ProcessId":4,"ThreadId":4668,"Level":"LogAlways","Keywords":"Audit success","SourceFile":"C:\\Users\\yiuwa\\Desktop\\ict2202 assignment 1\\sample\\C\\Windows\\System32\\winevt\\logs\\Security.evtx","ExtraDataOffset":0,"HiddenRecord":false,"TimeCreated":"2021-09-28T11:24:58.2685663+00:00","RecordNumber":6787}
{"PayloadData1":"Parent process: C:\\Windows\\System32\\svchost.exe","PayloadData2":"PID: 0x32C","PayloadData3":"Mandatory label: SECURITY_MANDATORY_LOW_RID","UserName":"WORKGROUP\\MSEDGEWIN10$","ExecutableInfo":"C:\\Windows\\System32\\backgroundTaskHost.exe ","MapDescription":"Process tracking","ChunkNumber":86,"Computer":"MSEDGEWIN10","Payload":"{\"EventData\":{\"Data\":[{\"@Name\":\"SubjectUserSid\",\"#text\":\"S-1-5-18\"},{\"@Name\":\"SubjectUserName\",\"#text\":\"MSEDGEWIN10$\"},{\"@Name\":\"SubjectDomainName\",\"#text\":\"WORKGROUP\"},{\"@Name\":\"SubjectLogonId\",\"#text\":\"0x3E7\"},{\"@Name\":\"NewProcessId\",\"#text\":\"0x14FC\"},{\"@Name\":\"NewProcessName\",\"#text\":\"C:\\\\Windows\\\\System32\\\\backgroundTaskHost.exe\"},{\"@Name\":\"TokenElevationType\",\"#text\":\"%%1938\"},{\"@Name\":\"ProcessId\",\"#text\":\"0x32C\"},{\"@Name\":\"CommandLine\"},{\"@Name\":\"TargetUserSid\",\"#text\":\"S-1-5-21-321011808-3761883066-353627080-1000\"},{\"@Name\":\"TargetUserName\",\"#text\":\"IEUser\"},{\"@Name\":\"TargetDomainName\",\"#text\":\"MSEDGEWIN10\"},{\"@Name\":\"TargetLogonId\",\"#text\":\"0x582C9\"},{\"@Name\":\"ParentProcessName\",\"#text\":\"C:\\\\Windows\\\\System32\\\\svchost.exe\"},{\"@Name\":\"MandatoryLabel\",\"#text\":\"S-1-16-4096\"}]}}","Channel":"Security","Provider":"Microsoft-Windows-Security-Auditing","EventId":4688,"EventRecordId":"6788","ProcessId":4,"ThreadId":2704,"Level":"LogAlways","Keywords":"Audit success","SourceFile":"C:\\Users\\yiuwa\\Desktop\\ict2202 assignment 1\\sample\\C\\Windows\\System32\\winevt\\logs\\Security.evtx","ExtraDataOffset":0,"HiddenRecord":false,"TimeCreated":"2021-09-28T11:25:02.6652942+00:00","RecordNumber":6788}
{"PayloadData1":"Parent process: C:\\Program Files\\VMware\\VMware Tools\\vmtoolsd.exe","PayloadData2":"PID: 0xB00","PayloadData3":"Mandatory label: SECURITY_MANDATORY_SYSTEM_RID","UserName":"WORKGROUP\\MSEDGEWIN10$","ExecutableInfo":"C:\\Program Files\\VMware\\VMware Tools\\VMwareResolutionSet.exe ","MapDescription":"Process tracking","ChunkNumber":86,"Computer":"MSEDGEWIN10","Payload":"{\"EventData\":{\"Data\":[{\"@Name\":\"SubjectUserSid\",\"#text\":\"S-1-5-18\"},{\"@Name\":\"SubjectUserName\",\"#text\":\"MSEDGEWIN10$\"},{\"@Name\":\"SubjectDomainName\",\"#text\":\"WORKGROUP\"},{\"@Name\":\"SubjectLogonId\",\"#text\":\"0x3E7\"},{\"@Name\":\"NewProcessId\",\"#text\":\"0xCA8\"},{\"@Name\":\"NewProcessName\",\"#text\":\"C:\\\\Program Files\\\\VMware\\\\VMware Tools\\\\VMwareResolutionSet.exe\"},{\"@Name\":\"TokenElevationType\",\"#text\":\"%%1936\"},{\"@Name\":\"ProcessId\",\"#text\":\"0xB00\"},{\"@Name\":\"CommandLine\"},{\"@Name\":\"TargetUserSid\",\"#text\":\"S-1-0-0\"},{\"@Name\":\"TargetUserName\",\"#text\":\"-\"},{\"@Name\":\"TargetDomainName\",\"#text\":\"-\"},{\"@Name\":\"TargetLogonId\",\"#text\":\"0x0\"},{\"@Name\":\"ParentProcessName\",\"#text\":\"C:\\\\Program Files\\\\VMware\\\\VMware Tools\\\\vmtoolsd.exe\"},{\"@Name\":\"MandatoryLabel\",\"#text\":\"S-1-16-16384\"}]}}","Channel":"Security","Provider":"Microsoft-Windows-Security-Auditing","EventId":4688,"EventRecordId":"6789","ProcessId":4,"ThreadId":3672,"Level":"LogAlways","Keywords":"Audit success","SourceFile":"C:\\Users\\yiuwa\\Desktop\\ict2202 assignment 1\\sample\\C\\Windows\\System32\\winevt\\logs\\Security.evtx","ExtraDataOffset":0,"HiddenRecord":false,"TimeCreated":"2021-09-28T11:25:04.3483329+00:00","RecordNumber":6789}
{"PayloadData1":"Parent process: C:\\Program Files\\VMware\\VMware Tools\\vmtoolsd.exe","PayloadData2":"PID: 0xB00","PayloadData3":"Mandatory label: SECURITY_MANDATORY_SYSTEM_RID","UserName":"WORKGROUP\\MSEDGEWIN10$","ExecutableInfo":"C:\\Program Files\\VMware\\VMware Tools\\VMwareResolutionSet.exe ","MapDescription":"Process tracking","ChunkNumber":86,"Computer":"MSEDGEWIN10","Payload":"{\"EventData\":{\"Data\":[{\"@Name\":\"SubjectUserSid\",\"#text\":\"S-1-5-18\"},{\"@Name\":\"SubjectUserName\",\"#text\":\"MSEDGEWIN10$\"},{\"@Name\":\"SubjectDomainName\",\"#text\":\"WORKGROUP\"},{\"@Name\":\"SubjectLogonId\",\"#text\":\"0x3E7\"},{\"@Name\":\"NewProcessId\",\"#text\":\"0xED4\"},{\"@Name\":\"NewProcessName\",\"#text\":\"C:\\\\Program Files\\\\VMware\\\\VMware Tools\\\\VMwareResolutionSet.exe\"},{\"@Name\":\"TokenElevationType\",\"#text\":\"%%1936\"},{\"@Name\":\"ProcessId\",\"#text\":\"0xB00\"},{\"@Name\":\"CommandLine\"},{\"@Name\":\"TargetUserSid\",\"#text\":\"S-1-0-0\"},{\"@Name\":\"TargetUserName\",\"#text\":\"-\"},{\"@Name\":\"TargetDomainName\",\"#text\":\"-\"},{\"@Name\":\"TargetLogonId\",\"#text\":\"0x0\"},{\"@Name\":\"ParentProcessName\",\"#text\":\"C:\\\\Program Files\\\\VMware\\\\VMware Tools\\\\vmtoolsd.exe\"},{\"@Name\":\"MandatoryLabel\",\"#text\":\"S-1-16-16384\"}]}}","Channel":"Security","Provider":"Microsoft-Windows-Security-Auditing","EventId":4688,"EventRecordId":"6790","ProcessId":4,"ThreadId":3672,"Level":"LogAlways","Keywords":"Audit success","SourceFile":"C:\\Users\\yiuwa\\Desktop\\ict2202 assignment 1\\sample\\C\\Windows\\System32\\winevt\\logs\\Security.evtx","ExtraDataOffset":0,"HiddenRecord":false,"TimeCreated":"2021-09-28T11:25:04.7234020+00:00","RecordNumber":6790}
{"PayloadData1":"Parent process: C:\\Windows\\System32\\upfc.exe","PayloadData2":"PID: 0x1BFC","PayloadData3":"Mandatory label: SECURITY_MANDATORY_SYSTEM_RID","UserName":"WORKGROUP\\MSEDGEWIN10$","ExecutableInfo":"C:\\Windows\\System32\\SIHClient.exe ","MapDescription":"Process tracking","ChunkNumber":86,"Computer":"MSEDGEWIN10","Payload":"{\"EventData\":{\"Data\":[{\"@Name\":\"SubjectUserSid\",\"#text\":\"S-1-5-18\"},{\"@Name\":\"SubjectUserName\",\"#text\":\"MSEDGEWIN10$\"},{\"@Name\":\"SubjectDomainName\",\"#text\":\"WORKGROUP\"},{\"@Name\":\"SubjectLogonId\",\"#text\":\"0x3E7\"},{\"@Name\":\"NewProcessId\",\"#text\":\"0x554\"},{\"@Name\":\"NewProcessName\",\"#text\":\"C:\\\\Windows\\\\System32\\\\SIHClient.exe\"},{\"@Name\":\"TokenElevationType\",\"#text\":\"%%1936\"},{\"@Name\":\"ProcessId\",\"#text\":\"0x1BFC\"},{\"@Name\":\"CommandLine\"},{\"@Name\":\"TargetUserSid\",\"#text\":\"S-1-0-0\"},{\"@Name\":\"TargetUserName\",\"#text\":\"-\"},{\"@Name\":\"TargetDomainName\",\"#text\":\"-\"},{\"@Name\":\"TargetLogonId\",\"#text\":\"0x0\"},{\"@Name\":\"ParentProcessName\",\"#text\":\"C:\\\\Windows\\\\System32\\\\upfc.exe\"},{\"@Name\":\"MandatoryLabel\",\"#text\":\"S-1-16-16384\"}]}}","Channel":"Security","Provider":"Microsoft-Windows-Security-Auditing","EventId":4688,"EventRecordId":"6791","ProcessId":4,"ThreadId":3672,"Level":"LogAlways","Keywords":"Audit success","SourceFile":"C:\\Users\\yiuwa\\Desktop\\ict2202 assignment 1\\sample\\C\\Windows\\System32\\winevt\\logs\\Security.evtx","ExtraDataOffset":0,"HiddenRecord":false,"TimeCreated":"2021-09-28T11:25:43.9856958+00:00","RecordNumber":6791}
{"PayloadData1":"Parent process: C:\\Windows\\explorer.exe","PayloadData2":"PID: 0x338","PayloadData3":"Mandatory label: SECURITY_MANDATORY_MEDIUM_RID","UserName":"MSEDGEWIN10\\IEUser","ExecutableInfo":"C:\\Windows\\System32\\eventvwr.exe ","MapDescription":"Process tracking","ChunkNumber":86,"Computer":"MSEDGEWIN10","Payload":"{\"EventData\":{\"Data\":[{\"@Name\":\"SubjectUserSid\",\"#text\":\"S-1-5-21-321011808-3761883066-353627080-1000\"},{\"@Name\":\"SubjectUserName\",\"#text\":\"IEUser\"},{\"@Name\":\"SubjectDomainName\",\"#text\":\"MSEDGEWIN10\"},{\"@Name\":\"SubjectLogonId\",\"#text\":\"0x582C9\"},{\"@Name\":\"NewProcessId\",\"#text\":\"0x17B4\"},{\"@Name\":\"NewProcessName\",\"#text\":\"C:\\\\Windows\\\\System32\\\\eventvwr.exe\"},{\"@Name\":\"TokenElevationType\",\"#text\":\"%%1938\"},{\"@Name\":\"ProcessId\",\"#text\":\"0x338\"},{\"@Name\":\"CommandLine\"},{\"@Name\":\"TargetUserSid\",\"#text\":\"S-1-0-0\"},{\"@Name\":\"TargetUserName\",\"#text\":\"-\"},{\"@Name\":\"TargetDomainName\",\"#text\":\"-\"},{\"@Name\":\"TargetLogonId\",\"#text\":\"0x0\"},{\"@Name\":\"ParentProcessName\",\"#text\":\"C:\\\\Windows\\\\explorer.exe\"},{\"@Name\":\"MandatoryLabel\",\"#text\":\"S-1-16-8192\"}]}}","Channel":"Security","Provider":"Microsoft-Windows-Security-Auditing","EventId":4688,"EventRecordId":"6792","ProcessId":4,"ThreadId":4668,"Level":"LogAlways","Keywords":"Audit success","SourceFile":"C:\\Users\\yiuwa\\Desktop\\ict2202 assignment 1\\sample\\C\\Windows\\System32\\winevt\\logs\\Security.evtx","ExtraDataOffset":0,"HiddenRecord":false,"TimeCreated":"2021-09-28T11:27:56.8563418+00:00","RecordNumber":6792}
{"PayloadData1":"Parent process: C:\\Windows\\System32\\svchost.exe","PayloadData2":"PID: 0x944","PayloadData3":"Mandatory label: SECURITY_MANDATORY_SYSTEM_RID","UserName":"WORKGROUP\\MSEDGEWIN10$","ExecutableInfo":"C:\\Windows\\System32\\consent.exe ","MapDescription":"Process tracking","ChunkNumber":86,"Computer":"MSEDGEWIN10","Payload":"{\"EventData\":{\"Data\":[{\"@Name\":\"SubjectUserSid\",\"#text\":\"S-1-5-18\"},{\"@Name\":\"SubjectUserName\",\"#text\":\"MSEDGEWIN10$\"},{\"@Name\":\"SubjectDomainName\",\"#text\":\"WORKGROUP\"},{\"@Name\":\"SubjectLogonId\",\"#text\":\"0x3E7\"},{\"@Name\":\"NewProcessId\",\"#text\":\"0x1AAC\"},{\"@Name\":\"NewProcessName\",\"#text\":\"C:\\\\Windows\\\\System32\\\\consent.exe\"},{\"@Name\":\"TokenElevationType\",\"#text\":\"%%1936\"},{\"@Name\":\"ProcessId\",\"#text\":\"0x944\"},{\"@Name\":\"CommandLine\"},{\"@Name\":\"TargetUserSid\",\"#text\":\"S-1-0-0\"},{\"@Name\":\"TargetUserName\",\"#text\":\"-\"},{\"@Name\":\"TargetDomainName\",\"#text\":\"-\"},{\"@Name\":\"TargetLogonId\",\"#text\":\"0x0\"},{\"@Name\":\"ParentProcessName\",\"#text\":\"C:\\\\Windows\\\\System32\\\\svchost.exe\"},{\"@Name\":\"MandatoryLabel\",\"#text\":\"S-1-16-16384\"}]}}","Channel":"Security","Provider":"Microsoft-Windows-Security-Auditing","EventId":4688,"EventRecordId":"6793","ProcessId":4,"ThreadId":4668,"Level":"LogAlways","Keywords":"Audit success","SourceFile":"C:\\Users\\yiuwa\\Desktop\\ict2202 assignment 1\\sample\\C\\Windows\\System32\\winevt\\logs\\Security.evtx","ExtraDataOffset":0,"HiddenRecord":false,"TimeCreated":"2021-09-28T11:27:56.8648222+00:00","RecordNumber":6793}
{"PayloadData1":"Parent process: C:\\Windows\\System32\\svchost.exe","PayloadData2":"PID: 0x32C","PayloadData3":"Mandatory label: SECURITY_MANDATORY_SYSTEM_RID","UserName":"WORKGROUP\\MSEDGEWIN10$","ExecutableInfo":"C:\\Windows\\System32\\dllhost.exe ","MapDescription":"Process tracking","ChunkNumber":86,"Computer":"MSEDGEWIN10","Payload":"{\"EventData\":{\"Data\":[{\"@Name\":\"SubjectUserSid\",\"#text\":\"S-1-5-18\"},{\"@Name\":\"SubjectUserName\",\"#text\":\"MSEDGEWIN10$\"},{\"@Name\":\"SubjectDomainName\",\"#text\":\"WORKGROUP\"},{\"@Name\":\"SubjectLogonId\",\"#text\":\"0x3E7\"},{\"@Name\":\"NewProcessId\",\"#text\":\"0x1238\"},{\"@Name\":\"NewProcessName\",\"#text\":\"C:\\\\Windows\\\\System32\\\\dllhost.exe\"},{\"@Name\":\"TokenElevationType\",\"#text\":\"%%1936\"},{\"@Name\":\"ProcessId\",\"#text\":\"0x32C\"},{\"@Name\":\"CommandLine\"},{\"@Name\":\"TargetUserSid\",\"#text\":\"S-1-0-0\"},{\"@Name\":\"TargetUserName\",\"#text\":\"-\"},{\"@Name\":\"TargetDomainName\",\"#text\":\"-\"},{\"@Name\":\"TargetLogonId\",\"#text\":\"0x0\"},{\"@Name\":\"ParentProcessName\",\"#text\":\"C:\\\\Windows\\\\System32\\\\svchost.exe\"},{\"@Name\":\"MandatoryLabel\",\"#text\":\"S-1-16-16384\"}]}}","Channel":"Security","Provider":"Microsoft-Windows-Security-Auditing","EventId":4688,"EventRecordId":"6794","ProcessId":4,"ThreadId":4668,"Level":"LogAlways","Keywords":"Audit success","SourceFile":"C:\\Users\\yiuwa\\Desktop\\ict2202 assignment 1\\sample\\C\\Windows\\System32\\winevt\\logs\\Security.evtx","ExtraDataOffset":0,"HiddenRecord":false,"TimeCreated":"2021-09-28T11:27:56.9542224+00:00","RecordNumber":6794}
