{"PayloadData1":"Parent process: C:\\Windows\\System32\\smss.exe","PayloadData2":"PID: 0x1A4","PayloadData3":"Mandatory label: SECURITY_MANDATORY_SYSTEM_RID","UserName":"-\\-","ExecutableInfo":"C:\\Windows\\System32\\winlogon.exe ","MapDescription":"Process tracking","ChunkNumber":16,"Computer":"MSEDGEWIN10","Payload":"{\"EventData\":{\"Data\":[{\"@Name\":\"SubjectUserSid\",\"#text\":\"S-1-5-18\"},{\"@Name\":\"SubjectUserName\",\"#text\":\"-\"},{\"@Name\":\"SubjectDomainName\",\"#text\":\"-\"},{\"@Name\":\"SubjectLogonId\",\"#text\":\"0x3E7\"},{\"@Name\":\"NewProcessId\",\"#text\":\"0x1FC\"},{\"@Name\":\"NewProcessName\",\"#text\":\"C:\\\\Windows\\\\System32\\\\winlogon.exe\"},{\"@Name\":\"TokenElevationType\",\"#text\":\"%%1936\"},{\"@Name\":\"ProcessId\",\"#text\":\"0x1A4\"},{\"@Name\":\"CommandLine\"},{\"@Name\":\"TargetUserSid\",\"#text\":\"S-1-0-0\"},{\"@Name\":\"TargetUserName\",\"#text\":\"-\"},{\"@Name\":\"TargetDomainName\",\"#text\":\"-\"},{\"@Name\":\"TargetLogonId\",\"#text\":\"0x0\"},{\"@Name\":\"ParentProcessName\",\"#text\":\"C:\\\\Windows\\\\System32\\\\smss.exe\"},{\"@Name\":\"MandatoryLabel\",\"#text\":\"S-1-16-16384\"}]}}","Channel":"Security","Provider":"Microsoft-Windows-Security-Auditing","EventId":4688,"EventRecordId":"1280","ProcessId":4,"ThreadId":248,"Level":"LogAlways","Keywords":"Audit success","SourceFile":"C:\\Users\\yiuwa\\Desktop\\ict2202 assignment 1\\sample\\C\\Windows\\System32\\winevt\\logs\\Security.evtx","ExtraDataOffset":0,"HiddenRecord":false,"TimeCreated":"2019-03-19T13:10:22.9422670+00:00","RecordNumber":1280}
{"PayloadData1":"Parent process: C:\\Windows\\System32\\wininit.exe","PayloadData2":"PID: 0x1AC","PayloadData3":"Mandatory label: SECURITY_MANDATORY_SYSTEM_RID","UserName":"-\\-","ExecutableInfo":"C:\\Windows\\System32\\services.exe ","MapDescription":"Process tracking","ChunkNumber":16,"Computer":"MSEDGEWIN10","Payload":"{\"EventData\":{\"Data\":[{\"@Name\":\"SubjectUserSid\",\"#text\":\"S-1-5-18\"},{\"@Name\":\"SubjectUserName\",\"#text\":\"-\"},{\"@Name\":\"SubjectDomainName\",\"#text\":\"-\"},{\"@Name\":\"SubjectLogonId\",\"#text\":\"0x3E7\"},{\"@Name\":\"NewProcessId\",\"#text\":\"0x230\"},{\"@Name\":\"NewProcessName\",\"#text\":\"C:\\\\Windows\\\\System32\\\\services.exe\"},{\"@Name\":\"TokenElevationType\",\"#text\":\"%%1936\"},{\"@Name\":\"ProcessId\",\"#text\":\"0x1AC\"},{\"@Name\":\"CommandLine\"},{\"@Name\":\"TargetUserSid\",\"#text\":\"S-1-0-0\"},{\"@Name\":\"TargetUserName\",\"#text\":\"-\"},{\"@Name\":\"TargetDomainName\",\"#text\":\"-\"},{\"@Name\":\"TargetLogonId\",\"#text\":\"0x0\"},{\"@Name\":\"ParentProcessName\",\"#text\":\"C:\\\\Windows\\\\System32\\\\wininit.exe\"},{\"@Name\":\"MandatoryLabel\",\"#text\":\"S-1-16-16384\"}]}}","Channel":"Security","Provider":"Microsoft-Windows-Security-Auditing","EventId":4688,"EventRecordId":"1281","ProcessId":4,"ThreadId":248,"Level":"LogAlways","Keywords":"Audit success","SourceFile":"C:\\Users\\yiuwa\\Desktop\\ict2202 assignment 1\\sample\\C\\Windows\\System32\\winevt\\logs\\Security.evtx","ExtraDataOffset":0,"HiddenRecord":false,"TimeCreated":"2019-03-19T13:10:23.0031192+00:00","RecordNumber":1281}
{"PayloadData1":"Parent process: C:\\Windows\\System32\\wininit.exe","PayloadData2":"PID: 0x1AC","PayloadData3":"Mandatory label: SECURITY_MANDATORY_SYSTEM_RID","UserName":"-\\-","ExecutableInfo":"C:\\Windows\\System32\\lsass.exe ","MapDescription":"Process tracking","ChunkNumber":16,"Computer":"MSEDGEWIN10","Payload":"{\"EventData\":{\"Data\":[{\"@Name\":\"SubjectUserSid\",\"#text\":\"S-1-5-18\"},{\"@Name\":\"SubjectUserName\",\"#text\":\"-\"},{\"@Name\":\"SubjectDomainName\",\"#text\":\"-\"},{\"@Name\":\"SubjectLogonId\",\"#text\":\"0x3E7\"},{\"@Name\":\"NewProcessId\",\"#text\":\"0x240\"},{\"@Name\":\"NewProcessName\",\"#text\":\"C:\\\\Windows\\\\System32\\\\lsass.exe\"},{\"@Name\":\"TokenElevationType\",\"#text\":\"%%1936\"},{\"@Name\":\"ProcessId\",\"#text\":\"0x1AC\"},{\"@Name\":\"CommandLine\"},{\"@Name\":\"TargetUserSid\",\"#text\":\"S-1-0-0\"},{\"@Name\":\"TargetUserName\",\"#text\":\"-\"},{\"@Name\":\"TargetDomainName\",\"#text\":\"-\"},{\"@Name\":\"TargetLogonId\",\"#text\":\"0x0\"},{\"@Name\":\"ParentProcessName\",\"#text\":\"C:\\\\Windows\\\\System32\\\\wininit.exe\"},{\"@Name\":\"MandatoryLabel\",\"#text\":\"S-1-16-16384\"}]}}","Channel":"Security","Provider":"Microsoft-Windows-Security-Auditing","EventId":4688,"EventRecordId":"1282","ProcessId":4,"ThreadId":248,"Level":"LogAlways","Keywords":"Audit success","SourceFile":"C:\\Users\\yiuwa\\Desktop\\ict2202 assignment 1\\sample\\C\\Windows\\System32\\winevt\\logs\\Security.evtx","ExtraDataOffset":0,"HiddenRecord":false,"TimeCreated":"2019-03-19T13:10:23.0216281+00:00","RecordNumber":1282}
{"PayloadData1":"Parent process: ","PayloadData2":"PID: 0x4","PayloadData3":"Mandatory label: SECURITY_MANDATORY_SYSTEM_RID","UserName":"-\\-","ExecutableInfo":"Registry ","MapDescription":"Process tracking","ChunkNumber":17,"Computer":"MSEDGEWIN10","Payload":"{\"EventData\":{\"Data\":[{\"@Name\":\"SubjectUserSid\",\"#text\":\"S-1-5-18\"},{\"@Name\":\"SubjectUserName\",\"#text\":\"-\"},{\"@Name\":\"SubjectDomainName\",\"#text\":\"-\"},{\"@Name\":\"SubjectLogonId\",\"#text\":\"0x3E7\"},{\"@Name\":\"NewProcessId\",\"#text\":\"0x58\"},{\"@Name\":\"NewProcessName\",\"#text\":\"Registry\"},{\"@Name\":\"TokenElevationType\",\"#text\":\"%%1936\"},{\"@Name\":\"ProcessId\",\"#text\":\"0x4\"},{\"@Name\":\"CommandLine\"},{\"@Name\":\"TargetUserSid\",\"#text\":\"S-1-0-0\"},{\"@Name\":\"TargetUserName\",\"#text\":\"-\"},{\"@Name\":\"TargetDomainName\",\"#text\":\"-\"},{\"@Name\":\"TargetLogonId\",\"#text\":\"0x0\"},{\"@Name\":\"ParentProcessName\"},{\"@Name\":\"MandatoryLabel\",\"#text\":\"S-1-16-16384\"}]}}","Channel":"Security","Provider":"Microsoft-Windows-Security-Auditing","EventId":4688,"EventRecordId":"1379","ProcessId":4,"ThreadId":32,"Level":"LogAlways","Keywords":"Audit success","SourceFile":"C:\\Users\\yiuwa\\Desktop\\ict2202 assignment 1\\sample\\C\\Windows\\System32\\winevt\\logs\\Security.evtx","ExtraDataOffset":0,"HiddenRecord":false,"TimeCreated":"2019-03-19T13:11:14.1537717+00:00","RecordNumber":1379}
{"PayloadData1":"Parent process: ","PayloadData2":"PID: 0x4","PayloadData3":"Mandatory label: SECURITY_MANDATORY_SYSTEM_RID","UserName":"-\\-","ExecutableInfo":"C:\\Windows\\System32\\smss.exe ","MapDescription":"Process tracking","ChunkNumber":17,"Computer":"MSEDGEWIN10","Payload":"{\"EventData\":{\"Data\":[{\"@Name\":\"SubjectUserSid\",\"#text\":\"S-1-5-18\"},{\"@Name\":\"SubjectUserName\",\"#text\":\"-\"},{\"@Name\":\"SubjectDomainName\",\"#text\":\"-\"},{\"@Name\":\"SubjectLogonId\",\"#text\":\"0x3E7\"},{\"@Name\":\"NewProcessId\",\"#text\":\"0x10C\"},{\"@Name\":\"NewProcessName\",\"#text\":\"C:\\\\Windows\\\\System32\\\\smss.exe\"},{\"@Name\":\"TokenElevationType\",\"#text\":\"%%1936\"},{\"@Name\":\"ProcessId\",\"#text\":\"0x4\"},{\"@Name\":\"CommandLine\"},{\"@Name\":\"TargetUserSid\",\"#text\":\"S-1-0-0\"},{\"@Name\":\"TargetUserName\",\"#text\":\"-\"},{\"@Name\":\"TargetDomainName\",\"#text\":\"-\"},{\"@Name\":\"TargetLogonId\",\"#text\":\"0x0\"},{\"@Name\":\"ParentProcessName\"},{\"@Name\":\"MandatoryLabel\",\"#text\":\"S-1-16-16384\"}]}}","Channel":"Security","Provider":"Microsoft-Windows-Security-Auditing","EventId":4688,"EventRecordId":"1382","ProcessId":4,"ThreadId":224,"Level":"LogAlways","Keywords":"Audit success","SourceFile":"C:\\Users\\yiuwa\\Desktop\\ict2202 assignment 1\\sample\\C\\Windows\\System32\\winevt\\logs\\Security.evtx","ExtraDataOffset":0,"HiddenRecord":false,"TimeCreated":"2019-03-19T13:11:14.1563702+00:00","RecordNumber":1382}
{"PayloadData1":"Parent process: C:\\Windows\\System32\\smss.exe","PayloadData2":"PID: 0x10C","PayloadData3":"Mandatory label: SECURITY_MANDATORY_SYSTEM_RID","UserName":"-\\-","ExecutableInfo":"C:\\Windows\\System32\\autochk.exe ","MapDescription":"Process tracking","ChunkNumber":17,"Computer":"MSEDGEWIN10","Payload":"{\"EventData\":{\"Data\":[{\"@Name\":\"SubjectUserSid\",\"#text\":\"S-1-5-18\"},{\"@Name\":\"SubjectUserName\",\"#text\":\"-\"},{\"@Name\":\"SubjectDomainName\",\"#text\":\"-\"},{\"@Name\":\"SubjectLogonId\",\"#text\":\"0x3E7\"},{\"@Name\":\"NewProcessId\",\"#text\":\"0x128\"},{\"@Name\":\"NewProcessName\",\"#text\":\"C:\\\\Windows\\\\System32\\\\autochk.exe\"},{\"@Name\":\"TokenElevationType\",\"#text\":\"%%1936\"},{\"@Name\":\"ProcessId\",\"#text\":\"0x10C\"},{\"@Name\":\"CommandLine\"},{\"@Name\":\"TargetUserSid\",\"#text\":\"S-1-0-0\"},{\"@Name\":\"TargetUserName\",\"#text\":\"-\"},{\"@Name\":\"TargetDomainName\",\"#text\":\"-\"},{\"@Name\":\"TargetLogonId\",\"#text\":\"0x0\"},{\"@Name\":\"ParentProcessName\",\"#text\":\"C:\\\\Windows\\\\System32\\\\smss.exe\"},{\"@Name\":\"MandatoryLabel\",\"#text\":\"S-1-16-16384\"}]}}","Channel":"Security","Provider":"Microsoft-Windows-Security-Auditing","EventId":4688,"EventRecordId":"1383","ProcessId":4,"ThreadId":244,"Level":"LogAlways","Keywords":"Audit success","SourceFile":"C:\\Users\\yiuwa\\Desktop\\ict2202 assignment 1\\sample\\C\\Windows\\System32\\winevt\\logs\\Security.evtx","ExtraDataOffset":0,"HiddenRecord":false,"TimeCreated":"2019-03-19T13:11:14.3685514+00:00","RecordNumber":1383}
{"PayloadData1":"Parent process: C:\\Windows\\System32\\smss.exe","PayloadData2":"PID: 0x10C","PayloadData3":"Mandatory label: SECURITY_MANDATORY_SYSTEM_RID","UserName":"-\\-","ExecutableInfo":"C:\\Windows\\System32\\smss.exe ","MapDescription":"Process tracking","ChunkNumber":17,"Computer":"MSEDGEWIN10","Payload":"{\"EventData\":{\"Data\":[{\"@Name\":\"SubjectUserSid\",\"#text\":\"S-1-5-18\"},{\"@Name\":\"SubjectUserName\",\"#text\":\"-\"},{\"@Name\":\"SubjectDomainName\",\"#text\":\"-\"},{\"@Name\":\"SubjectLogonId\",\"#text\":\"0x3E7\"},{\"@Name\":\"NewProcessId\",\"#text\":\"0x160\"},{\"@Name\":\"NewProcessName\",\"#text\":\"C:\\\\Windows\\\\System32\\\\smss.exe\"},{\"@Name\":\"TokenElevationType\",\"#text\":\"%%1936\"},{\"@Name\":\"ProcessId\",\"#text\":\"0x10C\"},{\"@Name\":\"CommandLine\"},{\"@Name\":\"TargetUserSid\",\"#text\":\"S-1-0-0\"},{\"@Name\":\"TargetUserName\",\"#text\":\"-\"},{\"@Name\":\"TargetDomainName\",\"#text\":\"-\"},{\"@Name\":\"TargetLogonId\",\"#text\":\"0x0\"},{\"@Name\":\"ParentProcessName\",\"#text\":\"C:\\\\Windows\\\\System32\\\\smss.exe\"},{\"@Name\":\"MandatoryLabel\",\"#text\":\"S-1-16-16384\"}]}}","Channel":"Security","Provider":"Microsoft-Windows-Security-Auditing","EventId":4688,"EventRecordId":"1384","ProcessId":4,"ThreadId":32,"Level":"LogAlways","Keywords":"Audit success","SourceFile":"C:\\Users\\yiuwa\\Desktop\\ict2202 assignment 1\\sample\\C\\Windows\\System32\\winevt\\logs\\Security.evtx","ExtraDataOffset":0,"HiddenRecord":false,"TimeCreated":"2019-03-19T13:11:14.8668125+00:00","RecordNumber":1384}
{"PayloadData1":"Parent process: C:\\Windows\\System32\\smss.exe","PayloadData2":"PID: 0x160","PayloadData3":"Mandatory label: SECURITY_MANDATORY_SYSTEM_RID","UserName":"-\\-","ExecutableInfo":"C:\\Windows\\System32\\csrss.exe ","MapDescription":"Process tracking","ChunkNumber":17,"Computer":"MSEDGEWIN10","Payload":"{\"EventData\":{\"Data\":[{\"@Name\":\"SubjectUserSid\",\"#text\":\"S-1-5-18\"},{\"@Name\":\"SubjectUserName\",\"#text\":\"-\"},{\"@Name\":\"SubjectDomainName\",\"#text\":\"-\"},{\"@Name\":\"SubjectLogonId\",\"#text\":\"0x3E7\"},{\"@Name\":\"NewProcessId\",\"#text\":\"0x168\"},{\"@Name\":\"NewProcessName\",\"#text\":\"C:\\\\Windows\\\\System32\\\\csrss.exe\"},{\"@Name\":\"TokenElevationType\",\"#text\":\"%%1936\"},{\"@Name\":\"ProcessId\",\"#text\":\"0x160\"},{\"@Name\":\"CommandLine\"},{\"@Name\":\"TargetUserSid\",\"#text\":\"S-1-0-0\"},{\"@Name\":\"TargetUserName\",\"#text\":\"-\"},{\"@Name\":\"TargetDomainName\",\"#text\":\"-\"},{\"@Name\":\"TargetLogonId\",\"#text\":\"0x0\"},{\"@Name\":\"ParentProcessName\",\"#text\":\"C:\\\\Windows\\\\System32\\\\smss.exe\"},{\"@Name\":\"MandatoryLabel\",\"#text\":\"S-1-16-16384\"}]}}","Channel":"Security","Provider":"Microsoft-Windows-Security-Auditing","EventId":4688,"EventRecordId":"1385","ProcessId":4,"ThreadId":244,"Level":"LogAlways","Keywords":"Audit success","SourceFile":"C:\\Users\\yiuwa\\Desktop\\ict2202 assignment 1\\sample\\C\\Windows\\System32\\winevt\\logs\\Security.evtx","ExtraDataOffset":0,"HiddenRecord":false,"TimeCreated":"2019-03-19T13:11:14.9220761+00:00","RecordNumber":1385}
{"PayloadData1":"Parent process: C:\\Windows\\System32\\smss.exe","PayloadData2":"PID: 0x10C","PayloadData3":"Mandatory label: SECURITY_MANDATORY_SYSTEM_RID","UserName":"-\\-","ExecutableInfo":"C:\\Windows\\System32\\smss.exe ","MapDescription":"Process tracking","ChunkNumber":17,"Computer":"MSEDGEWIN10","Payload":"{\"EventData\":{\"Data\":[{\"@Name\":\"SubjectUserSid\",\"#text\":\"S-1-5-18\"},{\"@Name\":\"SubjectUserName\",\"#text\":\"-\"},{\"@Name\":\"SubjectDomainName\",\"#text\":\"-\"},{\"@Name\":\"SubjectLogonId\",\"#text\":\"0x3E7\"},{\"@Name\":\"NewProcessId\",\"#text\":\"0x1A8\"},{\"@Name\":\"NewProcessName\",\"#text\":\"C:\\\\Windows\\\\System32\\\\smss.exe\"},{\"@Name\":\"TokenElevationType\",\"#text\":\"%%1936\"},{\"@Name\":\"ProcessId\",\"#text\":\"0x10C\"},{\"@Name\":\"CommandLine\"},{\"@Name\":\"TargetUserSid\",\"#text\":\"S-1-0-0\"},{\"@Name\":\"TargetUserName\",\"#text\":\"-\"},{\"@Name\":\"TargetDomainName\",\"#text\":\"-\"},{\"@Name\":\"TargetLogonId\",\"#text\":\"0x0\"},{\"@Name\":\"ParentProcessName\",\"#text\":\"C:\\\\Windows\\\\System32\\\\smss.exe\"},{\"@Name\":\"MandatoryLabel\",\"#text\":\"S-1-16-16384\"}]}}","Channel":"Security","Provider":"Microsoft-Windows-Security-Auditing","EventId":4688,"EventRecordId":"1386","ProcessId":4,"ThreadId":244,"Level":"LogAlways","Keywords":"Audit success","SourceFile":"C:\\Users\\yiuwa\\Desktop\\ict2202 assignment 1\\sample\\C\\Windows\\System32\\winevt\\logs\\Security.evtx","ExtraDataOffset":0,"HiddenRecord":false,"TimeCreated":"2019-03-19T13:11:14.9945261+00:00","RecordNumber":1386}
{"PayloadData1":"Parent process: C:\\Windows\\System32\\smss.exe","PayloadData2":"PID: 0x160","PayloadData3":"Mandatory label: SECURITY_MANDATORY_SYSTEM_RID","UserName":"-\\-","ExecutableInfo":"C:\\Windows\\System32\\wininit.exe ","MapDescription":"Process tracking","ChunkNumber":17,"Computer":"MSEDGEWIN10","Payload":"{\"EventData\":{\"Data\":[{\"@Name\":\"SubjectUserSid\",\"#text\":\"S-1-5-18\"},{\"@Name\":\"SubjectUserName\",\"#text\":\"-\"},{\"@Name\":\"SubjectDomainName\",\"#text\":\"-\"},{\"@Name\":\"SubjectLogonId\",\"#text\":\"0x3E7\"},{\"@Name\":\"NewProcessId\",\"#text\":\"0x1B0\"},{\"@Name\":\"NewProcessName\",\"#text\":\"C:\\\\Windows\\\\System32\\\\wininit.exe\"},{\"@Name\":\"TokenElevationType\",\"#text\":\"%%1936\"},{\"@Name\":\"ProcessId\",\"#text\":\"0x160\"},{\"@Name\":\"CommandLine\"},{\"@Name\":\"TargetUserSid\",\"#text\":\"S-1-0-0\"},{\"@Name\":\"TargetUserName\",\"#text\":\"-\"},{\"@Name\":\"TargetDomainName\",\"#text\":\"-\"},{\"@Name\":\"TargetLogonId\",\"#text\":\"0x0\"},{\"@Name\":\"ParentProcessName\",\"#text\":\"C:\\\\Windows\\\\System32\\\\smss.exe\"},{\"@Name\":\"MandatoryLabel\",\"#text\":\"S-1-16-16384\"}]}}","Channel":"Security","Provider":"Microsoft-Windows-Security-Auditing","EventId":4688,"EventRecordId":"1387","ProcessId":4,"ThreadId":244,"Level":"LogAlways","Keywords":"Audit success","SourceFile":"C:\\Users\\yiuwa\\Desktop\\ict2202 assignment 1\\sample\\C\\Windows\\System32\\winevt\\logs\\Security.evtx","ExtraDataOffset":0,"HiddenRecord":false,"TimeCreated":"2019-03-19T13:11:14.9965856+00:00","RecordNumber":1387}
{"PayloadData1":"Parent process: C:\\Windows\\System32\\smss.exe","PayloadData2":"PID: 0x1A8","PayloadData3":"Mandatory label: SECURITY_MANDATORY_SYSTEM_RID","UserName":"-\\-","ExecutableInfo":"C:\\Windows\\System32\\csrss.exe ","MapDescription":"Process tracking","ChunkNumber":17,"Computer":"MSEDGEWIN10","Payload":"{\"EventData\":{\"Data\":[{\"@Name\":\"SubjectUserSid\",\"#text\":\"S-1-5-18\"},{\"@Name\":\"SubjectUserName\",\"#text\":\"-\"},{\"@Name\":\"SubjectDomainName\",\"#text\":\"-\"},{\"@Name\":\"SubjectLogonId\",\"#text\":\"0x3E7\"},{\"@Name\":\"NewProcessId\",\"#text\":\"0x1C0\"},{\"@Name\":\"NewProcessName\",\"#text\":\"C:\\\\Windows\\\\System32\\\\csrss.exe\"},{\"@Name\":\"TokenElevationType\",\"#text\":\"%%1936\"},{\"@Name\":\"ProcessId\",\"#text\":\"0x1A8\"},{\"@Name\":\"CommandLine\"},{\"@Name\":\"TargetUserSid\",\"#text\":\"S-1-0-0\"},{\"@Name\":\"TargetUserName\",\"#text\":\"-\"},{\"@Name\":\"TargetDomainName\",\"#text\":\"-\"},{\"@Name\":\"TargetLogonId\",\"#text\":\"0x0\"},{\"@Name\":\"ParentProcessName\",\"#text\":\"C:\\\\Windows\\\\System32\\\\smss.exe\"},{\"@Name\":\"MandatoryLabel\",\"#text\":\"S-1-16-16384\"}]}}","Channel":"Security","Provider":"Microsoft-Windows-Security-Auditing","EventId":4688,"EventRecordId":"1388","ProcessId":4,"ThreadId":244,"Level":"LogAlways","Keywords":"Audit success","SourceFile":"C:\\Users\\yiuwa\\Desktop\\ict2202 assignment 1\\sample\\C\\Windows\\System32\\winevt\\logs\\Security.evtx","ExtraDataOffset":0,"HiddenRecord":false,"TimeCreated":"2019-03-19T13:11:15.0044007+00:00","RecordNumber":1388}
{"PayloadData1":"Parent process: C:\\Windows\\System32\\smss.exe","PayloadData2":"PID: 0x1A8","PayloadData3":"Mandatory label: SECURITY_MANDATORY_SYSTEM_RID","UserName":"-\\-","ExecutableInfo":"C:\\Windows\\System32\\winlogon.exe ","MapDescription":"Process tracking","ChunkNumber":17,"Computer":"MSEDGEWIN10","Payload":"{\"EventData\":{\"Data\":[{\"@Name\":\"SubjectUserSid\",\"#text\":\"S-1-5-18\"},{\"@Name\":\"SubjectUserName\",\"#text\":\"-\"},{\"@Name\":\"SubjectDomainName\",\"#text\":\"-\"},{\"@Name\":\"SubjectLogonId\",\"#text\":\"0x3E7\"},{\"@Name\":\"NewProcessId\",\"#text\":\"0x204\"},{\"@Name\":\"NewProcessName\",\"#text\":\"C:\\\\Windows\\\\System32\\\\winlogon.exe\"},{\"@Name\":\"TokenElevationType\",\"#text\":\"%%1936\"},{\"@Name\":\"ProcessId\",\"#text\":\"0x1A8\"},{\"@Name\":\"CommandLine\"},{\"@Name\":\"TargetUserSid\",\"#text\":\"S-1-0-0\"},{\"@Name\":\"TargetUserName\",\"#text\":\"-\"},{\"@Name\":\"TargetDomainName\",\"#text\":\"-\"},{\"@Name\":\"TargetLogonId\",\"#text\":\"0x0\"},{\"@Name\":\"ParentProcessName\",\"#text\":\"C:\\\\Windows\\\\System32\\\\smss.exe\"},{\"@Name\":\"MandatoryLabel\",\"#text\":\"S-1-16-16384\"}]}}","Channel":"Security","Provider":"Microsoft-Windows-Security-Auditing","EventId":4688,"EventRecordId":"1389","ProcessId":4,"ThreadId":244,"Level":"LogAlways","Keywords":"Audit success","SourceFile":"C:\\Users\\yiuwa\\Desktop\\ict2202 assignment 1\\sample\\C\\Windows\\System32\\winevt\\logs\\Security.evtx","ExtraDataOffset":0,"HiddenRecord":false,"TimeCreated":"2019-03-19T13:11:15.0306545+00:00","RecordNumber":1389}
{"PayloadData1":"Parent process: C:\\Windows\\System32\\wininit.exe","PayloadData2":"PID: 0x1B0","PayloadData3":"Mandatory label: SECURITY_MANDATORY_SYSTEM_RID","UserName":"-\\-","ExecutableInfo":"C:\\Windows\\System32\\services.exe ","MapDescription":"Process tracking","ChunkNumber":17,"Computer":"MSEDGEWIN10","Payload":"{\"EventData\":{\"Data\":[{\"@Name\":\"SubjectUserSid\",\"#text\":\"S-1-5-18\"},{\"@Name\":\"SubjectUserName\",\"#text\":\"-\"},{\"@Name\":\"SubjectDomainName\",\"#text\":\"-\"},{\"@Name\":\"SubjectLogonId\",\"#text\":\"0x3E7\"},{\"@Name\":\"NewProcessId\",\"#text\":\"0x238\"},{\"@Name\":\"NewProcessName\",\"#text\":\"C:\\\\Windows\\\\System32\\\\services.exe\"},{\"@Name\":\"TokenElevationType\",\"#text\":\"%%1936\"},{\"@Name\":\"ProcessId\",\"#text\":\"0x1B0\"},{\"@Name\":\"CommandLine\"},{\"@Name\":\"TargetUserSid\",\"#text\":\"S-1-0-0\"},{\"@Name\":\"TargetUserName\",\"#text\":\"-\"},{\"@Name\":\"TargetDomainName\",\"#text\":\"-\"},{\"@Name\":\"TargetLogonId\",\"#text\":\"0x0\"},{\"@Name\":\"ParentProcessName\",\"#text\":\"C:\\\\Windows\\\\System32\\\\wininit.exe\"},{\"@Name\":\"MandatoryLabel\",\"#text\":\"S-1-16-16384\"}]}}","Channel":"Security","Provider":"Microsoft-Windows-Security-Auditing","EventId":4688,"EventRecordId":"1390","ProcessId":4,"ThreadId":244,"Level":"LogAlways","Keywords":"Audit success","SourceFile":"C:\\Users\\yiuwa\\Desktop\\ict2202 assignment 1\\sample\\C\\Windows\\System32\\winevt\\logs\\Security.evtx","ExtraDataOffset":0,"HiddenRecord":false,"TimeCreated":"2019-03-19T13:11:15.0815647+00:00","RecordNumber":1390}
{"PayloadData1":"Parent process: C:\\Windows\\System32\\wininit.exe","PayloadData2":"PID: 0x1B0","PayloadData3":"Mandatory label: SECURITY_MANDATORY_SYSTEM_RID","UserName":"-\\-","ExecutableInfo":"C:\\Windows\\System32\\lsass.exe ","MapDescription":"Process tracking","ChunkNumber":17,"Computer":"MSEDGEWIN10","Payload":"{\"EventData\":{\"Data\":[{\"@Name\":\"SubjectUserSid\",\"#text\":\"S-1-5-18\"},{\"@Name\":\"SubjectUserName\",\"#text\":\"-\"},{\"@Name\":\"SubjectDomainName\",\"#text\":\"-\"},{\"@Name\":\"SubjectLogonId\",\"#text\":\"0x3E7\"},{\"@Name\":\"NewProcessId\",\"#text\":\"0x240\"},{\"@Name\":\"NewProcessName\",\"#text\":\"C:\\\\Windows\\\\System32\\\\lsass.exe\"},{\"@Name\":\"TokenElevationType\",\"#text\":\"%%1936\"},{\"@Name\":\"ProcessId\",\"#text\":\"0x1B0\"},{\"@Name\":\"CommandLine\"},{\"@Name\":\"TargetUserSid\",\"#text\":\"S-1-0-0\"},{\"@Name\":\"TargetUserName\",\"#text\":\"-\"},{\"@Name\":\"TargetDomainName\",\"#text\":\"-\"},{\"@Name\":\"TargetLogonId\",\"#text\":\"0x0\"},{\"@Name\":\"ParentProcessName\",\"#text\":\"C:\\\\Windows\\\\System32\\\\wininit.exe\"},{\"@Name\":\"MandatoryLabel\",\"#text\":\"S-1-16-16384\"}]}}","Channel":"Security","Provider":"Microsoft-Windows-Security-Auditing","EventId":4688,"EventRecordId":"1391","ProcessId":4,"ThreadId":108,"Level":"LogAlways","Keywords":"Audit success","SourceFile":"C:\\Users\\yiuwa\\Desktop\\ict2202 assignment 1\\sample\\C\\Windows\\System32\\winevt\\logs\\Security.evtx","ExtraDataOffset":0,"HiddenRecord":false,"TimeCreated":"2019-03-19T13:11:15.0998679+00:00","RecordNumber":1391}
{"PayloadData1":"Parent process: ","PayloadData2":"PID: 0x4","PayloadData3":"Mandatory label: SECURITY_MANDATORY_SYSTEM_RID","UserName":"-\\-","ExecutableInfo":"Registry ","MapDescription":"Process tracking","ChunkNumber":19,"Computer":"MSEDGEWIN10","Payload":"{\"EventData\":{\"Data\":[{\"@Name\":\"SubjectUserSid\",\"#text\":\"S-1-5-18\"},{\"@Name\":\"SubjectUserName\",\"#text\":\"-\"},{\"@Name\":\"SubjectDomainName\",\"#text\":\"-\"},{\"@Name\":\"SubjectLogonId\",\"#text\":\"0x3E7\"},{\"@Name\":\"NewProcessId\",\"#text\":\"0x58\"},{\"@Name\":\"NewProcessName\",\"#text\":\"Registry\"},{\"@Name\":\"TokenElevationType\",\"#text\":\"%%1936\"},{\"@Name\":\"ProcessId\",\"#text\":\"0x4\"},{\"@Name\":\"CommandLine\"},{\"@Name\":\"TargetUserSid\",\"#text\":\"S-1-0-0\"},{\"@Name\":\"TargetUserName\",\"#text\":\"-\"},{\"@Name\":\"TargetDomainName\",\"#text\":\"-\"},{\"@Name\":\"TargetLogonId\",\"#text\":\"0x0\"},{\"@Name\":\"ParentProcessName\"},{\"@Name\":\"MandatoryLabel\",\"#text\":\"S-1-16-16384\"}]}}","Channel":"Security","Provider":"Microsoft-Windows-Security-Auditing","EventId":4688,"EventRecordId":"1488","ProcessId":4,"ThreadId":32,"Level":"LogAlways","Keywords":"Audit success","SourceFile":"C:\\Users\\yiuwa\\Desktop\\ict2202 assignment 1\\sample\\C\\Windows\\System32\\winevt\\logs\\Security.evtx","ExtraDataOffset":0,"HiddenRecord":false,"TimeCreated":"2019-03-19T13:12:06.0197269+00:00","RecordNumber":1488}
{"PayloadData1":"Parent process: ","PayloadData2":"PID: 0x4","PayloadData3":"Mandatory label: SECURITY_MANDATORY_SYSTEM_RID","UserName":"-\\-","ExecutableInfo":"C:\\Windows\\System32\\smss.exe ","MapDescription":"Process tracking","ChunkNumber":19,"Computer":"MSEDGEWIN10","Payload":"{\"EventData\":{\"Data\":[{\"@Name\":\"SubjectUserSid\",\"#text\":\"S-1-5-18\"},{\"@Name\":\"SubjectUserName\",\"#text\":\"-\"},{\"@Name\":\"SubjectDomainName\",\"#text\":\"-\"},{\"@Name\":\"SubjectLogonId\",\"#text\":\"0x3E7\"},{\"@Name\":\"NewProcessId\",\"#text\":\"0x10C\"},{\"@Name\":\"NewProcessName\",\"#text\":\"C:\\\\Windows\\\\System32\\\\smss.exe\"},{\"@Name\":\"TokenElevationType\",\"#text\":\"%%1936\"},{\"@Name\":\"ProcessId\",\"#text\":\"0x4\"},{\"@Name\":\"CommandLine\"},{\"@Name\":\"TargetUserSid\",\"#text\":\"S-1-0-0\"},{\"@Name\":\"TargetUserName\",\"#text\":\"-\"},{\"@Name\":\"TargetDomainName\",\"#text\":\"-\"},{\"@Name\":\"TargetLogonId\",\"#text\":\"0x0\"},{\"@Name\":\"ParentProcessName\"},{\"@Name\":\"MandatoryLabel\",\"#text\":\"S-1-16-16384\"}]}}","Channel":"Security","Provider":"Microsoft-Windows-Security-Auditing","EventId":4688,"EventRecordId":"1491","ProcessId":4,"ThreadId":240,"Level":"LogAlways","Keywords":"Audit success","SourceFile":"C:\\Users\\yiuwa\\Desktop\\ict2202 assignment 1\\sample\\C\\Windows\\System32\\winevt\\logs\\Security.evtx","ExtraDataOffset":0,"HiddenRecord":false,"TimeCreated":"2019-03-19T13:12:06.0222065+00:00","RecordNumber":1491}
{"PayloadData1":"Parent process: C:\\Windows\\System32\\smss.exe","PayloadData2":"PID: 0x10C","PayloadData3":"Mandatory label: SECURITY_MANDATORY_SYSTEM_RID","UserName":"-\\-","ExecutableInfo":"C:\\Windows\\System32\\autochk.exe ","MapDescription":"Process tracking","ChunkNumber":19,"Computer":"MSEDGEWIN10","Payload":"{\"EventData\":{\"Data\":[{\"@Name\":\"SubjectUserSid\",\"#text\":\"S-1-5-18\"},{\"@Name\":\"SubjectUserName\",\"#text\":\"-\"},{\"@Name\":\"SubjectDomainName\",\"#text\":\"-\"},{\"@Name\":\"SubjectLogonId\",\"#text\":\"0x3E7\"},{\"@Name\":\"NewProcessId\",\"#text\":\"0x124\"},{\"@Name\":\"NewProcessName\",\"#text\":\"C:\\\\Windows\\\\System32\\\\autochk.exe\"},{\"@Name\":\"TokenElevationType\",\"#text\":\"%%1936\"},{\"@Name\":\"ProcessId\",\"#text\":\"0x10C\"},{\"@Name\":\"CommandLine\"},{\"@Name\":\"TargetUserSid\",\"#text\":\"S-1-0-0\"},{\"@Name\":\"TargetUserName\",\"#text\":\"-\"},{\"@Name\":\"TargetDomainName\",\"#text\":\"-\"},{\"@Name\":\"TargetLogonId\",\"#text\":\"0x0\"},{\"@Name\":\"ParentProcessName\",\"#text\":\"C:\\\\Windows\\\\System32\\\\smss.exe\"},{\"@Name\":\"MandatoryLabel\",\"#text\":\"S-1-16-16384\"}]}}","Channel":"Security","Provider":"Microsoft-Windows-Security-Auditing","EventId":4688,"EventRecordId":"1492","ProcessId":4,"ThreadId":240,"Level":"LogAlways","Keywords":"Audit success","SourceFile":"C:\\Users\\yiuwa\\Desktop\\ict2202 assignment 1\\sample\\C\\Windows\\System32\\winevt\\logs\\Security.evtx","ExtraDataOffset":0,"HiddenRecord":false,"TimeCreated":"2019-03-19T13:12:06.2387524+00:00","RecordNumber":1492}
{"PayloadData1":"Parent process: C:\\Windows\\System32\\smss.exe","PayloadData2":"PID: 0x10C","PayloadData3":"Mandatory label: SECURITY_MANDATORY_SYSTEM_RID","UserName":"-\\-","ExecutableInfo":"C:\\Windows\\System32\\smss.exe ","MapDescription":"Process tracking","ChunkNumber":19,"Computer":"MSEDGEWIN10","Payload":"{\"EventData\":{\"Data\":[{\"@Name\":\"SubjectUserSid\",\"#text\":\"S-1-5-18\"},{\"@Name\":\"SubjectUserName\",\"#text\":\"-\"},{\"@Name\":\"SubjectDomainName\",\"#text\":\"-\"},{\"@Name\":\"SubjectLogonId\",\"#text\":\"0x3E7\"},{\"@Name\":\"NewProcessId\",\"#text\":\"0x15C\"},{\"@Name\":\"NewProcessName\",\"#text\":\"C:\\\\Windows\\\\System32\\\\smss.exe\"},{\"@Name\":\"TokenElevationType\",\"#text\":\"%%1936\"},{\"@Name\":\"ProcessId\",\"#text\":\"0x10C\"},{\"@Name\":\"CommandLine\"},{\"@Name\":\"TargetUserSid\",\"#text\":\"S-1-0-0\"},{\"@Name\":\"TargetUserName\",\"#text\":\"-\"},{\"@Name\":\"TargetDomainName\",\"#text\":\"-\"},{\"@Name\":\"TargetLogonId\",\"#text\":\"0x0\"},{\"@Name\":\"ParentProcessName\",\"#text\":\"C:\\\\Windows\\\\System32\\\\smss.exe\"},{\"@Name\":\"MandatoryLabel\",\"#text\":\"S-1-16-16384\"}]}}","Channel":"Security","Provider":"Microsoft-Windows-Security-Auditing","EventId":4688,"EventRecordId":"1493","ProcessId":4,"ThreadId":248,"Level":"LogAlways","Keywords":"Audit success","SourceFile":"C:\\Users\\yiuwa\\Desktop\\ict2202 assignment 1\\sample\\C\\Windows\\System32\\winevt\\logs\\Security.evtx","ExtraDataOffset":0,"HiddenRecord":false,"TimeCreated":"2019-03-19T13:12:06.7301814+00:00","RecordNumber":1493}
{"PayloadData1":"Parent process: C:\\Windows\\System32\\smss.exe","PayloadData2":"PID: 0x15C","PayloadData3":"Mandatory label: SECURITY_MANDATORY_SYSTEM_RID","UserName":"-\\-","ExecutableInfo":"C:\\Windows\\System32\\csrss.exe ","MapDescription":"Process tracking","ChunkNumber":19,"Computer":"MSEDGEWIN10","Payload":"{\"EventData\":{\"Data\":[{\"@Name\":\"SubjectUserSid\",\"#text\":\"S-1-5-18\"},{\"@Name\":\"SubjectUserName\",\"#text\":\"-\"},{\"@Name\":\"SubjectDomainName\",\"#text\":\"-\"},{\"@Name\":\"SubjectLogonId\",\"#text\":\"0x3E7\"},{\"@Name\":\"NewProcessId\",\"#text\":\"0x164\"},{\"@Name\":\"NewProcessName\",\"#text\":\"C:\\\\Windows\\\\System32\\\\csrss.exe\"},{\"@Name\":\"TokenElevationType\",\"#text\":\"%%1936\"},{\"@Name\":\"ProcessId\",\"#text\":\"0x15C\"},{\"@Name\":\"CommandLine\"},{\"@Name\":\"TargetUserSid\",\"#text\":\"S-1-0-0\"},{\"@Name\":\"TargetUserName\",\"#text\":\"-\"},{\"@Name\":\"TargetDomainName\",\"#text\":\"-\"},{\"@Name\":\"TargetLogonId\",\"#text\":\"0x0\"},{\"@Name\":\"ParentProcessName\",\"#text\":\"C:\\\\Windows\\\\System32\\\\smss.exe\"},{\"@Name\":\"MandatoryLabel\",\"#text\":\"S-1-16-16384\"}]}}","Channel":"Security","Provider":"Microsoft-Windows-Security-Auditing","EventId":4688,"EventRecordId":"1494","ProcessId":4,"ThreadId":248,"Level":"LogAlways","Keywords":"Audit success","SourceFile":"C:\\Users\\yiuwa\\Desktop\\ict2202 assignment 1\\sample\\C\\Windows\\System32\\winevt\\logs\\Security.evtx","ExtraDataOffset":0,"HiddenRecord":false,"TimeCreated":"2019-03-19T13:12:06.7855942+00:00","RecordNumber":1494}
{"PayloadData1":"Parent process: C:\\Windows\\System32\\smss.exe","PayloadData2":"PID: 0x10C","PayloadData3":"Mandatory label: SECURITY_MANDATORY_SYSTEM_RID","UserName":"-\\-","ExecutableInfo":"C:\\Windows\\System32\\smss.exe ","MapDescription":"Process tracking","ChunkNumber":19,"Computer":"MSEDGEWIN10","Payload":"{\"EventData\":{\"Data\":[{\"@Name\":\"SubjectUserSid\",\"#text\":\"S-1-5-18\"},{\"@Name\":\"SubjectUserName\",\"#text\":\"-\"},{\"@Name\":\"SubjectDomainName\",\"#text\":\"-\"},{\"@Name\":\"SubjectLogonId\",\"#text\":\"0x3E7\"},{\"@Name\":\"NewProcessId\",\"#text\":\"0x1A8\"},{\"@Name\":\"NewProcessName\",\"#text\":\"C:\\\\Windows\\\\System32\\\\smss.exe\"},{\"@Name\":\"TokenElevationType\",\"#text\":\"%%1936\"},{\"@Name\":\"ProcessId\",\"#text\":\"0x10C\"},{\"@Name\":\"CommandLine\"},{\"@Name\":\"TargetUserSid\",\"#text\":\"S-1-0-0\"},{\"@Name\":\"TargetUserName\",\"#text\":\"-\"},{\"@Name\":\"TargetDomainName\",\"#text\":\"-\"},{\"@Name\":\"TargetLogonId\",\"#text\":\"0x0\"},{\"@Name\":\"ParentProcessName\",\"#text\":\"C:\\\\Windows\\\\System32\\\\smss.exe\"},{\"@Name\":\"MandatoryLabel\",\"#text\":\"S-1-16-16384\"}]}}","Channel":"Security","Provider":"Microsoft-Windows-Security-Auditing","EventId":4688,"EventRecordId":"1495","ProcessId":4,"ThreadId":248,"Level":"LogAlways","Keywords":"Audit success","SourceFile":"C:\\Users\\yiuwa\\Desktop\\ict2202 assignment 1\\sample\\C\\Windows\\System32\\winevt\\logs\\Security.evtx","ExtraDataOffset":0,"HiddenRecord":false,"TimeCreated":"2019-03-19T13:12:06.8636424+00:00","RecordNumber":1495}
{"PayloadData1":"Parent process: C:\\Windows\\System32\\smss.exe","PayloadData2":"PID: 0x15C","PayloadData3":"Mandatory label: SECURITY_MANDATORY_SYSTEM_RID","UserName":"-\\-","ExecutableInfo":"C:\\Windows\\System32\\wininit.exe ","MapDescription":"Process tracking","ChunkNumber":19,"Computer":"MSEDGEWIN10","Payload":"{\"EventData\":{\"Data\":[{\"@Name\":\"SubjectUserSid\",\"#text\":\"S-1-5-18\"},{\"@Name\":\"SubjectUserName\",\"#text\":\"-\"},{\"@Name\":\"SubjectDomainName\",\"#text\":\"-\"},{\"@Name\":\"SubjectLogonId\",\"#text\":\"0x3E7\"},{\"@Name\":\"NewProcessId\",\"#text\":\"0x1B0\"},{\"@Name\":\"NewProcessName\",\"#text\":\"C:\\\\Windows\\\\System32\\\\wininit.exe\"},{\"@Name\":\"TokenElevationType\",\"#text\":\"%%1936\"},{\"@Name\":\"ProcessId\",\"#text\":\"0x15C\"},{\"@Name\":\"CommandLine\"},{\"@Name\":\"TargetUserSid\",\"#text\":\"S-1-0-0\"},{\"@Name\":\"TargetUserName\",\"#text\":\"-\"},{\"@Name\":\"TargetDomainName\",\"#text\":\"-\"},{\"@Name\":\"TargetLogonId\",\"#text\":\"0x0\"},{\"@Name\":\"ParentProcessName\",\"#text\":\"C:\\\\Windows\\\\System32\\\\smss.exe\"},{\"@Name\":\"MandatoryLabel\",\"#text\":\"S-1-16-16384\"}]}}","Channel":"Security","Provider":"Microsoft-Windows-Security-Auditing","EventId":4688,"EventRecordId":"1496","ProcessId":4,"ThreadId":248,"Level":"LogAlways","Keywords":"Audit success","SourceFile":"C:\\Users\\yiuwa\\Desktop\\ict2202 assignment 1\\sample\\C\\Windows\\System32\\winevt\\logs\\Security.evtx","ExtraDataOffset":0,"HiddenRecord":false,"TimeCreated":"2019-03-19T13:12:06.8666226+00:00","RecordNumber":1496}
{"PayloadData1":"Parent process: C:\\Windows\\System32\\smss.exe","PayloadData2":"PID: 0x1A8","PayloadData3":"Mandatory label: SECURITY_MANDATORY_SYSTEM_RID","UserName":"-\\-","ExecutableInfo":"C:\\Windows\\System32\\csrss.exe ","MapDescription":"Process tracking","ChunkNumber":19,"Computer":"MSEDGEWIN10","Payload":"{\"EventData\":{\"Data\":[{\"@Name\":\"SubjectUserSid\",\"#text\":\"S-1-5-18\"},{\"@Name\":\"SubjectUserName\",\"#text\":\"-\"},{\"@Name\":\"SubjectDomainName\",\"#text\":\"-\"},{\"@Name\":\"SubjectLogonId\",\"#text\":\"0x3E7\"},{\"@Name\":\"NewProcessId\",\"#text\":\"0x1C0\"},{\"@Name\":\"NewProcessName\",\"#text\":\"C:\\\\Windows\\\\System32\\\\csrss.exe\"},{\"@Name\":\"TokenElevationType\",\"#text\":\"%%1936\"},{\"@Name\":\"ProcessId\",\"#text\":\"0x1A8\"},{\"@Name\":\"CommandLine\"},{\"@Name\":\"TargetUserSid\",\"#text\":\"S-1-0-0\"},{\"@Name\":\"TargetUserName\",\"#text\":\"-\"},{\"@Name\":\"TargetDomainName\",\"#text\":\"-\"},{\"@Name\":\"TargetLogonId\",\"#text\":\"0x0\"},{\"@Name\":\"ParentProcessName\",\"#text\":\"C:\\\\Windows\\\\System32\\\\smss.exe\"},{\"@Name\":\"MandatoryLabel\",\"#text\":\"S-1-16-16384\"}]}}","Channel":"Security","Provider":"Microsoft-Windows-Security-Auditing","EventId":4688,"EventRecordId":"1497","ProcessId":4,"ThreadId":248,"Level":"LogAlways","Keywords":"Audit success","SourceFile":"C:\\Users\\yiuwa\\Desktop\\ict2202 assignment 1\\sample\\C\\Windows\\System32\\winevt\\logs\\Security.evtx","ExtraDataOffset":0,"HiddenRecord":false,"TimeCreated":"2019-03-19T13:12:06.8761797+00:00","RecordNumber":1497}
{"PayloadData1":"Parent process: C:\\Windows\\System32\\smss.exe","PayloadData2":"PID: 0x1A8","PayloadData3":"Mandatory label: SECURITY_MANDATORY_SYSTEM_RID","UserName":"-\\-","ExecutableInfo":"C:\\Windows\\System32\\winlogon.exe ","MapDescription":"Process tracking","ChunkNumber":19,"Computer":"MSEDGEWIN10","Payload":"{\"EventData\":{\"Data\":[{\"@Name\":\"SubjectUserSid\",\"#text\":\"S-1-5-18\"},{\"@Name\":\"SubjectUserName\",\"#text\":\"-\"},{\"@Name\":\"SubjectDomainName\",\"#text\":\"-\"},{\"@Name\":\"SubjectLogonId\",\"#text\":\"0x3E7\"},{\"@Name\":\"NewProcessId\",\"#text\":\"0x20C\"},{\"@Name\":\"NewProcessName\",\"#text\":\"C:\\\\Windows\\\\System32\\\\winlogon.exe\"},{\"@Name\":\"TokenElevationType\",\"#text\":\"%%1936\"},{\"@Name\":\"ProcessId\",\"#text\":\"0x1A8\"},{\"@Name\":\"CommandLine\"},{\"@Name\":\"TargetUserSid\",\"#text\":\"S-1-0-0\"},{\"@Name\":\"TargetUserName\",\"#text\":\"-\"},{\"@Name\":\"TargetDomainName\",\"#text\":\"-\"},{\"@Name\":\"TargetLogonId\",\"#text\":\"0x0\"},{\"@Name\":\"ParentProcessName\",\"#text\":\"C:\\\\Windows\\\\System32\\\\smss.exe\"},{\"@Name\":\"MandatoryLabel\",\"#text\":\"S-1-16-16384\"}]}}","Channel":"Security","Provider":"Microsoft-Windows-Security-Auditing","EventId":4688,"EventRecordId":"1498","ProcessId":4,"ThreadId":248,"Level":"LogAlways","Keywords":"Audit success","SourceFile":"C:\\Users\\yiuwa\\Desktop\\ict2202 assignment 1\\sample\\C\\Windows\\System32\\winevt\\logs\\Security.evtx","ExtraDataOffset":0,"HiddenRecord":false,"TimeCreated":"2019-03-19T13:12:06.9073604+00:00","RecordNumber":1498}
{"PayloadData1":"Parent process: C:\\Windows\\System32\\wininit.exe","PayloadData2":"PID: 0x1B0","PayloadData3":"Mandatory label: SECURITY_MANDATORY_SYSTEM_RID","UserName":"-\\-","ExecutableInfo":"C:\\Windows\\System32\\services.exe ","MapDescription":"Process tracking","ChunkNumber":19,"Computer":"MSEDGEWIN10","Payload":"{\"EventData\":{\"Data\":[{\"@Name\":\"SubjectUserSid\",\"#text\":\"S-1-5-18\"},{\"@Name\":\"SubjectUserName\",\"#text\":\"-\"},{\"@Name\":\"SubjectDomainName\",\"#text\":\"-\"},{\"@Name\":\"SubjectLogonId\",\"#text\":\"0x3E7\"},{\"@Name\":\"NewProcessId\",\"#text\":\"0x238\"},{\"@Name\":\"NewProcessName\",\"#text\":\"C:\\\\Windows\\\\System32\\\\services.exe\"},{\"@Name\":\"TokenElevationType\",\"#text\":\"%%1936\"},{\"@Name\":\"ProcessId\",\"#text\":\"0x1B0\"},{\"@Name\":\"CommandLine\"},{\"@Name\":\"TargetUserSid\",\"#text\":\"S-1-0-0\"},{\"@Name\":\"TargetUserName\",\"#text\":\"-\"},{\"@Name\":\"TargetDomainName\",\"#text\":\"-\"},{\"@Name\":\"TargetLogonId\",\"#text\":\"0x0\"},{\"@Name\":\"ParentProcessName\",\"#text\":\"C:\\\\Windows\\\\System32\\\\wininit.exe\"},{\"@Name\":\"MandatoryLabel\",\"#text\":\"S-1-16-16384\"}]}}","Channel":"Security","Provider":"Microsoft-Windows-Security-Auditing","EventId":4688,"EventRecordId":"1499","ProcessId":4,"ThreadId":248,"Level":"LogAlways","Keywords":"Audit success","SourceFile":"C:\\Users\\yiuwa\\Desktop\\ict2202 assignment 1\\sample\\C\\Windows\\System32\\winevt\\logs\\Security.evtx","ExtraDataOffset":0,"HiddenRecord":false,"TimeCreated":"2019-03-19T13:12:06.9717649+00:00","RecordNumber":1499}
{"PayloadData1":"Parent process: C:\\Windows\\System32\\wininit.exe","PayloadData2":"PID: 0x1B0","PayloadData3":"Mandatory label: SECURITY_MANDATORY_SYSTEM_RID","UserName":"-\\-","ExecutableInfo":"C:\\Windows\\System32\\lsass.exe ","MapDescription":"Process tracking","ChunkNumber":19,"Computer":"MSEDGEWIN10","Payload":"{\"EventData\":{\"Data\":[{\"@Name\":\"SubjectUserSid\",\"#text\":\"S-1-5-18\"},{\"@Name\":\"SubjectUserName\",\"#text\":\"-\"},{\"@Name\":\"SubjectDomainName\",\"#text\":\"-\"},{\"@Name\":\"SubjectLogonId\",\"#text\":\"0x3E7\"},{\"@Name\":\"NewProcessId\",\"#text\":\"0x240\"},{\"@Name\":\"NewProcessName\",\"#text\":\"C:\\\\Windows\\\\System32\\\\lsass.exe\"},{\"@Name\":\"TokenElevationType\",\"#text\":\"%%1936\"},{\"@Name\":\"ProcessId\",\"#text\":\"0x1B0\"},{\"@Name\":\"CommandLine\"},{\"@Name\":\"TargetUserSid\",\"#text\":\"S-1-0-0\"},{\"@Name\":\"TargetUserName\",\"#text\":\"-\"},{\"@Name\":\"TargetDomainName\",\"#text\":\"-\"},{\"@Name\":\"TargetLogonId\",\"#text\":\"0x0\"},{\"@Name\":\"ParentProcessName\",\"#text\":\"C:\\\\Windows\\\\System32\\\\wininit.exe\"},{\"@Name\":\"MandatoryLabel\",\"#text\":\"S-1-16-16384\"}]}}","Channel":"Security","Provider":"Microsoft-Windows-Security-Auditing","EventId":4688,"EventRecordId":"1500","ProcessId":4,"ThreadId":248,"Level":"LogAlways","Keywords":"Audit success","SourceFile":"C:\\Users\\yiuwa\\Desktop\\ict2202 assignment 1\\sample\\C\\Windows\\System32\\winevt\\logs\\Security.evtx","ExtraDataOffset":0,"HiddenRecord":false,"TimeCreated":"2019-03-19T13:12:06.9946047+00:00","RecordNumber":1500}
{"PayloadData1":"Parent process: ","PayloadData2":"PID: 0x4","PayloadData3":"Mandatory label: SECURITY_MANDATORY_SYSTEM_RID","UserName":"-\\-","ExecutableInfo":"Registry ","MapDescription":"Process tracking","ChunkNumber":38,"Computer":"MSEDGEWIN10","Payload":"{\"EventData\":{\"Data\":[{\"@Name\":\"SubjectUserSid\",\"#text\":\"S-1-5-18\"},{\"@Name\":\"SubjectUserName\",\"#text\":\"-\"},{\"@Name\":\"SubjectDomainName\",\"#text\":\"-\"},{\"@Name\":\"SubjectLogonId\",\"#text\":\"0x3E7\"},{\"@Name\":\"NewProcessId\",\"#text\":\"0x58\"},{\"@Name\":\"NewProcessName\",\"#text\":\"Registry\"},{\"@Name\":\"TokenElevationType\",\"#text\":\"%%1936\"},{\"@Name\":\"ProcessId\",\"#text\":\"0x4\"},{\"@Name\":\"CommandLine\"},{\"@Name\":\"TargetUserSid\",\"#text\":\"S-1-0-0\"},{\"@Name\":\"TargetUserName\",\"#text\":\"-\"},{\"@Name\":\"TargetDomainName\",\"#text\":\"-\"},{\"@Name\":\"TargetLogonId\",\"#text\":\"0x0\"},{\"@Name\":\"ParentProcessName\"},{\"@Name\":\"MandatoryLabel\",\"#text\":\"S-1-16-16384\"}]}}","Channel":"Security","Provider":"Microsoft-Windows-Security-Auditing","EventId":4688,"EventRecordId":"3148","ProcessId":4,"ThreadId":32,"Level":"LogAlways","Keywords":"Audit success","SourceFile":"C:\\Users\\yiuwa\\Desktop\\ict2202 assignment 1\\sample\\C\\Windows\\System32\\winevt\\logs\\Security.evtx","ExtraDataOffset":0,"HiddenRecord":false,"TimeCreated":"2019-03-19T13:19:45.2284902+00:00","RecordNumber":3148}
{"PayloadData1":"Parent process: ","PayloadData2":"PID: 0x4","PayloadData3":"Mandatory label: SECURITY_MANDATORY_SYSTEM_RID","UserName":"-\\-","ExecutableInfo":"C:\\Windows\\System32\\smss.exe ","MapDescription":"Process tracking","ChunkNumber":38,"Computer":"MSEDGEWIN10","Payload":"{\"EventData\":{\"Data\":[{\"@Name\":\"SubjectUserSid\",\"#text\":\"S-1-5-18\"},{\"@Name\":\"SubjectUserName\",\"#text\":\"-\"},{\"@Name\":\"SubjectDomainName\",\"#text\":\"-\"},{\"@Name\":\"SubjectLogonId\",\"#text\":\"0x3E7\"},{\"@Name\":\"NewProcessId\",\"#text\":\"0x10C\"},{\"@Name\":\"NewProcessName\",\"#text\":\"C:\\\\Windows\\\\System32\\\\smss.exe\"},{\"@Name\":\"TokenElevationType\",\"#text\":\"%%1936\"},{\"@Name\":\"ProcessId\",\"#text\":\"0x4\"},{\"@Name\":\"CommandLine\"},{\"@Name\":\"TargetUserSid\",\"#text\":\"S-1-0-0\"},{\"@Name\":\"TargetUserName\",\"#text\":\"-\"},{\"@Name\":\"TargetDomainName\",\"#text\":\"-\"},{\"@Name\":\"TargetLogonId\",\"#text\":\"0x0\"},{\"@Name\":\"ParentProcessName\"},{\"@Name\":\"MandatoryLabel\",\"#text\":\"S-1-16-16384\"}]}}","Channel":"Security","Provider":"Microsoft-Windows-Security-Auditing","EventId":4688,"EventRecordId":"3151","ProcessId":4,"ThreadId":32,"Level":"LogAlways","Keywords":"Audit success","SourceFile":"C:\\Users\\yiuwa\\Desktop\\ict2202 assignment 1\\sample\\C\\Windows\\System32\\winevt\\logs\\Security.evtx","ExtraDataOffset":0,"HiddenRecord":false,"TimeCreated":"2019-03-19T13:19:45.2326554+00:00","RecordNumber":3151}
{"PayloadData1":"Parent process: C:\\Windows\\System32\\smss.exe","PayloadData2":"PID: 0x10C","PayloadData3":"Mandatory label: SECURITY_MANDATORY_SYSTEM_RID","UserName":"-\\-","ExecutableInfo":"C:\\Windows\\System32\\autochk.exe ","MapDescription":"Process tracking","ChunkNumber":38,"Computer":"MSEDGEWIN10","Payload":"{\"EventData\":{\"Data\":[{\"@Name\":\"SubjectUserSid\",\"#text\":\"S-1-5-18\"},{\"@Name\":\"SubjectUserName\",\"#text\":\"-\"},{\"@Name\":\"SubjectDomainName\",\"#text\":\"-\"},{\"@Name\":\"SubjectLogonId\",\"#text\":\"0x3E7\"},{\"@Name\":\"NewProcessId\",\"#text\":\"0x124\"},{\"@Name\":\"NewProcessName\",\"#text\":\"C:\\\\Windows\\\\System32\\\\autochk.exe\"},{\"@Name\":\"TokenElevationType\",\"#text\":\"%%1936\"},{\"@Name\":\"ProcessId\",\"#text\":\"0x10C\"},{\"@Name\":\"CommandLine\"},{\"@Name\":\"TargetUserSid\",\"#text\":\"S-1-0-0\"},{\"@Name\":\"TargetUserName\",\"#text\":\"-\"},{\"@Name\":\"TargetDomainName\",\"#text\":\"-\"},{\"@Name\":\"TargetLogonId\",\"#text\":\"0x0\"},{\"@Name\":\"ParentProcessName\",\"#text\":\"C:\\\\Windows\\\\System32\\\\smss.exe\"},{\"@Name\":\"MandatoryLabel\",\"#text\":\"S-1-16-16384\"}]}}","Channel":"Security","Provider":"Microsoft-Windows-Security-Auditing","EventId":4688,"EventRecordId":"3152","ProcessId":4,"ThreadId":224,"Level":"LogAlways","Keywords":"Audit success","SourceFile":"C:\\Users\\yiuwa\\Desktop\\ict2202 assignment 1\\sample\\C\\Windows\\System32\\winevt\\logs\\Security.evtx","ExtraDataOffset":0,"HiddenRecord":false,"TimeCreated":"2019-03-19T13:19:46.1467417+00:00","RecordNumber":3152}
{"PayloadData1":"Parent process: C:\\Windows\\System32\\smss.exe","PayloadData2":"PID: 0x10C","PayloadData3":"Mandatory label: SECURITY_MANDATORY_SYSTEM_RID","UserName":"-\\-","ExecutableInfo":"C:\\Windows\\System32\\smss.exe ","MapDescription":"Process tracking","ChunkNumber":38,"Computer":"MSEDGEWIN10","Payload":"{\"EventData\":{\"Data\":[{\"@Name\":\"SubjectUserSid\",\"#text\":\"S-1-5-18\"},{\"@Name\":\"SubjectUserName\",\"#text\":\"-\"},{\"@Name\":\"SubjectDomainName\",\"#text\":\"-\"},{\"@Name\":\"SubjectLogonId\",\"#text\":\"0x3E7\"},{\"@Name\":\"NewProcessId\",\"#text\":\"0x15C\"},{\"@Name\":\"NewProcessName\",\"#text\":\"C:\\\\Windows\\\\System32\\\\smss.exe\"},{\"@Name\":\"TokenElevationType\",\"#text\":\"%%1936\"},{\"@Name\":\"ProcessId\",\"#text\":\"0x10C\"},{\"@Name\":\"CommandLine\"},{\"@Name\":\"TargetUserSid\",\"#text\":\"S-1-0-0\"},{\"@Name\":\"TargetUserName\",\"#text\":\"-\"},{\"@Name\":\"TargetDomainName\",\"#text\":\"-\"},{\"@Name\":\"TargetLogonId\",\"#text\":\"0x0\"},{\"@Name\":\"ParentProcessName\",\"#text\":\"C:\\\\Windows\\\\System32\\\\smss.exe\"},{\"@Name\":\"MandatoryLabel\",\"#text\":\"S-1-16-16384\"}]}}","Channel":"Security","Provider":"Microsoft-Windows-Security-Auditing","EventId":4688,"EventRecordId":"3153","ProcessId":4,"ThreadId":224,"Level":"LogAlways","Keywords":"Audit success","SourceFile":"C:\\Users\\yiuwa\\Desktop\\ict2202 assignment 1\\sample\\C\\Windows\\System32\\winevt\\logs\\Security.evtx","ExtraDataOffset":0,"HiddenRecord":false,"TimeCreated":"2019-03-19T13:19:46.6856603+00:00","RecordNumber":3153}
{"PayloadData1":"Parent process: C:\\Windows\\System32\\smss.exe","PayloadData2":"PID: 0x15C","PayloadData3":"Mandatory label: SECURITY_MANDATORY_SYSTEM_RID","UserName":"-\\-","ExecutableInfo":"C:\\Windows\\System32\\csrss.exe ","MapDescription":"Process tracking","ChunkNumber":38,"Computer":"MSEDGEWIN10","Payload":"{\"EventData\":{\"Data\":[{\"@Name\":\"SubjectUserSid\",\"#text\":\"S-1-5-18\"},{\"@Name\":\"SubjectUserName\",\"#text\":\"-\"},{\"@Name\":\"SubjectDomainName\",\"#text\":\"-\"},{\"@Name\":\"SubjectLogonId\",\"#text\":\"0x3E7\"},{\"@Name\":\"NewProcessId\",\"#text\":\"0x164\"},{\"@Name\":\"NewProcessName\",\"#text\":\"C:\\\\Windows\\\\System32\\\\csrss.exe\"},{\"@Name\":\"TokenElevationType\",\"#text\":\"%%1936\"},{\"@Name\":\"ProcessId\",\"#text\":\"0x15C\"},{\"@Name\":\"CommandLine\"},{\"@Name\":\"TargetUserSid\",\"#text\":\"S-1-0-0\"},{\"@Name\":\"TargetUserName\",\"#text\":\"-\"},{\"@Name\":\"TargetDomainName\",\"#text\":\"-\"},{\"@Name\":\"TargetLogonId\",\"#text\":\"0x0\"},{\"@Name\":\"ParentProcessName\",\"#text\":\"C:\\\\Windows\\\\System32\\\\smss.exe\"},{\"@Name\":\"MandatoryLabel\",\"#text\":\"S-1-16-16384\"}]}}","Channel":"Security","Provider":"Microsoft-Windows-Security-Auditing","EventId":4688,"EventRecordId":"3154","ProcessId":4,"ThreadId":240,"Level":"LogAlways","Keywords":"Audit success","SourceFile":"C:\\Users\\yiuwa\\Desktop\\ict2202 assignment 1\\sample\\C\\Windows\\System32\\winevt\\logs\\Security.evtx","ExtraDataOffset":0,"HiddenRecord":false,"TimeCreated":"2019-03-19T13:19:46.7439785+00:00","RecordNumber":3154}
{"PayloadData1":"Parent process: C:\\Windows\\System32\\smss.exe","PayloadData2":"PID: 0x10C","PayloadData3":"Mandatory label: SECURITY_MANDATORY_SYSTEM_RID","UserName":"-\\-","ExecutableInfo":"C:\\Windows\\System32\\smss.exe ","MapDescription":"Process tracking","ChunkNumber":38,"Computer":"MSEDGEWIN10","Payload":"{\"EventData\":{\"Data\":[{\"@Name\":\"SubjectUserSid\",\"#text\":\"S-1-5-18\"},{\"@Name\":\"SubjectUserName\",\"#text\":\"-\"},{\"@Name\":\"SubjectDomainName\",\"#text\":\"-\"},{\"@Name\":\"SubjectLogonId\",\"#text\":\"0x3E7\"},{\"@Name\":\"NewProcessId\",\"#text\":\"0x1A8\"},{\"@Name\":\"NewProcessName\",\"#text\":\"C:\\\\Windows\\\\System32\\\\smss.exe\"},{\"@Name\":\"TokenElevationType\",\"#text\":\"%%1936\"},{\"@Name\":\"ProcessId\",\"#text\":\"0x10C\"},{\"@Name\":\"CommandLine\"},{\"@Name\":\"TargetUserSid\",\"#text\":\"S-1-0-0\"},{\"@Name\":\"TargetUserName\",\"#text\":\"-\"},{\"@Name\":\"TargetDomainName\",\"#text\":\"-\"},{\"@Name\":\"TargetLogonId\",\"#text\":\"0x0\"},{\"@Name\":\"ParentProcessName\",\"#text\":\"C:\\\\Windows\\\\System32\\\\smss.exe\"},{\"@Name\":\"MandatoryLabel\",\"#text\":\"S-1-16-16384\"}]}}","Channel":"Security","Provider":"Microsoft-Windows-Security-Auditing","EventId":4688,"EventRecordId":"3155","ProcessId":4,"ThreadId":224,"Level":"LogAlways","Keywords":"Audit success","SourceFile":"C:\\Users\\yiuwa\\Desktop\\ict2202 assignment 1\\sample\\C\\Windows\\System32\\winevt\\logs\\Security.evtx","ExtraDataOffset":0,"HiddenRecord":false,"TimeCreated":"2019-03-19T13:19:46.8024976+00:00","RecordNumber":3155}
{"PayloadData1":"Parent process: C:\\Windows\\System32\\smss.exe","PayloadData2":"PID: 0x15C","PayloadData3":"Mandatory label: SECURITY_MANDATORY_SYSTEM_RID","UserName":"-\\-","ExecutableInfo":"C:\\Windows\\System32\\wininit.exe ","MapDescription":"Process tracking","ChunkNumber":38,"Computer":"MSEDGEWIN10","Payload":"{\"EventData\":{\"Data\":[{\"@Name\":\"SubjectUserSid\",\"#text\":\"S-1-5-18\"},{\"@Name\":\"SubjectUserName\",\"#text\":\"-\"},{\"@Name\":\"SubjectDomainName\",\"#text\":\"-\"},{\"@Name\":\"SubjectLogonId\",\"#text\":\"0x3E7\"},{\"@Name\":\"NewProcessId\",\"#text\":\"0x1B0\"},{\"@Name\":\"NewProcessName\",\"#text\":\"C:\\\\Windows\\\\System32\\\\wininit.exe\"},{\"@Name\":\"TokenElevationType\",\"#text\":\"%%1936\"},{\"@Name\":\"ProcessId\",\"#text\":\"0x15C\"},{\"@Name\":\"CommandLine\"},{\"@Name\":\"TargetUserSid\",\"#text\":\"S-1-0-0\"},{\"@Name\":\"TargetUserName\",\"#text\":\"-\"},{\"@Name\":\"TargetDomainName\",\"#text\":\"-\"},{\"@Name\":\"TargetLogonId\",\"#text\":\"0x0\"},{\"@Name\":\"ParentProcessName\",\"#text\":\"C:\\\\Windows\\\\System32\\\\smss.exe\"},{\"@Name\":\"MandatoryLabel\",\"#text\":\"S-1-16-16384\"}]}}","Channel":"Security","Provider":"Microsoft-Windows-Security-Auditing","EventId":4688,"EventRecordId":"3156","ProcessId":4,"ThreadId":224,"Level":"LogAlways","Keywords":"Audit success","SourceFile":"C:\\Users\\yiuwa\\Desktop\\ict2202 assignment 1\\sample\\C\\Windows\\System32\\winevt\\logs\\Security.evtx","ExtraDataOffset":0,"HiddenRecord":false,"TimeCreated":"2019-03-19T13:19:46.8048734+00:00","RecordNumber":3156}
