{"PayloadData1":"Parent process: C:\\Windows\\System32\\smss.exe","PayloadData2":"PID: 0x178","PayloadData3":"Mandatory label: SECURITY_MANDATORY_SYSTEM_RID","UserName":"-\\-","ExecutableInfo":"C:\\Windows\\System32\\wininit.exe ","MapDescription":"Process tracking","ChunkNumber":45,"Computer":"MSEDGEWIN10","Payload":"{\"EventData\":{\"Data\":[{\"@Name\":\"SubjectUserSid\",\"#text\":\"S-1-5-18\"},{\"@Name\":\"SubjectUserName\",\"#text\":\"-\"},{\"@Name\":\"SubjectDomainName\",\"#text\":\"-\"},{\"@Name\":\"SubjectLogonId\",\"#text\":\"0x3E7\"},{\"@Name\":\"NewProcessId\",\"#text\":\"0x1E8\"},{\"@Name\":\"NewProcessName\",\"#text\":\"C:\\\\Windows\\\\System32\\\\wininit.exe\"},{\"@Name\":\"TokenElevationType\",\"#text\":\"%%1936\"},{\"@Name\":\"ProcessId\",\"#text\":\"0x178\"},{\"@Name\":\"CommandLine\"},{\"@Name\":\"TargetUserSid\",\"#text\":\"S-1-0-0\"},{\"@Name\":\"TargetUserName\",\"#text\":\"-\"},{\"@Name\":\"TargetDomainName\",\"#text\":\"-\"},{\"@Name\":\"TargetLogonId\",\"#text\":\"0x0\"},{\"@Name\":\"ParentProcessName\",\"#text\":\"C:\\\\Windows\\\\System32\\\\smss.exe\"},{\"@Name\":\"MandatoryLabel\",\"#text\":\"S-1-16-16384\"}]}}","Channel":"Security","Provider":"Microsoft-Windows-Security-Auditing","EventId":4688,"EventRecordId":"3662","ProcessId":4,"ThreadId":32,"Level":"LogAlways","Keywords":"Audit success","SourceFile":"C:\\Users\\yiuwa\\Desktop\\ict2202 assignment 1\\sample\\C\\Windows\\System32\\winevt\\logs\\Security.evtx","ExtraDataOffset":0,"HiddenRecord":false,"TimeCreated":"2021-05-22T20:30:50.9484305+00:00","RecordNumber":3662}
{"PayloadData1":"Parent process: C:\\Windows\\System32\\smss.exe","PayloadData2":"PID: 0x1E0","PayloadData3":"Mandatory label: SECURITY_MANDATORY_SYSTEM_RID","UserName":"-\\-","ExecutableInfo":"C:\\Windows\\System32\\csrss.exe ","MapDescription":"Process tracking","ChunkNumber":45,"Computer":"MSEDGEWIN10","Payload":"{\"EventData\":{\"Data\":[{\"@Name\":\"SubjectUserSid\",\"#text\":\"S-1-5-18\"},{\"@Name\":\"SubjectUserName\",\"#text\":\"-\"},{\"@Name\":\"SubjectDomainName\",\"#text\":\"-\"},{\"@Name\":\"SubjectLogonId\",\"#text\":\"0x3E7\"},{\"@Name\":\"NewProcessId\",\"#text\":\"0x1F8\"},{\"@Name\":\"NewProcessName\",\"#text\":\"C:\\\\Windows\\\\System32\\\\csrss.exe\"},{\"@Name\":\"TokenElevationType\",\"#text\":\"%%1936\"},{\"@Name\":\"ProcessId\",\"#text\":\"0x1E0\"},{\"@Name\":\"CommandLine\"},{\"@Name\":\"TargetUserSid\",\"#text\":\"S-1-0-0\"},{\"@Name\":\"TargetUserName\",\"#text\":\"-\"},{\"@Name\":\"TargetDomainName\",\"#text\":\"-\"},{\"@Name\":\"TargetLogonId\",\"#text\":\"0x0\"},{\"@Name\":\"ParentProcessName\",\"#text\":\"C:\\\\Windows\\\\System32\\\\smss.exe\"},{\"@Name\":\"MandatoryLabel\",\"#text\":\"S-1-16-16384\"}]}}","Channel":"Security","Provider":"Microsoft-Windows-Security-Auditing","EventId":4688,"EventRecordId":"3663","ProcessId":4,"ThreadId":32,"Level":"LogAlways","Keywords":"Audit success","SourceFile":"C:\\Users\\yiuwa\\Desktop\\ict2202 assignment 1\\sample\\C\\Windows\\System32\\winevt\\logs\\Security.evtx","ExtraDataOffset":0,"HiddenRecord":false,"TimeCreated":"2021-05-22T20:30:50.9690808+00:00","RecordNumber":3663}
{"PayloadData1":"Parent process: C:\\Windows\\System32\\smss.exe","PayloadData2":"PID: 0x1E0","PayloadData3":"Mandatory label: SECURITY_MANDATORY_SYSTEM_RID","UserName":"-\\-","ExecutableInfo":"C:\\Windows\\System32\\winlogon.exe ","MapDescription":"Process tracking","ChunkNumber":45,"Computer":"MSEDGEWIN10","Payload":"{\"EventData\":{\"Data\":[{\"@Name\":\"SubjectUserSid\",\"#text\":\"S-1-5-18\"},{\"@Name\":\"SubjectUserName\",\"#text\":\"-\"},{\"@Name\":\"SubjectDomainName\",\"#text\":\"-\"},{\"@Name\":\"SubjectLogonId\",\"#text\":\"0x3E7\"},{\"@Name\":\"NewProcessId\",\"#text\":\"0x22C\"},{\"@Name\":\"NewProcessName\",\"#text\":\"C:\\\\Windows\\\\System32\\\\winlogon.exe\"},{\"@Name\":\"TokenElevationType\",\"#text\":\"%%1936\"},{\"@Name\":\"ProcessId\",\"#text\":\"0x1E0\"},{\"@Name\":\"CommandLine\"},{\"@Name\":\"TargetUserSid\",\"#text\":\"S-1-0-0\"},{\"@Name\":\"TargetUserName\",\"#text\":\"-\"},{\"@Name\":\"TargetDomainName\",\"#text\":\"-\"},{\"@Name\":\"TargetLogonId\",\"#text\":\"0x0\"},{\"@Name\":\"ParentProcessName\",\"#text\":\"C:\\\\Windows\\\\System32\\\\smss.exe\"},{\"@Name\":\"MandatoryLabel\",\"#text\":\"S-1-16-16384\"}]}}","Channel":"Security","Provider":"Microsoft-Windows-Security-Auditing","EventId":4688,"EventRecordId":"3664","ProcessId":4,"ThreadId":32,"Level":"LogAlways","Keywords":"Audit success","SourceFile":"C:\\Users\\yiuwa\\Desktop\\ict2202 assignment 1\\sample\\C\\Windows\\System32\\winevt\\logs\\Security.evtx","ExtraDataOffset":0,"HiddenRecord":false,"TimeCreated":"2021-05-22T20:30:51.0504070+00:00","RecordNumber":3664}
{"PayloadData1":"Parent process: C:\\Windows\\System32\\wininit.exe","PayloadData2":"PID: 0x1E8","PayloadData3":"Mandatory label: SECURITY_MANDATORY_SYSTEM_RID","UserName":"-\\-","ExecutableInfo":"C:\\Windows\\System32\\services.exe ","MapDescription":"Process tracking","ChunkNumber":45,"Computer":"MSEDGEWIN10","Payload":"{\"EventData\":{\"Data\":[{\"@Name\":\"SubjectUserSid\",\"#text\":\"S-1-5-18\"},{\"@Name\":\"SubjectUserName\",\"#text\":\"-\"},{\"@Name\":\"SubjectDomainName\",\"#text\":\"-\"},{\"@Name\":\"SubjectLogonId\",\"#text\":\"0x3E7\"},{\"@Name\":\"NewProcessId\",\"#text\":\"0x270\"},{\"@Name\":\"NewProcessName\",\"#text\":\"C:\\\\Windows\\\\System32\\\\services.exe\"},{\"@Name\":\"TokenElevationType\",\"#text\":\"%%1936\"},{\"@Name\":\"ProcessId\",\"#text\":\"0x1E8\"},{\"@Name\":\"CommandLine\"},{\"@Name\":\"TargetUserSid\",\"#text\":\"S-1-0-0\"},{\"@Name\":\"TargetUserName\",\"#text\":\"-\"},{\"@Name\":\"TargetDomainName\",\"#text\":\"-\"},{\"@Name\":\"TargetLogonId\",\"#text\":\"0x0\"},{\"@Name\":\"ParentProcessName\",\"#text\":\"C:\\\\Windows\\\\System32\\\\wininit.exe\"},{\"@Name\":\"MandatoryLabel\",\"#text\":\"S-1-16-16384\"}]}}","Channel":"Security","Provider":"Microsoft-Windows-Security-Auditing","EventId":4688,"EventRecordId":"3665","ProcessId":4,"ThreadId":32,"Level":"LogAlways","Keywords":"Audit success","SourceFile":"C:\\Users\\yiuwa\\Desktop\\ict2202 assignment 1\\sample\\C\\Windows\\System32\\winevt\\logs\\Security.evtx","ExtraDataOffset":0,"HiddenRecord":false,"TimeCreated":"2021-05-22T20:30:51.2401420+00:00","RecordNumber":3665}
{"PayloadData1":"Parent process: C:\\Windows\\System32\\wininit.exe","PayloadData2":"PID: 0x1E8","PayloadData3":"Mandatory label: SECURITY_MANDATORY_SYSTEM_RID","UserName":"-\\-","ExecutableInfo":"C:\\Windows\\System32\\lsass.exe ","MapDescription":"Process tracking","ChunkNumber":45,"Computer":"MSEDGEWIN10","Payload":"{\"EventData\":{\"Data\":[{\"@Name\":\"SubjectUserSid\",\"#text\":\"S-1-5-18\"},{\"@Name\":\"SubjectUserName\",\"#text\":\"-\"},{\"@Name\":\"SubjectDomainName\",\"#text\":\"-\"},{\"@Name\":\"SubjectLogonId\",\"#text\":\"0x3E7\"},{\"@Name\":\"NewProcessId\",\"#text\":\"0x27C\"},{\"@Name\":\"NewProcessName\",\"#text\":\"C:\\\\Windows\\\\System32\\\\lsass.exe\"},{\"@Name\":\"TokenElevationType\",\"#text\":\"%%1936\"},{\"@Name\":\"ProcessId\",\"#text\":\"0x1E8\"},{\"@Name\":\"CommandLine\"},{\"@Name\":\"TargetUserSid\",\"#text\":\"S-1-0-0\"},{\"@Name\":\"TargetUserName\",\"#text\":\"-\"},{\"@Name\":\"TargetDomainName\",\"#text\":\"-\"},{\"@Name\":\"TargetLogonId\",\"#text\":\"0x0\"},{\"@Name\":\"ParentProcessName\",\"#text\":\"C:\\\\Windows\\\\System32\\\\wininit.exe\"},{\"@Name\":\"MandatoryLabel\",\"#text\":\"S-1-16-16384\"}]}}","Channel":"Security","Provider":"Microsoft-Windows-Security-Auditing","EventId":4688,"EventRecordId":"3666","ProcessId":4,"ThreadId":180,"Level":"LogAlways","Keywords":"Audit success","SourceFile":"C:\\Users\\yiuwa\\Desktop\\ict2202 assignment 1\\sample\\C\\Windows\\System32\\winevt\\logs\\Security.evtx","ExtraDataOffset":0,"HiddenRecord":false,"TimeCreated":"2021-05-22T20:30:51.2950679+00:00","RecordNumber":3666}
{"PayloadData1":"Parent process: ","PayloadData2":"PID: 0x4","PayloadData3":"Mandatory label: SECURITY_MANDATORY_SYSTEM_RID","UserName":"-\\-","ExecutableInfo":"Registry ","MapDescription":"Process tracking","ChunkNumber":50,"Computer":"MSEDGEWIN10","Payload":"{\"EventData\":{\"Data\":[{\"@Name\":\"SubjectUserSid\",\"#text\":\"S-1-5-18\"},{\"@Name\":\"SubjectUserName\",\"#text\":\"-\"},{\"@Name\":\"SubjectDomainName\",\"#text\":\"-\"},{\"@Name\":\"SubjectLogonId\",\"#text\":\"0x3E7\"},{\"@Name\":\"NewProcessId\",\"#text\":\"0x58\"},{\"@Name\":\"NewProcessName\",\"#text\":\"Registry\"},{\"@Name\":\"TokenElevationType\",\"#text\":\"%%1936\"},{\"@Name\":\"ProcessId\",\"#text\":\"0x4\"},{\"@Name\":\"CommandLine\"},{\"@Name\":\"TargetUserSid\",\"#text\":\"S-1-0-0\"},{\"@Name\":\"TargetUserName\",\"#text\":\"-\"},{\"@Name\":\"TargetDomainName\",\"#text\":\"-\"},{\"@Name\":\"TargetLogonId\",\"#text\":\"0x0\"},{\"@Name\":\"ParentProcessName\"},{\"@Name\":\"MandatoryLabel\",\"#text\":\"S-1-16-16384\"}]}}","Channel":"Security","Provider":"Microsoft-Windows-Security-Auditing","EventId":4688,"EventRecordId":"3993","ProcessId":4,"ThreadId":32,"Level":"LogAlways","Keywords":"Audit success","SourceFile":"C:\\Users\\yiuwa\\Desktop\\ict2202 assignment 1\\sample\\C\\Windows\\System32\\winevt\\logs\\Security.evtx","ExtraDataOffset":0,"HiddenRecord":false,"TimeCreated":"2021-05-22T20:54:34.5400676+00:00","RecordNumber":3993}
{"PayloadData1":"Parent process: ","PayloadData2":"PID: 0x4","PayloadData3":"Mandatory label: SECURITY_MANDATORY_SYSTEM_RID","UserName":"-\\-","ExecutableInfo":"C:\\Windows\\System32\\smss.exe ","MapDescription":"Process tracking","ChunkNumber":50,"Computer":"MSEDGEWIN10","Payload":"{\"EventData\":{\"Data\":[{\"@Name\":\"SubjectUserSid\",\"#text\":\"S-1-5-18\"},{\"@Name\":\"SubjectUserName\",\"#text\":\"-\"},{\"@Name\":\"SubjectDomainName\",\"#text\":\"-\"},{\"@Name\":\"SubjectLogonId\",\"#text\":\"0x3E7\"},{\"@Name\":\"NewProcessId\",\"#text\":\"0x108\"},{\"@Name\":\"NewProcessName\",\"#text\":\"C:\\\\Windows\\\\System32\\\\smss.exe\"},{\"@Name\":\"TokenElevationType\",\"#text\":\"%%1936\"},{\"@Name\":\"ProcessId\",\"#text\":\"0x4\"},{\"@Name\":\"CommandLine\"},{\"@Name\":\"TargetUserSid\",\"#text\":\"S-1-0-0\"},{\"@Name\":\"TargetUserName\",\"#text\":\"-\"},{\"@Name\":\"TargetDomainName\",\"#text\":\"-\"},{\"@Name\":\"TargetLogonId\",\"#text\":\"0x0\"},{\"@Name\":\"ParentProcessName\"},{\"@Name\":\"MandatoryLabel\",\"#text\":\"S-1-16-16384\"}]}}","Channel":"Security","Provider":"Microsoft-Windows-Security-Auditing","EventId":4688,"EventRecordId":"3996","ProcessId":4,"ThreadId":236,"Level":"LogAlways","Keywords":"Audit success","SourceFile":"C:\\Users\\yiuwa\\Desktop\\ict2202 assignment 1\\sample\\C\\Windows\\System32\\winevt\\logs\\Security.evtx","ExtraDataOffset":0,"HiddenRecord":false,"TimeCreated":"2021-05-22T20:54:34.5690827+00:00","RecordNumber":3996}
{"PayloadData1":"Parent process: C:\\Windows\\System32\\smss.exe","PayloadData2":"PID: 0x108","PayloadData3":"Mandatory label: SECURITY_MANDATORY_SYSTEM_RID","UserName":"-\\-","ExecutableInfo":"C:\\Windows\\System32\\autochk.exe ","MapDescription":"Process tracking","ChunkNumber":50,"Computer":"MSEDGEWIN10","Payload":"{\"EventData\":{\"Data\":[{\"@Name\":\"SubjectUserSid\",\"#text\":\"S-1-5-18\"},{\"@Name\":\"SubjectUserName\",\"#text\":\"-\"},{\"@Name\":\"SubjectDomainName\",\"#text\":\"-\"},{\"@Name\":\"SubjectLogonId\",\"#text\":\"0x3E7\"},{\"@Name\":\"NewProcessId\",\"#text\":\"0x124\"},{\"@Name\":\"NewProcessName\",\"#text\":\"C:\\\\Windows\\\\System32\\\\autochk.exe\"},{\"@Name\":\"TokenElevationType\",\"#text\":\"%%1936\"},{\"@Name\":\"ProcessId\",\"#text\":\"0x108\"},{\"@Name\":\"CommandLine\"},{\"@Name\":\"TargetUserSid\",\"#text\":\"S-1-0-0\"},{\"@Name\":\"TargetUserName\",\"#text\":\"-\"},{\"@Name\":\"TargetDomainName\",\"#text\":\"-\"},{\"@Name\":\"TargetLogonId\",\"#text\":\"0x0\"},{\"@Name\":\"ParentProcessName\",\"#text\":\"C:\\\\Windows\\\\System32\\\\smss.exe\"},{\"@Name\":\"MandatoryLabel\",\"#text\":\"S-1-16-16384\"}]}}","Channel":"Security","Provider":"Microsoft-Windows-Security-Auditing","EventId":4688,"EventRecordId":"3997","ProcessId":4,"ThreadId":152,"Level":"LogAlways","Keywords":"Audit success","SourceFile":"C:\\Users\\yiuwa\\Desktop\\ict2202 assignment 1\\sample\\C\\Windows\\System32\\winevt\\logs\\Security.evtx","ExtraDataOffset":0,"HiddenRecord":false,"TimeCreated":"2021-05-22T20:54:35.6334573+00:00","RecordNumber":3997}
{"PayloadData1":"Parent process: C:\\Windows\\System32\\smss.exe","PayloadData2":"PID: 0x108","PayloadData3":"Mandatory label: SECURITY_MANDATORY_SYSTEM_RID","UserName":"-\\-","ExecutableInfo":"C:\\Windows\\System32\\smss.exe ","MapDescription":"Process tracking","ChunkNumber":50,"Computer":"MSEDGEWIN10","Payload":"{\"EventData\":{\"Data\":[{\"@Name\":\"SubjectUserSid\",\"#text\":\"S-1-5-18\"},{\"@Name\":\"SubjectUserName\",\"#text\":\"-\"},{\"@Name\":\"SubjectDomainName\",\"#text\":\"-\"},{\"@Name\":\"SubjectLogonId\",\"#text\":\"0x3E7\"},{\"@Name\":\"NewProcessId\",\"#text\":\"0x160\"},{\"@Name\":\"NewProcessName\",\"#text\":\"C:\\\\Windows\\\\System32\\\\smss.exe\"},{\"@Name\":\"TokenElevationType\",\"#text\":\"%%1936\"},{\"@Name\":\"ProcessId\",\"#text\":\"0x108\"},{\"@Name\":\"CommandLine\"},{\"@Name\":\"TargetUserSid\",\"#text\":\"S-1-0-0\"},{\"@Name\":\"TargetUserName\",\"#text\":\"-\"},{\"@Name\":\"TargetDomainName\",\"#text\":\"-\"},{\"@Name\":\"TargetLogonId\",\"#text\":\"0x0\"},{\"@Name\":\"ParentProcessName\",\"#text\":\"C:\\\\Windows\\\\System32\\\\smss.exe\"},{\"@Name\":\"MandatoryLabel\",\"#text\":\"S-1-16-16384\"}]}}","Channel":"Security","Provider":"Microsoft-Windows-Security-Auditing","EventId":4688,"EventRecordId":"3998","ProcessId":4,"ThreadId":152,"Level":"LogAlways","Keywords":"Audit success","SourceFile":"C:\\Users\\yiuwa\\Desktop\\ict2202 assignment 1\\sample\\C\\Windows\\System32\\winevt\\logs\\Security.evtx","ExtraDataOffset":0,"HiddenRecord":false,"TimeCreated":"2021-05-22T20:54:36.8298479+00:00","RecordNumber":3998}
{"PayloadData1":"Parent process: C:\\Windows\\System32\\smss.exe","PayloadData2":"PID: 0x160","PayloadData3":"Mandatory label: SECURITY_MANDATORY_SYSTEM_RID","UserName":"-\\-","ExecutableInfo":"C:\\Windows\\System32\\csrss.exe ","MapDescription":"Process tracking","ChunkNumber":50,"Computer":"MSEDGEWIN10","Payload":"{\"EventData\":{\"Data\":[{\"@Name\":\"SubjectUserSid\",\"#text\":\"S-1-5-18\"},{\"@Name\":\"SubjectUserName\",\"#text\":\"-\"},{\"@Name\":\"SubjectDomainName\",\"#text\":\"-\"},{\"@Name\":\"SubjectLogonId\",\"#text\":\"0x3E7\"},{\"@Name\":\"NewProcessId\",\"#text\":\"0x168\"},{\"@Name\":\"NewProcessName\",\"#text\":\"C:\\\\Windows\\\\System32\\\\csrss.exe\"},{\"@Name\":\"TokenElevationType\",\"#text\":\"%%1936\"},{\"@Name\":\"ProcessId\",\"#text\":\"0x160\"},{\"@Name\":\"CommandLine\"},{\"@Name\":\"TargetUserSid\",\"#text\":\"S-1-0-0\"},{\"@Name\":\"TargetUserName\",\"#text\":\"-\"},{\"@Name\":\"TargetDomainName\",\"#text\":\"-\"},{\"@Name\":\"TargetLogonId\",\"#text\":\"0x0\"},{\"@Name\":\"ParentProcessName\",\"#text\":\"C:\\\\Windows\\\\System32\\\\smss.exe\"},{\"@Name\":\"MandatoryLabel\",\"#text\":\"S-1-16-16384\"}]}}","Channel":"Security","Provider":"Microsoft-Windows-Security-Auditing","EventId":4688,"EventRecordId":"3999","ProcessId":4,"ThreadId":152,"Level":"LogAlways","Keywords":"Audit success","SourceFile":"C:\\Users\\yiuwa\\Desktop\\ict2202 assignment 1\\sample\\C\\Windows\\System32\\winevt\\logs\\Security.evtx","ExtraDataOffset":0,"HiddenRecord":false,"TimeCreated":"2021-05-22T20:54:36.9964518+00:00","RecordNumber":3999}
{"PayloadData1":"Parent process: C:\\Windows\\System32\\smss.exe","PayloadData2":"PID: 0x108","PayloadData3":"Mandatory label: SECURITY_MANDATORY_SYSTEM_RID","UserName":"-\\-","ExecutableInfo":"C:\\Windows\\System32\\smss.exe ","MapDescription":"Process tracking","ChunkNumber":50,"Computer":"MSEDGEWIN10","Payload":"{\"EventData\":{\"Data\":[{\"@Name\":\"SubjectUserSid\",\"#text\":\"S-1-5-18\"},{\"@Name\":\"SubjectUserName\",\"#text\":\"-\"},{\"@Name\":\"SubjectDomainName\",\"#text\":\"-\"},{\"@Name\":\"SubjectLogonId\",\"#text\":\"0x3E7\"},{\"@Name\":\"NewProcessId\",\"#text\":\"0x1C8\"},{\"@Name\":\"NewProcessName\",\"#text\":\"C:\\\\Windows\\\\System32\\\\smss.exe\"},{\"@Name\":\"TokenElevationType\",\"#text\":\"%%1936\"},{\"@Name\":\"ProcessId\",\"#text\":\"0x108\"},{\"@Name\":\"CommandLine\"},{\"@Name\":\"TargetUserSid\",\"#text\":\"S-1-0-0\"},{\"@Name\":\"TargetUserName\",\"#text\":\"-\"},{\"@Name\":\"TargetDomainName\",\"#text\":\"-\"},{\"@Name\":\"TargetLogonId\",\"#text\":\"0x0\"},{\"@Name\":\"ParentProcessName\",\"#text\":\"C:\\\\Windows\\\\System32\\\\smss.exe\"},{\"@Name\":\"MandatoryLabel\",\"#text\":\"S-1-16-16384\"}]}}","Channel":"Security","Provider":"Microsoft-Windows-Security-Auditing","EventId":4688,"EventRecordId":"4000","ProcessId":4,"ThreadId":32,"Level":"LogAlways","Keywords":"Audit success","SourceFile":"C:\\Users\\yiuwa\\Desktop\\ict2202 assignment 1\\sample\\C\\Windows\\System32\\winevt\\logs\\Security.evtx","ExtraDataOffset":0,"HiddenRecord":false,"TimeCreated":"2021-05-22T20:54:37.3711313+00:00","RecordNumber":4000}
{"PayloadData1":"Parent process: C:\\Windows\\System32\\smss.exe","PayloadData2":"PID: 0x160","PayloadData3":"Mandatory label: SECURITY_MANDATORY_SYSTEM_RID","UserName":"-\\-","ExecutableInfo":"C:\\Windows\\System32\\wininit.exe ","MapDescription":"Process tracking","ChunkNumber":50,"Computer":"MSEDGEWIN10","Payload":"{\"EventData\":{\"Data\":[{\"@Name\":\"SubjectUserSid\",\"#text\":\"S-1-5-18\"},{\"@Name\":\"SubjectUserName\",\"#text\":\"-\"},{\"@Name\":\"SubjectDomainName\",\"#text\":\"-\"},{\"@Name\":\"SubjectLogonId\",\"#text\":\"0x3E7\"},{\"@Name\":\"NewProcessId\",\"#text\":\"0x1D0\"},{\"@Name\":\"NewProcessName\",\"#text\":\"C:\\\\Windows\\\\System32\\\\wininit.exe\"},{\"@Name\":\"TokenElevationType\",\"#text\":\"%%1936\"},{\"@Name\":\"ProcessId\",\"#text\":\"0x160\"},{\"@Name\":\"CommandLine\"},{\"@Name\":\"TargetUserSid\",\"#text\":\"S-1-0-0\"},{\"@Name\":\"TargetUserName\",\"#text\":\"-\"},{\"@Name\":\"TargetDomainName\",\"#text\":\"-\"},{\"@Name\":\"TargetLogonId\",\"#text\":\"0x0\"},{\"@Name\":\"ParentProcessName\",\"#text\":\"C:\\\\Windows\\\\System32\\\\smss.exe\"},{\"@Name\":\"MandatoryLabel\",\"#text\":\"S-1-16-16384\"}]}}","Channel":"Security","Provider":"Microsoft-Windows-Security-Auditing","EventId":4688,"EventRecordId":"4001","ProcessId":4,"ThreadId":32,"Level":"LogAlways","Keywords":"Audit success","SourceFile":"C:\\Users\\yiuwa\\Desktop\\ict2202 assignment 1\\sample\\C\\Windows\\System32\\winevt\\logs\\Security.evtx","ExtraDataOffset":0,"HiddenRecord":false,"TimeCreated":"2021-05-22T20:54:37.3735757+00:00","RecordNumber":4001}
{"PayloadData1":"Parent process: C:\\Windows\\System32\\smss.exe","PayloadData2":"PID: 0x1C8","PayloadData3":"Mandatory label: SECURITY_MANDATORY_SYSTEM_RID","UserName":"-\\-","ExecutableInfo":"C:\\Windows\\System32\\csrss.exe ","MapDescription":"Process tracking","ChunkNumber":50,"Computer":"MSEDGEWIN10","Payload":"{\"EventData\":{\"Data\":[{\"@Name\":\"SubjectUserSid\",\"#text\":\"S-1-5-18\"},{\"@Name\":\"SubjectUserName\",\"#text\":\"-\"},{\"@Name\":\"SubjectDomainName\",\"#text\":\"-\"},{\"@Name\":\"SubjectLogonId\",\"#text\":\"0x3E7\"},{\"@Name\":\"NewProcessId\",\"#text\":\"0x1E0\"},{\"@Name\":\"NewProcessName\",\"#text\":\"C:\\\\Windows\\\\System32\\\\csrss.exe\"},{\"@Name\":\"TokenElevationType\",\"#text\":\"%%1936\"},{\"@Name\":\"ProcessId\",\"#text\":\"0x1C8\"},{\"@Name\":\"CommandLine\"},{\"@Name\":\"TargetUserSid\",\"#text\":\"S-1-0-0\"},{\"@Name\":\"TargetUserName\",\"#text\":\"-\"},{\"@Name\":\"TargetDomainName\",\"#text\":\"-\"},{\"@Name\":\"TargetLogonId\",\"#text\":\"0x0\"},{\"@Name\":\"ParentProcessName\",\"#text\":\"C:\\\\Windows\\\\System32\\\\smss.exe\"},{\"@Name\":\"MandatoryLabel\",\"#text\":\"S-1-16-16384\"}]}}","Channel":"Security","Provider":"Microsoft-Windows-Security-Auditing","EventId":4688,"EventRecordId":"4002","ProcessId":4,"ThreadId":32,"Level":"LogAlways","Keywords":"Audit success","SourceFile":"C:\\Users\\yiuwa\\Desktop\\ict2202 assignment 1\\sample\\C\\Windows\\System32\\winevt\\logs\\Security.evtx","ExtraDataOffset":0,"HiddenRecord":false,"TimeCreated":"2021-05-22T20:54:37.3960413+00:00","RecordNumber":4002}
{"PayloadData1":"Parent process: C:\\Windows\\System32\\smss.exe","PayloadData2":"PID: 0x1C8","PayloadData3":"Mandatory label: SECURITY_MANDATORY_SYSTEM_RID","UserName":"-\\-","ExecutableInfo":"C:\\Windows\\System32\\winlogon.exe ","MapDescription":"Process tracking","ChunkNumber":50,"Computer":"MSEDGEWIN10","Payload":"{\"EventData\":{\"Data\":[{\"@Name\":\"SubjectUserSid\",\"#text\":\"S-1-5-18\"},{\"@Name\":\"SubjectUserName\",\"#text\":\"-\"},{\"@Name\":\"SubjectDomainName\",\"#text\":\"-\"},{\"@Name\":\"SubjectLogonId\",\"#text\":\"0x3E7\"},{\"@Name\":\"NewProcessId\",\"#text\":\"0x220\"},{\"@Name\":\"NewProcessName\",\"#text\":\"C:\\\\Windows\\\\System32\\\\winlogon.exe\"},{\"@Name\":\"TokenElevationType\",\"#text\":\"%%1936\"},{\"@Name\":\"ProcessId\",\"#text\":\"0x1C8\"},{\"@Name\":\"CommandLine\"},{\"@Name\":\"TargetUserSid\",\"#text\":\"S-1-0-0\"},{\"@Name\":\"TargetUserName\",\"#text\":\"-\"},{\"@Name\":\"TargetDomainName\",\"#text\":\"-\"},{\"@Name\":\"TargetLogonId\",\"#text\":\"0x0\"},{\"@Name\":\"ParentProcessName\",\"#text\":\"C:\\\\Windows\\\\System32\\\\smss.exe\"},{\"@Name\":\"MandatoryLabel\",\"#text\":\"S-1-16-16384\"}]}}","Channel":"Security","Provider":"Microsoft-Windows-Security-Auditing","EventId":4688,"EventRecordId":"4003","ProcessId":4,"ThreadId":32,"Level":"LogAlways","Keywords":"Audit success","SourceFile":"C:\\Users\\yiuwa\\Desktop\\ict2202 assignment 1\\sample\\C\\Windows\\System32\\winevt\\logs\\Security.evtx","ExtraDataOffset":0,"HiddenRecord":false,"TimeCreated":"2021-05-22T20:54:37.5108580+00:00","RecordNumber":4003}
{"PayloadData1":"Parent process: C:\\Windows\\System32\\wininit.exe","PayloadData2":"PID: 0x1D0","PayloadData3":"Mandatory label: SECURITY_MANDATORY_SYSTEM_RID","UserName":"-\\-","ExecutableInfo":"C:\\Windows\\System32\\services.exe ","MapDescription":"Process tracking","ChunkNumber":50,"Computer":"MSEDGEWIN10","Payload":"{\"EventData\":{\"Data\":[{\"@Name\":\"SubjectUserSid\",\"#text\":\"S-1-5-18\"},{\"@Name\":\"SubjectUserName\",\"#text\":\"-\"},{\"@Name\":\"SubjectDomainName\",\"#text\":\"-\"},{\"@Name\":\"SubjectLogonId\",\"#text\":\"0x3E7\"},{\"@Name\":\"NewProcessId\",\"#text\":\"0x254\"},{\"@Name\":\"NewProcessName\",\"#text\":\"C:\\\\Windows\\\\System32\\\\services.exe\"},{\"@Name\":\"TokenElevationType\",\"#text\":\"%%1936\"},{\"@Name\":\"ProcessId\",\"#text\":\"0x1D0\"},{\"@Name\":\"CommandLine\"},{\"@Name\":\"TargetUserSid\",\"#text\":\"S-1-0-0\"},{\"@Name\":\"TargetUserName\",\"#text\":\"-\"},{\"@Name\":\"TargetDomainName\",\"#text\":\"-\"},{\"@Name\":\"TargetLogonId\",\"#text\":\"0x0\"},{\"@Name\":\"ParentProcessName\",\"#text\":\"C:\\\\Windows\\\\System32\\\\wininit.exe\"},{\"@Name\":\"MandatoryLabel\",\"#text\":\"S-1-16-16384\"}]}}","Channel":"Security","Provider":"Microsoft-Windows-Security-Auditing","EventId":4688,"EventRecordId":"4004","ProcessId":4,"ThreadId":32,"Level":"LogAlways","Keywords":"Audit success","SourceFile":"C:\\Users\\yiuwa\\Desktop\\ict2202 assignment 1\\sample\\C\\Windows\\System32\\winevt\\logs\\Security.evtx","ExtraDataOffset":0,"HiddenRecord":false,"TimeCreated":"2021-05-22T20:54:37.6792099+00:00","RecordNumber":4004}
{"PayloadData1":"Parent process: C:\\Windows\\System32\\wininit.exe","PayloadData2":"PID: 0x1D0","PayloadData3":"Mandatory label: SECURITY_MANDATORY_SYSTEM_RID","UserName":"-\\-","ExecutableInfo":"C:\\Windows\\System32\\lsass.exe ","MapDescription":"Process tracking","ChunkNumber":50,"Computer":"MSEDGEWIN10","Payload":"{\"EventData\":{\"Data\":[{\"@Name\":\"SubjectUserSid\",\"#text\":\"S-1-5-18\"},{\"@Name\":\"SubjectUserName\",\"#text\":\"-\"},{\"@Name\":\"SubjectDomainName\",\"#text\":\"-\"},{\"@Name\":\"SubjectLogonId\",\"#text\":\"0x3E7\"},{\"@Name\":\"NewProcessId\",\"#text\":\"0x260\"},{\"@Name\":\"NewProcessName\",\"#text\":\"C:\\\\Windows\\\\System32\\\\lsass.exe\"},{\"@Name\":\"TokenElevationType\",\"#text\":\"%%1936\"},{\"@Name\":\"ProcessId\",\"#text\":\"0x1D0\"},{\"@Name\":\"CommandLine\"},{\"@Name\":\"TargetUserSid\",\"#text\":\"S-1-0-0\"},{\"@Name\":\"TargetUserName\",\"#text\":\"-\"},{\"@Name\":\"TargetDomainName\",\"#text\":\"-\"},{\"@Name\":\"TargetLogonId\",\"#text\":\"0x0\"},{\"@Name\":\"ParentProcessName\",\"#text\":\"C:\\\\Windows\\\\System32\\\\wininit.exe\"},{\"@Name\":\"MandatoryLabel\",\"#text\":\"S-1-16-16384\"}]}}","Channel":"Security","Provider":"Microsoft-Windows-Security-Auditing","EventId":4688,"EventRecordId":"4005","ProcessId":4,"ThreadId":32,"Level":"LogAlways","Keywords":"Audit success","SourceFile":"C:\\Users\\yiuwa\\Desktop\\ict2202 assignment 1\\sample\\C\\Windows\\System32\\winevt\\logs\\Security.evtx","ExtraDataOffset":0,"HiddenRecord":false,"TimeCreated":"2021-05-22T20:54:37.7477707+00:00","RecordNumber":4005}
{"PayloadData1":"Parent process: ","PayloadData2":"PID: 0x4","PayloadData3":"Mandatory label: SECURITY_MANDATORY_SYSTEM_RID","UserName":"-\\-","ExecutableInfo":"Registry ","MapDescription":"Process tracking","ChunkNumber":54,"Computer":"MSEDGEWIN10","Payload":"{\"EventData\":{\"Data\":[{\"@Name\":\"SubjectUserSid\",\"#text\":\"S-1-5-18\"},{\"@Name\":\"SubjectUserName\",\"#text\":\"-\"},{\"@Name\":\"SubjectDomainName\",\"#text\":\"-\"},{\"@Name\":\"SubjectLogonId\",\"#text\":\"0x3E7\"},{\"@Name\":\"NewProcessId\",\"#text\":\"0x58\"},{\"@Name\":\"NewProcessName\",\"#text\":\"Registry\"},{\"@Name\":\"TokenElevationType\",\"#text\":\"%%1936\"},{\"@Name\":\"ProcessId\",\"#text\":\"0x4\"},{\"@Name\":\"CommandLine\"},{\"@Name\":\"TargetUserSid\",\"#text\":\"S-1-0-0\"},{\"@Name\":\"TargetUserName\",\"#text\":\"-\"},{\"@Name\":\"TargetDomainName\",\"#text\":\"-\"},{\"@Name\":\"TargetLogonId\",\"#text\":\"0x0\"},{\"@Name\":\"ParentProcessName\"},{\"@Name\":\"MandatoryLabel\",\"#text\":\"S-1-16-16384\"}]}}","Channel":"Security","Provider":"Microsoft-Windows-Security-Auditing","EventId":4688,"EventRecordId":"4337","ProcessId":4,"ThreadId":32,"Level":"LogAlways","Keywords":"Audit success","SourceFile":"C:\\Users\\yiuwa\\Desktop\\ict2202 assignment 1\\sample\\C\\Windows\\System32\\winevt\\logs\\Security.evtx","ExtraDataOffset":0,"HiddenRecord":false,"TimeCreated":"2021-05-22T21:11:57.0240859+00:00","RecordNumber":4337}
{"PayloadData1":"Parent process: ","PayloadData2":"PID: 0x4","PayloadData3":"Mandatory label: SECURITY_MANDATORY_SYSTEM_RID","UserName":"-\\-","ExecutableInfo":"C:\\Windows\\System32\\smss.exe ","MapDescription":"Process tracking","ChunkNumber":54,"Computer":"MSEDGEWIN10","Payload":"{\"EventData\":{\"Data\":[{\"@Name\":\"SubjectUserSid\",\"#text\":\"S-1-5-18\"},{\"@Name\":\"SubjectUserName\",\"#text\":\"-\"},{\"@Name\":\"SubjectDomainName\",\"#text\":\"-\"},{\"@Name\":\"SubjectLogonId\",\"#text\":\"0x3E7\"},{\"@Name\":\"NewProcessId\",\"#text\":\"0x104\"},{\"@Name\":\"NewProcessName\",\"#text\":\"C:\\\\Windows\\\\System32\\\\smss.exe\"},{\"@Name\":\"TokenElevationType\",\"#text\":\"%%1936\"},{\"@Name\":\"ProcessId\",\"#text\":\"0x4\"},{\"@Name\":\"CommandLine\"},{\"@Name\":\"TargetUserSid\",\"#text\":\"S-1-0-0\"},{\"@Name\":\"TargetUserName\",\"#text\":\"-\"},{\"@Name\":\"TargetDomainName\",\"#text\":\"-\"},{\"@Name\":\"TargetLogonId\",\"#text\":\"0x0\"},{\"@Name\":\"ParentProcessName\"},{\"@Name\":\"MandatoryLabel\",\"#text\":\"S-1-16-16384\"}]}}","Channel":"Security","Provider":"Microsoft-Windows-Security-Auditing","EventId":4688,"EventRecordId":"4340","ProcessId":4,"ThreadId":32,"Level":"LogAlways","Keywords":"Audit success","SourceFile":"C:\\Users\\yiuwa\\Desktop\\ict2202 assignment 1\\sample\\C\\Windows\\System32\\winevt\\logs\\Security.evtx","ExtraDataOffset":0,"HiddenRecord":false,"TimeCreated":"2021-05-22T21:11:57.0351207+00:00","RecordNumber":4340}
{"PayloadData1":"Parent process: C:\\Windows\\System32\\smss.exe","PayloadData2":"PID: 0x104","PayloadData3":"Mandatory label: SECURITY_MANDATORY_SYSTEM_RID","UserName":"-\\-","ExecutableInfo":"C:\\Windows\\System32\\autochk.exe ","MapDescription":"Process tracking","ChunkNumber":54,"Computer":"MSEDGEWIN10","Payload":"{\"EventData\":{\"Data\":[{\"@Name\":\"SubjectUserSid\",\"#text\":\"S-1-5-18\"},{\"@Name\":\"SubjectUserName\",\"#text\":\"-\"},{\"@Name\":\"SubjectDomainName\",\"#text\":\"-\"},{\"@Name\":\"SubjectLogonId\",\"#text\":\"0x3E7\"},{\"@Name\":\"NewProcessId\",\"#text\":\"0x124\"},{\"@Name\":\"NewProcessName\",\"#text\":\"C:\\\\Windows\\\\System32\\\\autochk.exe\"},{\"@Name\":\"TokenElevationType\",\"#text\":\"%%1936\"},{\"@Name\":\"ProcessId\",\"#text\":\"0x104\"},{\"@Name\":\"CommandLine\"},{\"@Name\":\"TargetUserSid\",\"#text\":\"S-1-0-0\"},{\"@Name\":\"TargetUserName\",\"#text\":\"-\"},{\"@Name\":\"TargetDomainName\",\"#text\":\"-\"},{\"@Name\":\"TargetLogonId\",\"#text\":\"0x0\"},{\"@Name\":\"ParentProcessName\",\"#text\":\"C:\\\\Windows\\\\System32\\\\smss.exe\"},{\"@Name\":\"MandatoryLabel\",\"#text\":\"S-1-16-16384\"}]}}","Channel":"Security","Provider":"Microsoft-Windows-Security-Auditing","EventId":4688,"EventRecordId":"4341","ProcessId":4,"ThreadId":220,"Level":"LogAlways","Keywords":"Audit success","SourceFile":"C:\\Users\\yiuwa\\Desktop\\ict2202 assignment 1\\sample\\C\\Windows\\System32\\winevt\\logs\\Security.evtx","ExtraDataOffset":0,"HiddenRecord":false,"TimeCreated":"2021-05-22T21:11:57.5473680+00:00","RecordNumber":4341}
{"PayloadData1":"Parent process: C:\\Windows\\System32\\smss.exe","PayloadData2":"PID: 0x104","PayloadData3":"Mandatory label: SECURITY_MANDATORY_SYSTEM_RID","UserName":"-\\-","ExecutableInfo":"C:\\Windows\\System32\\smss.exe ","MapDescription":"Process tracking","ChunkNumber":54,"Computer":"MSEDGEWIN10","Payload":"{\"EventData\":{\"Data\":[{\"@Name\":\"SubjectUserSid\",\"#text\":\"S-1-5-18\"},{\"@Name\":\"SubjectUserName\",\"#text\":\"-\"},{\"@Name\":\"SubjectDomainName\",\"#text\":\"-\"},{\"@Name\":\"SubjectLogonId\",\"#text\":\"0x3E7\"},{\"@Name\":\"NewProcessId\",\"#text\":\"0x158\"},{\"@Name\":\"NewProcessName\",\"#text\":\"C:\\\\Windows\\\\System32\\\\smss.exe\"},{\"@Name\":\"TokenElevationType\",\"#text\":\"%%1936\"},{\"@Name\":\"ProcessId\",\"#text\":\"0x104\"},{\"@Name\":\"CommandLine\"},{\"@Name\":\"TargetUserSid\",\"#text\":\"S-1-0-0\"},{\"@Name\":\"TargetUserName\",\"#text\":\"-\"},{\"@Name\":\"TargetDomainName\",\"#text\":\"-\"},{\"@Name\":\"TargetLogonId\",\"#text\":\"0x0\"},{\"@Name\":\"ParentProcessName\",\"#text\":\"C:\\\\Windows\\\\System32\\\\smss.exe\"},{\"@Name\":\"MandatoryLabel\",\"#text\":\"S-1-16-16384\"}]}}","Channel":"Security","Provider":"Microsoft-Windows-Security-Auditing","EventId":4688,"EventRecordId":"4342","ProcessId":4,"ThreadId":96,"Level":"LogAlways","Keywords":"Audit success","SourceFile":"C:\\Users\\yiuwa\\Desktop\\ict2202 assignment 1\\sample\\C\\Windows\\System32\\winevt\\logs\\Security.evtx","ExtraDataOffset":0,"HiddenRecord":false,"TimeCreated":"2021-05-22T21:11:58.4489508+00:00","RecordNumber":4342}
{"PayloadData1":"Parent process: C:\\Windows\\System32\\smss.exe","PayloadData2":"PID: 0x158","PayloadData3":"Mandatory label: SECURITY_MANDATORY_SYSTEM_RID","UserName":"-\\-","ExecutableInfo":"C:\\Windows\\System32\\csrss.exe ","MapDescription":"Process tracking","ChunkNumber":54,"Computer":"MSEDGEWIN10","Payload":"{\"EventData\":{\"Data\":[{\"@Name\":\"SubjectUserSid\",\"#text\":\"S-1-5-18\"},{\"@Name\":\"SubjectUserName\",\"#text\":\"-\"},{\"@Name\":\"SubjectDomainName\",\"#text\":\"-\"},{\"@Name\":\"SubjectLogonId\",\"#text\":\"0x3E7\"},{\"@Name\":\"NewProcessId\",\"#text\":\"0x168\"},{\"@Name\":\"NewProcessName\",\"#text\":\"C:\\\\Windows\\\\System32\\\\csrss.exe\"},{\"@Name\":\"TokenElevationType\",\"#text\":\"%%1936\"},{\"@Name\":\"ProcessId\",\"#text\":\"0x158\"},{\"@Name\":\"CommandLine\"},{\"@Name\":\"TargetUserSid\",\"#text\":\"S-1-0-0\"},{\"@Name\":\"TargetUserName\",\"#text\":\"-\"},{\"@Name\":\"TargetDomainName\",\"#text\":\"-\"},{\"@Name\":\"TargetLogonId\",\"#text\":\"0x0\"},{\"@Name\":\"ParentProcessName\",\"#text\":\"C:\\\\Windows\\\\System32\\\\smss.exe\"},{\"@Name\":\"MandatoryLabel\",\"#text\":\"S-1-16-16384\"}]}}","Channel":"Security","Provider":"Microsoft-Windows-Security-Auditing","EventId":4688,"EventRecordId":"4343","ProcessId":4,"ThreadId":152,"Level":"LogAlways","Keywords":"Audit success","SourceFile":"C:\\Users\\yiuwa\\Desktop\\ict2202 assignment 1\\sample\\C\\Windows\\System32\\winevt\\logs\\Security.evtx","ExtraDataOffset":0,"HiddenRecord":false,"TimeCreated":"2021-05-22T21:11:58.5729161+00:00","RecordNumber":4343}
{"PayloadData1":"Parent process: C:\\Windows\\System32\\smss.exe","PayloadData2":"PID: 0x104","PayloadData3":"Mandatory label: SECURITY_MANDATORY_SYSTEM_RID","UserName":"-\\-","ExecutableInfo":"C:\\Windows\\System32\\smss.exe ","MapDescription":"Process tracking","ChunkNumber":54,"Computer":"MSEDGEWIN10","Payload":"{\"EventData\":{\"Data\":[{\"@Name\":\"SubjectUserSid\",\"#text\":\"S-1-5-18\"},{\"@Name\":\"SubjectUserName\",\"#text\":\"-\"},{\"@Name\":\"SubjectDomainName\",\"#text\":\"-\"},{\"@Name\":\"SubjectLogonId\",\"#text\":\"0x3E7\"},{\"@Name\":\"NewProcessId\",\"#text\":\"0x1C8\"},{\"@Name\":\"NewProcessName\",\"#text\":\"C:\\\\Windows\\\\System32\\\\smss.exe\"},{\"@Name\":\"TokenElevationType\",\"#text\":\"%%1936\"},{\"@Name\":\"ProcessId\",\"#text\":\"0x104\"},{\"@Name\":\"CommandLine\"},{\"@Name\":\"TargetUserSid\",\"#text\":\"S-1-0-0\"},{\"@Name\":\"TargetUserName\",\"#text\":\"-\"},{\"@Name\":\"TargetDomainName\",\"#text\":\"-\"},{\"@Name\":\"TargetLogonId\",\"#text\":\"0x0\"},{\"@Name\":\"ParentProcessName\",\"#text\":\"C:\\\\Windows\\\\System32\\\\smss.exe\"},{\"@Name\":\"MandatoryLabel\",\"#text\":\"S-1-16-16384\"}]}}","Channel":"Security","Provider":"Microsoft-Windows-Security-Auditing","EventId":4688,"EventRecordId":"4344","ProcessId":4,"ThreadId":220,"Level":"LogAlways","Keywords":"Audit success","SourceFile":"C:\\Users\\yiuwa\\Desktop\\ict2202 assignment 1\\sample\\C\\Windows\\System32\\winevt\\logs\\Security.evtx","ExtraDataOffset":0,"HiddenRecord":false,"TimeCreated":"2021-05-22T21:11:58.8668484+00:00","RecordNumber":4344}
{"PayloadData1":"Parent process: C:\\Windows\\System32\\smss.exe","PayloadData2":"PID: 0x158","PayloadData3":"Mandatory label: SECURITY_MANDATORY_SYSTEM_RID","UserName":"-\\-","ExecutableInfo":"C:\\Windows\\System32\\wininit.exe ","MapDescription":"Process tracking","ChunkNumber":54,"Computer":"MSEDGEWIN10","Payload":"{\"EventData\":{\"Data\":[{\"@Name\":\"SubjectUserSid\",\"#text\":\"S-1-5-18\"},{\"@Name\":\"SubjectUserName\",\"#text\":\"-\"},{\"@Name\":\"SubjectDomainName\",\"#text\":\"-\"},{\"@Name\":\"SubjectLogonId\",\"#text\":\"0x3E7\"},{\"@Name\":\"NewProcessId\",\"#text\":\"0x1D0\"},{\"@Name\":\"NewProcessName\",\"#text\":\"C:\\\\Windows\\\\System32\\\\wininit.exe\"},{\"@Name\":\"TokenElevationType\",\"#text\":\"%%1936\"},{\"@Name\":\"ProcessId\",\"#text\":\"0x158\"},{\"@Name\":\"CommandLine\"},{\"@Name\":\"TargetUserSid\",\"#text\":\"S-1-0-0\"},{\"@Name\":\"TargetUserName\",\"#text\":\"-\"},{\"@Name\":\"TargetDomainName\",\"#text\":\"-\"},{\"@Name\":\"TargetLogonId\",\"#text\":\"0x0\"},{\"@Name\":\"ParentProcessName\",\"#text\":\"C:\\\\Windows\\\\System32\\\\smss.exe\"},{\"@Name\":\"MandatoryLabel\",\"#text\":\"S-1-16-16384\"}]}}","Channel":"Security","Provider":"Microsoft-Windows-Security-Auditing","EventId":4688,"EventRecordId":"4345","ProcessId":4,"ThreadId":220,"Level":"LogAlways","Keywords":"Audit success","SourceFile":"C:\\Users\\yiuwa\\Desktop\\ict2202 assignment 1\\sample\\C\\Windows\\System32\\winevt\\logs\\Security.evtx","ExtraDataOffset":0,"HiddenRecord":false,"TimeCreated":"2021-05-22T21:11:58.8824012+00:00","RecordNumber":4345}
{"PayloadData1":"Parent process: C:\\Windows\\System32\\smss.exe","PayloadData2":"PID: 0x1C8","PayloadData3":"Mandatory label: SECURITY_MANDATORY_SYSTEM_RID","UserName":"-\\-","ExecutableInfo":"C:\\Windows\\System32\\csrss.exe ","MapDescription":"Process tracking","ChunkNumber":54,"Computer":"MSEDGEWIN10","Payload":"{\"EventData\":{\"Data\":[{\"@Name\":\"SubjectUserSid\",\"#text\":\"S-1-5-18\"},{\"@Name\":\"SubjectUserName\",\"#text\":\"-\"},{\"@Name\":\"SubjectDomainName\",\"#text\":\"-\"},{\"@Name\":\"SubjectLogonId\",\"#text\":\"0x3E7\"},{\"@Name\":\"NewProcessId\",\"#text\":\"0x1D8\"},{\"@Name\":\"NewProcessName\",\"#text\":\"C:\\\\Windows\\\\System32\\\\csrss.exe\"},{\"@Name\":\"TokenElevationType\",\"#text\":\"%%1936\"},{\"@Name\":\"ProcessId\",\"#text\":\"0x1C8\"},{\"@Name\":\"CommandLine\"},{\"@Name\":\"TargetUserSid\",\"#text\":\"S-1-0-0\"},{\"@Name\":\"TargetUserName\",\"#text\":\"-\"},{\"@Name\":\"TargetDomainName\",\"#text\":\"-\"},{\"@Name\":\"TargetLogonId\",\"#text\":\"0x0\"},{\"@Name\":\"ParentProcessName\",\"#text\":\"C:\\\\Windows\\\\System32\\\\smss.exe\"},{\"@Name\":\"MandatoryLabel\",\"#text\":\"S-1-16-16384\"}]}}","Channel":"Security","Provider":"Microsoft-Windows-Security-Auditing","EventId":4688,"EventRecordId":"4346","ProcessId":4,"ThreadId":220,"Level":"LogAlways","Keywords":"Audit success","SourceFile":"C:\\Users\\yiuwa\\Desktop\\ict2202 assignment 1\\sample\\C\\Windows\\System32\\winevt\\logs\\Security.evtx","ExtraDataOffset":0,"HiddenRecord":false,"TimeCreated":"2021-05-22T21:11:58.8824039+00:00","RecordNumber":4346}
{"PayloadData1":"Parent process: C:\\Windows\\System32\\smss.exe","PayloadData2":"PID: 0x1C8","PayloadData3":"Mandatory label: SECURITY_MANDATORY_SYSTEM_RID","UserName":"-\\-","ExecutableInfo":"C:\\Windows\\System32\\winlogon.exe ","MapDescription":"Process tracking","ChunkNumber":54,"Computer":"MSEDGEWIN10","Payload":"{\"EventData\":{\"Data\":[{\"@Name\":\"SubjectUserSid\",\"#text\":\"S-1-5-18\"},{\"@Name\":\"SubjectUserName\",\"#text\":\"-\"},{\"@Name\":\"SubjectDomainName\",\"#text\":\"-\"},{\"@Name\":\"SubjectLogonId\",\"#text\":\"0x3E7\"},{\"@Name\":\"NewProcessId\",\"#text\":\"0x230\"},{\"@Name\":\"NewProcessName\",\"#text\":\"C:\\\\Windows\\\\System32\\\\winlogon.exe\"},{\"@Name\":\"TokenElevationType\",\"#text\":\"%%1936\"},{\"@Name\":\"ProcessId\",\"#text\":\"0x1C8\"},{\"@Name\":\"CommandLine\"},{\"@Name\":\"TargetUserSid\",\"#text\":\"S-1-0-0\"},{\"@Name\":\"TargetUserName\",\"#text\":\"-\"},{\"@Name\":\"TargetDomainName\",\"#text\":\"-\"},{\"@Name\":\"TargetLogonId\",\"#text\":\"0x0\"},{\"@Name\":\"ParentProcessName\",\"#text\":\"C:\\\\Windows\\\\System32\\\\smss.exe\"},{\"@Name\":\"MandatoryLabel\",\"#text\":\"S-1-16-16384\"}]}}","Channel":"Security","Provider":"Microsoft-Windows-Security-Auditing","EventId":4688,"EventRecordId":"4347","ProcessId":4,"ThreadId":220,"Level":"LogAlways","Keywords":"Audit success","SourceFile":"C:\\Users\\yiuwa\\Desktop\\ict2202 assignment 1\\sample\\C\\Windows\\System32\\winevt\\logs\\Security.evtx","ExtraDataOffset":0,"HiddenRecord":false,"TimeCreated":"2021-05-22T21:11:58.9948736+00:00","RecordNumber":4347}
{"PayloadData1":"Parent process: C:\\Windows\\System32\\wininit.exe","PayloadData2":"PID: 0x1D0","PayloadData3":"Mandatory label: SECURITY_MANDATORY_SYSTEM_RID","UserName":"-\\-","ExecutableInfo":"C:\\Windows\\System32\\services.exe ","MapDescription":"Process tracking","ChunkNumber":54,"Computer":"MSEDGEWIN10","Payload":"{\"EventData\":{\"Data\":[{\"@Name\":\"SubjectUserSid\",\"#text\":\"S-1-5-18\"},{\"@Name\":\"SubjectUserName\",\"#text\":\"-\"},{\"@Name\":\"SubjectDomainName\",\"#text\":\"-\"},{\"@Name\":\"SubjectLogonId\",\"#text\":\"0x3E7\"},{\"@Name\":\"NewProcessId\",\"#text\":\"0x258\"},{\"@Name\":\"NewProcessName\",\"#text\":\"C:\\\\Windows\\\\System32\\\\services.exe\"},{\"@Name\":\"TokenElevationType\",\"#text\":\"%%1936\"},{\"@Name\":\"ProcessId\",\"#text\":\"0x1D0\"},{\"@Name\":\"CommandLine\"},{\"@Name\":\"TargetUserSid\",\"#text\":\"S-1-0-0\"},{\"@Name\":\"TargetUserName\",\"#text\":\"-\"},{\"@Name\":\"TargetDomainName\",\"#text\":\"-\"},{\"@Name\":\"TargetLogonId\",\"#text\":\"0x0\"},{\"@Name\":\"ParentProcessName\",\"#text\":\"C:\\\\Windows\\\\System32\\\\wininit.exe\"},{\"@Name\":\"MandatoryLabel\",\"#text\":\"S-1-16-16384\"}]}}","Channel":"Security","Provider":"Microsoft-Windows-Security-Auditing","EventId":4688,"EventRecordId":"4348","ProcessId":4,"ThreadId":220,"Level":"LogAlways","Keywords":"Audit success","SourceFile":"C:\\Users\\yiuwa\\Desktop\\ict2202 assignment 1\\sample\\C\\Windows\\System32\\winevt\\logs\\Security.evtx","ExtraDataOffset":0,"HiddenRecord":false,"TimeCreated":"2021-05-22T21:11:59.0999119+00:00","RecordNumber":4348}
{"PayloadData1":"Parent process: C:\\Windows\\System32\\wininit.exe","PayloadData2":"PID: 0x1D0","PayloadData3":"Mandatory label: SECURITY_MANDATORY_SYSTEM_RID","UserName":"-\\-","ExecutableInfo":"C:\\Windows\\System32\\lsass.exe ","MapDescription":"Process tracking","ChunkNumber":54,"Computer":"MSEDGEWIN10","Payload":"{\"EventData\":{\"Data\":[{\"@Name\":\"SubjectUserSid\",\"#text\":\"S-1-5-18\"},{\"@Name\":\"SubjectUserName\",\"#text\":\"-\"},{\"@Name\":\"SubjectDomainName\",\"#text\":\"-\"},{\"@Name\":\"SubjectLogonId\",\"#text\":\"0x3E7\"},{\"@Name\":\"NewProcessId\",\"#text\":\"0x268\"},{\"@Name\":\"NewProcessName\",\"#text\":\"C:\\\\Windows\\\\System32\\\\lsass.exe\"},{\"@Name\":\"TokenElevationType\",\"#text\":\"%%1936\"},{\"@Name\":\"ProcessId\",\"#text\":\"0x1D0\"},{\"@Name\":\"CommandLine\"},{\"@Name\":\"TargetUserSid\",\"#text\":\"S-1-0-0\"},{\"@Name\":\"TargetUserName\",\"#text\":\"-\"},{\"@Name\":\"TargetDomainName\",\"#text\":\"-\"},{\"@Name\":\"TargetLogonId\",\"#text\":\"0x0\"},{\"@Name\":\"ParentProcessName\",\"#text\":\"C:\\\\Windows\\\\System32\\\\wininit.exe\"},{\"@Name\":\"MandatoryLabel\",\"#text\":\"S-1-16-16384\"}]}}","Channel":"Security","Provider":"Microsoft-Windows-Security-Auditing","EventId":4688,"EventRecordId":"4349","ProcessId":4,"ThreadId":220,"Level":"LogAlways","Keywords":"Audit success","SourceFile":"C:\\Users\\yiuwa\\Desktop\\ict2202 assignment 1\\sample\\C\\Windows\\System32\\winevt\\logs\\Security.evtx","ExtraDataOffset":0,"HiddenRecord":false,"TimeCreated":"2021-05-22T21:11:59.1494667+00:00","RecordNumber":4349}
{"PayloadData1":"Parent process: ","PayloadData2":"PID: 0x4","PayloadData3":"Mandatory label: SECURITY_MANDATORY_SYSTEM_RID","UserName":"-\\-","ExecutableInfo":"Registry ","MapDescription":"Process tracking","ChunkNumber":70,"Computer":"MSEDGEWIN10","Payload":"{\"EventData\":{\"Data\":[{\"@Name\":\"SubjectUserSid\",\"#text\":\"S-1-5-18\"},{\"@Name\":\"SubjectUserName\",\"#text\":\"-\"},{\"@Name\":\"SubjectDomainName\",\"#text\":\"-\"},{\"@Name\":\"SubjectLogonId\",\"#text\":\"0x3E7\"},{\"@Name\":\"NewProcessId\",\"#text\":\"0x58\"},{\"@Name\":\"NewProcessName\",\"#text\":\"Registry\"},{\"@Name\":\"TokenElevationType\",\"#text\":\"%%1936\"},{\"@Name\":\"ProcessId\",\"#text\":\"0x4\"},{\"@Name\":\"CommandLine\"},{\"@Name\":\"TargetUserSid\",\"#text\":\"S-1-0-0\"},{\"@Name\":\"TargetUserName\",\"#text\":\"-\"},{\"@Name\":\"TargetDomainName\",\"#text\":\"-\"},{\"@Name\":\"TargetLogonId\",\"#text\":\"0x0\"},{\"@Name\":\"ParentProcessName\"},{\"@Name\":\"MandatoryLabel\",\"#text\":\"S-1-16-16384\"}]}}","Channel":"Security","Provider":"Microsoft-Windows-Security-Auditing","EventId":4688,"EventRecordId":"5526","ProcessId":4,"ThreadId":32,"Level":"LogAlways","Keywords":"Audit success","SourceFile":"C:\\Users\\yiuwa\\Desktop\\ict2202 assignment 1\\sample\\C\\Windows\\System32\\winevt\\logs\\Security.evtx","ExtraDataOffset":0,"HiddenRecord":false,"TimeCreated":"2021-05-22T21:16:23.0838648+00:00","RecordNumber":5526}
{"PayloadData1":"Parent process: ","PayloadData2":"PID: 0x4","PayloadData3":"Mandatory label: SECURITY_MANDATORY_SYSTEM_RID","UserName":"-\\-","ExecutableInfo":"C:\\Windows\\System32\\smss.exe ","MapDescription":"Process tracking","ChunkNumber":70,"Computer":"MSEDGEWIN10","Payload":"{\"EventData\":{\"Data\":[{\"@Name\":\"SubjectUserSid\",\"#text\":\"S-1-5-18\"},{\"@Name\":\"SubjectUserName\",\"#text\":\"-\"},{\"@Name\":\"SubjectDomainName\",\"#text\":\"-\"},{\"@Name\":\"SubjectLogonId\",\"#text\":\"0x3E7\"},{\"@Name\":\"NewProcessId\",\"#text\":\"0x104\"},{\"@Name\":\"NewProcessName\",\"#text\":\"C:\\\\Windows\\\\System32\\\\smss.exe\"},{\"@Name\":\"TokenElevationType\",\"#text\":\"%%1936\"},{\"@Name\":\"ProcessId\",\"#text\":\"0x4\"},{\"@Name\":\"CommandLine\"},{\"@Name\":\"TargetUserSid\",\"#text\":\"S-1-0-0\"},{\"@Name\":\"TargetUserName\",\"#text\":\"-\"},{\"@Name\":\"TargetDomainName\",\"#text\":\"-\"},{\"@Name\":\"TargetLogonId\",\"#text\":\"0x0\"},{\"@Name\":\"ParentProcessName\"},{\"@Name\":\"MandatoryLabel\",\"#text\":\"S-1-16-16384\"}]}}","Channel":"Security","Provider":"Microsoft-Windows-Security-Auditing","EventId":4688,"EventRecordId":"5529","ProcessId":4,"ThreadId":32,"Level":"LogAlways","Keywords":"Audit success","SourceFile":"C:\\Users\\yiuwa\\Desktop\\ict2202 assignment 1\\sample\\C\\Windows\\System32\\winevt\\logs\\Security.evtx","ExtraDataOffset":0,"HiddenRecord":false,"TimeCreated":"2021-05-22T21:16:23.0935170+00:00","RecordNumber":5529}
{"PayloadData1":"Parent process: C:\\Windows\\System32\\smss.exe","PayloadData2":"PID: 0x104","PayloadData3":"Mandatory label: SECURITY_MANDATORY_SYSTEM_RID","UserName":"-\\-","ExecutableInfo":"C:\\Windows\\System32\\autochk.exe ","MapDescription":"Process tracking","ChunkNumber":70,"Computer":"MSEDGEWIN10","Payload":"{\"EventData\":{\"Data\":[{\"@Name\":\"SubjectUserSid\",\"#text\":\"S-1-5-18\"},{\"@Name\":\"SubjectUserName\",\"#text\":\"-\"},{\"@Name\":\"SubjectDomainName\",\"#text\":\"-\"},{\"@Name\":\"SubjectLogonId\",\"#text\":\"0x3E7\"},{\"@Name\":\"NewProcessId\",\"#text\":\"0x124\"},{\"@Name\":\"NewProcessName\",\"#text\":\"C:\\\\Windows\\\\System32\\\\autochk.exe\"},{\"@Name\":\"TokenElevationType\",\"#text\":\"%%1936\"},{\"@Name\":\"ProcessId\",\"#text\":\"0x104\"},{\"@Name\":\"CommandLine\"},{\"@Name\":\"TargetUserSid\",\"#text\":\"S-1-0-0\"},{\"@Name\":\"TargetUserName\",\"#text\":\"-\"},{\"@Name\":\"TargetDomainName\",\"#text\":\"-\"},{\"@Name\":\"TargetLogonId\",\"#text\":\"0x0\"},{\"@Name\":\"ParentProcessName\",\"#text\":\"C:\\\\Windows\\\\System32\\\\smss.exe\"},{\"@Name\":\"MandatoryLabel\",\"#text\":\"S-1-16-16384\"}]}}","Channel":"Security","Provider":"Microsoft-Windows-Security-Auditing","EventId":4688,"EventRecordId":"5530","ProcessId":4,"ThreadId":152,"Level":"LogAlways","Keywords":"Audit success","SourceFile":"C:\\Users\\yiuwa\\Desktop\\ict2202 assignment 1\\sample\\C\\Windows\\System32\\winevt\\logs\\Security.evtx","ExtraDataOffset":0,"HiddenRecord":false,"TimeCreated":"2021-05-22T21:16:23.6405118+00:00","RecordNumber":5530}
{"PayloadData1":"Parent process: C:\\Windows\\System32\\smss.exe","PayloadData2":"PID: 0x104","PayloadData3":"Mandatory label: SECURITY_MANDATORY_SYSTEM_RID","UserName":"-\\-","ExecutableInfo":"C:\\Windows\\System32\\smss.exe ","MapDescription":"Process tracking","ChunkNumber":70,"Computer":"MSEDGEWIN10","Payload":"{\"EventData\":{\"Data\":[{\"@Name\":\"SubjectUserSid\",\"#text\":\"S-1-5-18\"},{\"@Name\":\"SubjectUserName\",\"#text\":\"-\"},{\"@Name\":\"SubjectDomainName\",\"#text\":\"-\"},{\"@Name\":\"SubjectLogonId\",\"#text\":\"0x3E7\"},{\"@Name\":\"NewProcessId\",\"#text\":\"0x15C\"},{\"@Name\":\"NewProcessName\",\"#text\":\"C:\\\\Windows\\\\System32\\\\smss.exe\"},{\"@Name\":\"TokenElevationType\",\"#text\":\"%%1936\"},{\"@Name\":\"ProcessId\",\"#text\":\"0x104\"},{\"@Name\":\"CommandLine\"},{\"@Name\":\"TargetUserSid\",\"#text\":\"S-1-0-0\"},{\"@Name\":\"TargetUserName\",\"#text\":\"-\"},{\"@Name\":\"TargetDomainName\",\"#text\":\"-\"},{\"@Name\":\"TargetLogonId\",\"#text\":\"0x0\"},{\"@Name\":\"ParentProcessName\",\"#text\":\"C:\\\\Windows\\\\System32\\\\smss.exe\"},{\"@Name\":\"MandatoryLabel\",\"#text\":\"S-1-16-16384\"}]}}","Channel":"Security","Provider":"Microsoft-Windows-Security-Auditing","EventId":4688,"EventRecordId":"5531","ProcessId":4,"ThreadId":152,"Level":"LogAlways","Keywords":"Audit success","SourceFile":"C:\\Users\\yiuwa\\Desktop\\ict2202 assignment 1\\sample\\C\\Windows\\System32\\winevt\\logs\\Security.evtx","ExtraDataOffset":0,"HiddenRecord":false,"TimeCreated":"2021-05-22T21:16:24.5173406+00:00","RecordNumber":5531}
{"PayloadData1":"Parent process: C:\\Windows\\System32\\smss.exe","PayloadData2":"PID: 0x15C","PayloadData3":"Mandatory label: SECURITY_MANDATORY_SYSTEM_RID","UserName":"-\\-","ExecutableInfo":"C:\\Windows\\System32\\csrss.exe ","MapDescription":"Process tracking","ChunkNumber":70,"Computer":"MSEDGEWIN10","Payload":"{\"EventData\":{\"Data\":[{\"@Name\":\"SubjectUserSid\",\"#text\":\"S-1-5-18\"},{\"@Name\":\"SubjectUserName\",\"#text\":\"-\"},{\"@Name\":\"SubjectDomainName\",\"#text\":\"-\"},{\"@Name\":\"SubjectLogonId\",\"#text\":\"0x3E7\"},{\"@Name\":\"NewProcessId\",\"#text\":\"0x168\"},{\"@Name\":\"NewProcessName\",\"#text\":\"C:\\\\Windows\\\\System32\\\\csrss.exe\"},{\"@Name\":\"TokenElevationType\",\"#text\":\"%%1936\"},{\"@Name\":\"ProcessId\",\"#text\":\"0x15C\"},{\"@Name\":\"CommandLine\"},{\"@Name\":\"TargetUserSid\",\"#text\":\"S-1-0-0\"},{\"@Name\":\"TargetUserName\",\"#text\":\"-\"},{\"@Name\":\"TargetDomainName\",\"#text\":\"-\"},{\"@Name\":\"TargetLogonId\",\"#text\":\"0x0\"},{\"@Name\":\"ParentProcessName\",\"#text\":\"C:\\\\Windows\\\\System32\\\\smss.exe\"},{\"@Name\":\"MandatoryLabel\",\"#text\":\"S-1-16-16384\"}]}}","Channel":"Security","Provider":"Microsoft-Windows-Security-Auditing","EventId":4688,"EventRecordId":"5532","ProcessId":4,"ThreadId":240,"Level":"LogAlways","Keywords":"Audit success","SourceFile":"C:\\Users\\yiuwa\\Desktop\\ict2202 assignment 1\\sample\\C\\Windows\\System32\\winevt\\logs\\Security.evtx","ExtraDataOffset":0,"HiddenRecord":false,"TimeCreated":"2021-05-22T21:16:24.8107915+00:00","RecordNumber":5532}
